{"meta": {"format": 3, "version": "7.16.0", "timestamp": "2026-09-02T15:29:18.792037", "branch_coverage": false, "show_contexts": false}, "files": {"api/__init__.py": {"executed_lines": [], "summary": {"covered_lines": 0, "num_statements": 0, "percent_covered": 100.0, "percent_covered_display": "100", "missing_lines": 0, "excluded_lines": 0, "percent_statements_covered": 100.0, "percent_statements_covered_display": "100"}, "missing_lines": [], "excluded_lines": [], "functions": {"": {"executed_lines": [], "summary": {"covered_lines": 0, "num_statements": 0, "percent_covered": 100.0, "percent_covered_display": "100", "missing_lines": 0, "excluded_lines": 0, "percent_statements_covered": 100.0, "percent_statements_covered_display": "100"}, "missing_lines": [], "excluded_lines": [], "start_line": 1}}, "classes": {"": {"executed_lines": [], "summary": {"covered_lines": 0, "num_statements": 0, "percent_covered": 100.0, "percent_covered_display": "100", "missing_lines": 0, "excluded_lines": 0, "percent_statements_covered": 100.0, "percent_statements_covered_display": "100"}, "missing_lines": [], "excluded_lines": [], "start_line": 1}}}, "api/petstore_api.py": {"executed_lines": [6, 7, 8, 9, 10, 11, 12, 13, 15, 24, 31, 38, 39, 40, 41, 47, 48, 49, 56, 57, 58, 59, 61, 62, 63, 64, 67, 68, 69, 70, 71, 72, 73, 75, 76, 77, 79, 80, 81, 82, 83, 84, 85, 87, 88, 89, 91, 92, 93, 94, 95, 97, 98, 99, 100, 102, 103, 104, 105, 108, 109, 112, 113, 118, 119, 120, 126, 129, 130, 132, 139, 140, 147, 148, 149, 150, 151, 152, 154, 156, 158, 159, 160, 162, 164, 166, 167, 173, 174, 176, 178, 180, 181, 182, 183, 184, 186, 187, 188, 190, 192, 194, 195, 196, 197, 200, 202, 204, 205, 206, 207, 209, 210, 218, 219, 220, 222, 224, 226, 227, 228, 230, 231, 236, 237, 239, 242, 243, 245, 255], "summary": {"covered_lines": 130, "num_statements": 135, "percent_covered": 96.29629629629629, "percent_covered_display": "96", "missing_lines": 5, "excluded_lines": 0, "percent_statements_covered": 96.29629629629629, "percent_statements_covered_display": "96"}, "missing_lines": [185, 208, 238, 256, 257], "excluded_lines": [], "functions": {"_error_body": {"executed_lines": [31], "summary": {"covered_lines": 1, "num_statements": 1, "percent_covered": 100.0, "percent_covered_display": "100", "missing_lines": 0, "excluded_lines": 0, "percent_statements_covered": 100.0, "percent_statements_covered_display": "100"}, "missing_lines": [], "excluded_lines": [], "start_line": 24}, "http_exception_handler": {"executed_lines": [40, 41], "summary": {"covered_lines": 2, "num_statements": 2, "percent_covered": 100.0, "percent_covered_display": "100", "missing_lines": 0, "excluded_lines": 0, "percent_statements_covered": 100.0, "percent_statements_covered_display": "100"}, "missing_lines": [], "excluded_lines": [], "start_line": 39}, "validation_exception_handler": {"executed_lines": [49], "summary": {"covered_lines": 1, "num_statements": 1, "percent_covered": 100.0, "percent_covered_display": "100", "missing_lines": 0, "excluded_lines": 0, "percent_statements_covered": 100.0, "percent_statements_covered_display": "100"}, "missing_lines": [], "excluded_lines": [], "start_line": 48}, "seed_data": {"executed_lines": [113, 118, 119, 120], "summary": {"covered_lines": 4, "num_statements": 4, "percent_covered": 100.0, "percent_covered_display": "100", "missing_lines": 0, "excluded_lines": 0, "percent_statements_covered": 100.0, "percent_statements_covered_display": "100"}, "missing_lines": [], "excluded_lines": [], "start_line": 112}, "health_check": {"executed_lines": [132], "summary": {"covered_lines": 1, "num_statements": 1, "percent_covered": 100.0, "percent_covered_display": "100", "missing_lines": 0, "excluded_lines": 0, "percent_statements_covered": 100.0, "percent_statements_covered_display": "100"}, "missing_lines": [], "excluded_lines": [], "start_line": 130}, "list_pets": {"executed_lines": [147, 148, 149, 150, 151, 152], "summary": {"covered_lines": 6, "num_statements": 6, "percent_covered": 100.0, "percent_covered_display": "100", "missing_lines": 0, "excluded_lines": 0, "percent_statements_covered": 100.0, "percent_statements_covered_display": "100"}, "missing_lines": [], "excluded_lines": [], "start_line": 140}, "get_pet": {"executed_lines": [158, 159, 160], "summary": {"covered_lines": 3, "num_statements": 3, "percent_covered": 100.0, "percent_covered_display": "100", "missing_lines": 0, "excluded_lines": 0, "percent_statements_covered": 100.0, "percent_statements_covered_display": "100"}, "missing_lines": [], "excluded_lines": [], "start_line": 156}, "create_pet": {"executed_lines": [166, 167, 173, 174], "summary": {"covered_lines": 4, "num_statements": 4, "percent_covered": 100.0, "percent_covered_display": "100", "missing_lines": 0, "excluded_lines": 0, "percent_statements_covered": 100.0, "percent_statements_covered_display": "100"}, "missing_lines": [], "excluded_lines": [], "start_line": 164}, "update_pet": {"executed_lines": [180, 181, 182, 183, 184, 186, 187, 188], "summary": {"covered_lines": 8, "num_statements": 9, "percent_covered": 88.88888888888889, "percent_covered_display": "89", "missing_lines": 1, "excluded_lines": 0, "percent_statements_covered": 88.88888888888889, "percent_statements_covered_display": "89"}, "missing_lines": [185], "excluded_lines": [], "start_line": 178}, "delete_pet": {"executed_lines": [194, 195, 196, 197], "summary": {"covered_lines": 4, "num_statements": 4, "percent_covered": 100.0, "percent_covered_display": "100", "missing_lines": 0, "excluded_lines": 0, "percent_statements_covered": 100.0, "percent_statements_covered_display": "100"}, "missing_lines": [], "excluded_lines": [], "start_line": 192}, "create_order": {"executed_lines": [204, 205, 206, 207, 209, 210, 218, 219, 220], "summary": {"covered_lines": 9, "num_statements": 10, "percent_covered": 90.0, "percent_covered_display": "90", "missing_lines": 1, "excluded_lines": 0, "percent_statements_covered": 90.0, "percent_statements_covered_display": "90"}, "missing_lines": [208], "excluded_lines": [], "start_line": 202}, "get_order": {"executed_lines": [226, 227, 228], "summary": {"covered_lines": 3, "num_statements": 3, "percent_covered": 100.0, "percent_covered_display": "100", "missing_lines": 0, "excluded_lines": 0, "percent_statements_covered": 100.0, "percent_statements_covered_display": "100"}, "missing_lines": [], "excluded_lines": [], "start_line": 224}, "list_orders": {"executed_lines": [236, 237, 239], "summary": {"covered_lines": 3, "num_statements": 4, "percent_covered": 75.0, "percent_covered_display": "75", "missing_lines": 1, "excluded_lines": 0, "percent_statements_covered": 75.0, "percent_statements_covered_display": "75"}, "missing_lines": [238], "excluded_lines": [], "start_line": 231}, "get_stats": {"executed_lines": [245], "summary": {"covered_lines": 1, "num_statements": 1, "percent_covered": 100.0, "percent_covered_display": "100", "missing_lines": 0, "excluded_lines": 0, "percent_statements_covered": 100.0, "percent_statements_covered_display": "100"}, "missing_lines": [], "excluded_lines": [], "start_line": 243}, "": {"executed_lines": [6, 7, 8, 9, 10, 11, 12, 13, 15, 24, 38, 39, 47, 48, 56, 57, 58, 59, 61, 62, 63, 64, 67, 68, 69, 70, 71, 72, 73, 75, 76, 77, 79, 80, 81, 82, 83, 84, 85, 87, 88, 89, 91, 92, 93, 94, 95, 97, 98, 99, 100, 102, 103, 104, 105, 108, 109, 112, 126, 129, 130, 139, 140, 154, 156, 162, 164, 176, 178, 190, 192, 200, 202, 222, 224, 230, 231, 242, 243, 255], "summary": {"covered_lines": 80, "num_statements": 82, "percent_covered": 97.5609756097561, "percent_covered_display": "98", "missing_lines": 2, "excluded_lines": 0, "percent_statements_covered": 97.5609756097561, "percent_statements_covered_display": "98"}, "missing_lines": [256, 257], "excluded_lines": [], "start_line": 1}}, "classes": {"PetStatus": {"executed_lines": [], "summary": {"covered_lines": 0, "num_statements": 0, "percent_covered": 100.0, "percent_covered_display": "100", "missing_lines": 0, "excluded_lines": 0, "percent_statements_covered": 100.0, "percent_statements_covered_display": "100"}, "missing_lines": [], "excluded_lines": [], "start_line": 56}, "OrderStatus": {"executed_lines": [], "summary": {"covered_lines": 0, "num_statements": 0, "percent_covered": 100.0, "percent_covered_display": "100", "missing_lines": 0, "excluded_lines": 0, "percent_statements_covered": 100.0, "percent_statements_covered_display": "100"}, "missing_lines": [], "excluded_lines": [], "start_line": 61}, "PetCreate": {"executed_lines": [], "summary": {"covered_lines": 0, "num_statements": 0, "percent_covered": 100.0, "percent_covered_display": "100", "missing_lines": 0, "excluded_lines": 0, "percent_statements_covered": 100.0, "percent_statements_covered_display": "100"}, "missing_lines": [], "excluded_lines": [], "start_line": 67}, "Pet": {"executed_lines": [], "summary": {"covered_lines": 0, "num_statements": 0, "percent_covered": 100.0, "percent_covered_display": "100", "missing_lines": 0, "excluded_lines": 0, "percent_statements_covered": 100.0, "percent_statements_covered_display": "100"}, "missing_lines": [], "excluded_lines": [], "start_line": 75}, "PetUpdate": {"executed_lines": [], "summary": {"covered_lines": 0, "num_statements": 0, "percent_covered": 100.0, "percent_covered_display": "100", "missing_lines": 0, "excluded_lines": 0, "percent_statements_covered": 100.0, "percent_statements_covered_display": "100"}, "missing_lines": [], "excluded_lines": [], "start_line": 79}, "OrderCreate": {"executed_lines": [], "summary": {"covered_lines": 0, "num_statements": 0, "percent_covered": 100.0, "percent_covered_display": "100", "missing_lines": 0, "excluded_lines": 0, "percent_statements_covered": 100.0, "percent_statements_covered_display": "100"}, "missing_lines": [], "excluded_lines": [], "start_line": 87}, "Order": {"executed_lines": [], "summary": {"covered_lines": 0, "num_statements": 0, "percent_covered": 100.0, "percent_covered_display": "100", "missing_lines": 0, "excluded_lines": 0, "percent_statements_covered": 100.0, "percent_statements_covered_display": "100"}, "missing_lines": [], "excluded_lines": [], "start_line": 91}, "HealthResponse": {"executed_lines": [], "summary": {"covered_lines": 0, "num_statements": 0, "percent_covered": 100.0, "percent_covered_display": "100", "missing_lines": 0, "excluded_lines": 0, "percent_statements_covered": 100.0, "percent_statements_covered_display": "100"}, "missing_lines": [], "excluded_lines": [], "start_line": 97}, "ErrorResponse": {"executed_lines": [], "summary": {"covered_lines": 0, "num_statements": 0, "percent_covered": 100.0, "percent_covered_display": "100", "missing_lines": 0, "excluded_lines": 0, "percent_statements_covered": 100.0, "percent_statements_covered_display": "100"}, "missing_lines": [], "excluded_lines": [], "start_line": 102}, "": {"executed_lines": [6, 7, 8, 9, 10, 11, 12, 13, 15, 24, 31, 38, 39, 40, 41, 47, 48, 49, 56, 57, 58, 59, 61, 62, 63, 64, 67, 68, 69, 70, 71, 72, 73, 75, 76, 77, 79, 80, 81, 82, 83, 84, 85, 87, 88, 89, 91, 92, 93, 94, 95, 97, 98, 99, 100, 102, 103, 104, 105, 108, 109, 112, 113, 118, 119, 120, 126, 129, 130, 132, 139, 140, 147, 148, 149, 150, 151, 152, 154, 156, 158, 159, 160, 162, 164, 166, 167, 173, 174, 176, 178, 180, 181, 182, 183, 184, 186, 187, 188, 190, 192, 194, 195, 196, 197, 200, 202, 204, 205, 206, 207, 209, 210, 218, 219, 220, 222, 224, 226, 227, 228, 230, 231, 236, 237, 239, 242, 243, 245, 255], "summary": {"covered_lines": 130, "num_statements": 135, "percent_covered": 96.29629629629629, "percent_covered_display": "96", "missing_lines": 5, "excluded_lines": 0, "percent_statements_covered": 96.29629629629629, "percent_statements_covered_display": "96"}, "missing_lines": [185, 208, 238, 256, 257], "excluded_lines": [], "start_line": 1}}}, "core/__init__.py": {"executed_lines": [], "summary": {"covered_lines": 0, "num_statements": 0, "percent_covered": 100.0, "percent_covered_display": "100", "missing_lines": 0, "excluded_lines": 0, "percent_statements_covered": 100.0, "percent_statements_covered_display": "100"}, "missing_lines": [], "excluded_lines": [], "functions": {"": {"executed_lines": [], "summary": {"covered_lines": 0, "num_statements": 0, "percent_covered": 100.0, "percent_covered_display": "100", "missing_lines": 0, "excluded_lines": 0, "percent_statements_covered": 100.0, "percent_statements_covered_display": "100"}, "missing_lines": [], "excluded_lines": [], "start_line": 1}}, "classes": {"": {"executed_lines": [], "summary": {"covered_lines": 0, "num_statements": 0, "percent_covered": 100.0, "percent_covered_display": "100", "missing_lines": 0, "excluded_lines": 0, "percent_statements_covered": 100.0, "percent_statements_covered_display": "100"}, "missing_lines": [], "excluded_lines": [], "start_line": 1}}}, "core/langchain_orchestrator.py": {"executed_lines": [7, 8, 9, 10, 11, 12, 13, 14, 16, 19, 25, 31, 32, 33, 34, 37, 38, 39, 41, 43, 57, 65, 67, 68, 69, 78, 80, 127, 128, 129, 130, 132, 134, 171, 174, 176, 178, 214, 217, 219, 227, 228, 229, 231, 232, 236, 237, 240, 241, 242, 244, 245, 246, 247, 249, 255, 256, 257, 259, 260, 264, 265, 266, 267, 268, 270, 271, 272, 273, 275, 282, 283, 284, 286, 287, 292, 293, 295, 297, 298, 303, 304, 305, 306, 308, 309, 311, 323, 324, 326, 327, 328, 329, 330, 331, 336, 337, 343, 344, 347, 350, 351, 352, 357, 358, 362, 364, 366, 367, 368, 369, 371, 372, 373, 379, 385, 386, 387, 388, 389, 391, 413, 414, 440, 441, 442, 444, 445, 446, 448, 449, 451, 474, 476, 478, 480, 481, 482, 483, 509, 511, 513, 515, 516, 518, 519, 521, 523, 526, 527, 528, 529, 530, 531, 533, 534, 535, 536, 537, 538, 539, 541, 542, 546, 548, 550, 551, 552, 555, 556, 557, 558, 561, 562, 563, 567, 570, 571, 572, 576, 579, 587, 591, 593, 596, 598, 610, 615, 616, 617, 618, 620], "summary": {"covered_lines": 192, "num_statements": 219, "percent_covered": 87.67123287671232, "percent_covered_display": "88", "missing_lines": 27, "excluded_lines": 0, "percent_statements_covered": 87.67123287671232, "percent_statements_covered_display": "88"}, "missing_lines": [44, 58, 172, 173, 215, 216, 243, 269, 291, 299, 300, 301, 307, 332, 333, 345, 346, 348, 359, 360, 524, 540, 543, 544, 592, 594, 611], "excluded_lines": [], "functions": {"LangChainOrchestrator.__init__": {"executed_lines": [31, 32, 33, 34, 37, 38, 39], "summary": {"covered_lines": 7, "num_statements": 7, "percent_covered": 100.0, "percent_covered_display": "100", "missing_lines": 0, "excluded_lines": 0, "percent_statements_covered": 100.0, "percent_statements_covered_display": "100"}, "missing_lines": [], "excluded_lines": [], "start_line": 25}, "LangChainOrchestrator._init_llms": {"executed_lines": [43, 57], "summary": {"covered_lines": 2, "num_statements": 4, "percent_covered": 50.0, "percent_covered_display": "50", "missing_lines": 2, "excluded_lines": 0, "percent_statements_covered": 50.0, "percent_statements_covered_display": "50"}, "missing_lines": [44, 58], "excluded_lines": [], "start_line": 41}, "LangChainOrchestrator.parse_specification": {"executed_lines": [67, 68, 69], "summary": {"covered_lines": 3, "num_statements": 3, "percent_covered": 100.0, "percent_covered_display": "100", "missing_lines": 0, "excluded_lines": 0, "percent_statements_covered": 100.0, "percent_statements_covered_display": "100"}, "missing_lines": [], "excluded_lines": [], "start_line": 65}, "LangChainOrchestrator._build_test_generation_chain": {"executed_lines": [80, 127, 128, 129, 130], "summary": {"covered_lines": 5, "num_statements": 5, "percent_covered": 100.0, "percent_covered_display": "100", "missing_lines": 0, "excluded_lines": 0, "percent_statements_covered": 100.0, "percent_statements_covered_display": "100"}, "missing_lines": [], "excluded_lines": [], "start_line": 78}, "LangChainOrchestrator._build_assertion_generation_chain": {"executed_lines": [134, 171, 174], "summary": {"covered_lines": 3, "num_statements": 5, "percent_covered": 60.0, "percent_covered_display": "60", "missing_lines": 2, "excluded_lines": 0, "percent_statements_covered": 60.0, "percent_statements_covered_display": "60"}, "missing_lines": [172, 173], "excluded_lines": [], "start_line": 132}, "LangChainOrchestrator._build_failure_analysis_chain": {"executed_lines": [178, 214, 217], "summary": {"covered_lines": 3, "num_statements": 5, "percent_covered": 60.0, "percent_covered_display": "60", "missing_lines": 2, "excluded_lines": 0, "percent_statements_covered": 60.0, "percent_statements_covered_display": "60"}, "missing_lines": [215, 216], "excluded_lines": [], "start_line": 176}, "LangChainOrchestrator.generate_test_cases": {"executed_lines": [227, 228, 229, 231, 232, 236, 237, 240, 241, 242, 244, 245, 246, 247], "summary": {"covered_lines": 14, "num_statements": 15, "percent_covered": 93.33333333333333, "percent_covered_display": "93", "missing_lines": 1, "excluded_lines": 0, "percent_statements_covered": 93.33333333333333, "percent_statements_covered_display": "93"}, "missing_lines": [243], "excluded_lines": [], "start_line": 219}, "LangChainOrchestrator.generate_assertions": {"executed_lines": [255, 256, 257, 259, 260, 264, 265, 266, 267, 268, 270, 271, 272, 273], "summary": {"covered_lines": 14, "num_statements": 15, "percent_covered": 93.33333333333333, "percent_covered_display": "93", "missing_lines": 1, "excluded_lines": 0, "percent_statements_covered": 93.33333333333333, "percent_statements_covered_display": "93"}, "missing_lines": [269], "excluded_lines": [], "start_line": 249}, "LangChainOrchestrator.analyze_failures": {"executed_lines": [282, 283, 284, 286, 287, 292, 293], "summary": {"covered_lines": 7, "num_statements": 8, "percent_covered": 87.5, "percent_covered_display": "88", "missing_lines": 1, "excluded_lines": 0, "percent_statements_covered": 87.5, "percent_statements_covered_display": "88"}, "missing_lines": [291], "excluded_lines": [], "start_line": 275}, "LangChainOrchestrator._parse_json_response": {"executed_lines": [297, 298, 303, 304, 305, 306, 308, 309], "summary": {"covered_lines": 8, "num_statements": 12, "percent_covered": 66.66666666666667, "percent_covered_display": "67", "missing_lines": 4, "excluded_lines": 0, "percent_statements_covered": 66.66666666666667, "percent_statements_covered_display": "67"}, "missing_lines": [299, 300, 301, 307], "excluded_lines": [], "start_line": 295}, "LangChainOrchestrator._fetch_live_ids": {"executed_lines": [323, 324, 326, 327, 328, 329, 330, 331, 336, 337, 343, 344, 347, 350, 351, 352, 357, 358, 362], "summary": {"covered_lines": 19, "num_statements": 26, "percent_covered": 73.07692307692308, "percent_covered_display": "73", "missing_lines": 7, "excluded_lines": 0, "percent_statements_covered": 73.07692307692308, "percent_statements_covered_display": "73"}, "missing_lines": [332, 333, 345, 346, 348, 359, 360], "excluded_lines": [], "start_line": 311}, "LangChainOrchestrator._generate_fallback_tests": {"executed_lines": [366, 367, 368, 369, 371, 372, 373, 379, 385, 386, 387, 388, 389, 391, 413, 414, 440, 441, 442, 444, 445, 446, 448, 449, 451, 474, 476], "summary": {"covered_lines": 27, "num_statements": 27, "percent_covered": 100.0, "percent_covered_display": "100", "missing_lines": 0, "excluded_lines": 0, "percent_statements_covered": 100.0, "percent_statements_covered_display": "100"}, "missing_lines": [], "excluded_lines": [], "start_line": 364}, "LangChainOrchestrator._generate_fallback_assertions": {"executed_lines": [480, 481, 482, 483, 509, 511], "summary": {"covered_lines": 6, "num_statements": 6, "percent_covered": 100.0, "percent_covered_display": "100", "missing_lines": 0, "excluded_lines": 0, "percent_statements_covered": 100.0, "percent_statements_covered_display": "100"}, "missing_lines": [], "excluded_lines": [], "start_line": 478}, "LangChainOrchestrator._generate_sample_body": {"executed_lines": [515, 516, 518, 519], "summary": {"covered_lines": 4, "num_statements": 4, "percent_covered": 100.0, "percent_covered_display": "100", "missing_lines": 0, "excluded_lines": 0, "percent_statements_covered": 100.0, "percent_statements_covered_display": "100"}, "missing_lines": [], "excluded_lines": [], "start_line": 513}, "LangChainOrchestrator._generate_sample_from_schema": {"executed_lines": [523, 526, 527, 528, 529, 530, 531, 533, 534, 535, 536, 537, 538, 539, 541, 542, 546], "summary": {"covered_lines": 17, "num_statements": 21, "percent_covered": 80.95238095238095, "percent_covered_display": "81", "missing_lines": 4, "excluded_lines": 0, "percent_statements_covered": 80.95238095238095, "percent_statements_covered_display": "81"}, "missing_lines": [524, 540, 543, 544], "excluded_lines": [], "start_line": 521}, "LangChainOrchestrator.run_full_pipeline": {"executed_lines": [550, 551, 552, 555, 556, 557, 558, 561, 562, 563, 567, 570, 571, 572, 576, 579, 587, 591, 593, 596, 598, 610, 615, 616, 617, 618, 620], "summary": {"covered_lines": 27, "num_statements": 30, "percent_covered": 90.0, "percent_covered_display": "90", "missing_lines": 3, "excluded_lines": 0, "percent_statements_covered": 90.0, "percent_statements_covered_display": "90"}, "missing_lines": [592, 594, 611], "excluded_lines": [], "start_line": 548}, "": {"executed_lines": [7, 8, 9, 10, 11, 12, 13, 14, 16, 19, 25, 41, 65, 78, 132, 176, 219, 249, 275, 295, 311, 364, 478, 513, 521, 548], "summary": {"covered_lines": 26, "num_statements": 26, "percent_covered": 100.0, "percent_covered_display": "100", "missing_lines": 0, "excluded_lines": 0, "percent_statements_covered": 100.0, "percent_statements_covered_display": "100"}, "missing_lines": [], "excluded_lines": [], "start_line": 1}}, "classes": {"LangChainOrchestrator": {"executed_lines": [31, 32, 33, 34, 37, 38, 39, 43, 57, 67, 68, 69, 80, 127, 128, 129, 130, 134, 171, 174, 178, 214, 217, 227, 228, 229, 231, 232, 236, 237, 240, 241, 242, 244, 245, 246, 247, 255, 256, 257, 259, 260, 264, 265, 266, 267, 268, 270, 271, 272, 273, 282, 283, 284, 286, 287, 292, 293, 297, 298, 303, 304, 305, 306, 308, 309, 323, 324, 326, 327, 328, 329, 330, 331, 336, 337, 343, 344, 347, 350, 351, 352, 357, 358, 362, 366, 367, 368, 369, 371, 372, 373, 379, 385, 386, 387, 388, 389, 391, 413, 414, 440, 441, 442, 444, 445, 446, 448, 449, 451, 474, 476, 480, 481, 482, 483, 509, 511, 515, 516, 518, 519, 523, 526, 527, 528, 529, 530, 531, 533, 534, 535, 536, 537, 538, 539, 541, 542, 546, 550, 551, 552, 555, 556, 557, 558, 561, 562, 563, 567, 570, 571, 572, 576, 579, 587, 591, 593, 596, 598, 610, 615, 616, 617, 618, 620], "summary": {"covered_lines": 166, "num_statements": 193, "percent_covered": 86.01036269430051, "percent_covered_display": "86", "missing_lines": 27, "excluded_lines": 0, "percent_statements_covered": 86.01036269430051, "percent_statements_covered_display": "86"}, "missing_lines": [44, 58, 172, 173, 215, 216, 243, 269, 291, 299, 300, 301, 307, 332, 333, 345, 346, 348, 359, 360, 524, 540, 543, 544, 592, 594, 611], "excluded_lines": [], "start_line": 19}, "": {"executed_lines": [7, 8, 9, 10, 11, 12, 13, 14, 16, 19, 25, 41, 65, 78, 132, 176, 219, 249, 275, 295, 311, 364, 478, 513, 521, 548], "summary": {"covered_lines": 26, "num_statements": 26, "percent_covered": 100.0, "percent_covered_display": "100", "missing_lines": 0, "excluded_lines": 0, "percent_statements_covered": 100.0, "percent_statements_covered_display": "100"}, "missing_lines": [], "excluded_lines": [], "start_line": 1}}}, "core/openapi_parser.py": {"executed_lines": [7, 8, 9, 10, 11, 14, 15, 17, 18, 19, 20, 21, 24, 25, 27, 28, 29, 32, 33, 35, 36, 37, 40, 41, 43, 44, 45, 46, 47, 48, 49, 50, 52, 53, 76, 79, 80, 81, 82, 83, 84, 86, 88, 89, 91, 93, 94, 95, 96, 104, 106, 108, 109, 116, 118, 121, 123, 124, 125, 126, 127, 128, 129, 130, 131, 132, 133, 134, 135, 136, 139, 140, 142, 143, 145, 146, 147, 148, 149, 150, 152, 154, 155, 156, 160, 162, 164, 166, 167, 169, 170, 172, 173, 174, 178, 179, 180, 181, 190, 191, 192, 193, 194, 195, 196, 201, 204, 205, 206, 207, 208, 209, 210, 211, 217, 227, 229, 231, 233, 235, 237, 238, 239, 240, 241, 242, 243, 244, 245, 246, 247, 248, 249, 250, 251, 252, 254, 256, 257, 263, 264, 265, 266, 267, 268, 269, 270, 271, 272, 273, 274, 275, 276, 277, 278, 280, 281, 283], "summary": {"covered_lines": 158, "num_statements": 164, "percent_covered": 96.34146341463415, "percent_covered_display": "96", "missing_lines": 6, "excluded_lines": 0, "percent_statements_covered": 96.34146341463415, "percent_statements_covered_display": "96"}, "missing_lines": [99, 100, 101, 102, 119, 175], "excluded_lines": [], "functions": {"Endpoint.to_dict": {"executed_lines": [53], "summary": {"covered_lines": 1, "num_statements": 1, "percent_covered": 100.0, "percent_covered_display": "100", "missing_lines": 0, "excluded_lines": 0, "percent_statements_covered": 100.0, "percent_statements_covered_display": "100"}, "missing_lines": [], "excluded_lines": [], "start_line": 52}, "OpenAPIParser.__init__": {"executed_lines": [80, 81, 82, 83, 84], "summary": {"covered_lines": 5, "num_statements": 5, "percent_covered": 100.0, "percent_covered_display": "100", "missing_lines": 0, "excluded_lines": 0, "percent_statements_covered": 100.0, "percent_statements_covered_display": "100"}, "missing_lines": [], "excluded_lines": [], "start_line": 79}, "OpenAPIParser.load_spec": {"executed_lines": [88, 89, 91, 93, 94, 95, 96, 104], "summary": {"covered_lines": 8, "num_statements": 12, "percent_covered": 66.66666666666667, "percent_covered_display": "67", "missing_lines": 4, "excluded_lines": 0, "percent_statements_covered": 66.66666666666667, "percent_statements_covered_display": "67"}, "missing_lines": [99, 100, 101, 102], "excluded_lines": [], "start_line": 86}, "OpenAPIParser.get_api_info": {"executed_lines": [108, 109], "summary": {"covered_lines": 2, "num_statements": 2, "percent_covered": 100.0, "percent_covered_display": "100", "missing_lines": 0, "excluded_lines": 0, "percent_statements_covered": 100.0, "percent_statements_covered_display": "100"}, "missing_lines": [], "excluded_lines": [], "start_line": 106}, "OpenAPIParser._resolve_ref": {"executed_lines": [118, 121, 123, 124, 125, 126, 127, 128, 129, 130, 131, 132, 133, 134, 135, 136, 139, 140, 142, 143, 145, 146, 147, 148, 149, 150], "summary": {"covered_lines": 26, "num_statements": 27, "percent_covered": 96.29629629629629, "percent_covered_display": "96", "missing_lines": 1, "excluded_lines": 0, "percent_statements_covered": 96.29629629629629, "percent_statements_covered_display": "96"}, "missing_lines": [119], "excluded_lines": [], "start_line": 116}, "OpenAPIParser.extract_schemas": {"executed_lines": [154, 155, 156, 160], "summary": {"covered_lines": 4, "num_statements": 4, "percent_covered": 100.0, "percent_covered_display": "100", "missing_lines": 0, "excluded_lines": 0, "percent_statements_covered": 100.0, "percent_statements_covered_display": "100"}, "missing_lines": [], "excluded_lines": [], "start_line": 152}, "OpenAPIParser.parse_endpoints": {"executed_lines": [164, 166, 167, 169, 170, 172, 173, 174, 178, 179, 180, 181, 190, 191, 192, 193, 194, 195, 196, 201, 204, 205, 206, 207, 208, 209, 210, 211, 217, 227, 229], "summary": {"covered_lines": 31, "num_statements": 32, "percent_covered": 96.875, "percent_covered_display": "97", "missing_lines": 1, "excluded_lines": 0, "percent_statements_covered": 96.875, "percent_statements_covered_display": "97"}, "missing_lines": [175], "excluded_lines": [], "start_line": 162}, "OpenAPIParser.get_endpoint_summary": {"executed_lines": [233], "summary": {"covered_lines": 1, "num_statements": 1, "percent_covered": 100.0, "percent_covered_display": "100", "missing_lines": 0, "excluded_lines": 0, "percent_statements_covered": 100.0, "percent_statements_covered_display": "100"}, "missing_lines": [], "excluded_lines": [], "start_line": 231}, "OpenAPIParser.get_schema_definitions": {"executed_lines": [237, 238, 239, 240, 241, 242, 243, 244, 245, 246, 247, 248, 249, 250, 251, 252], "summary": {"covered_lines": 16, "num_statements": 16, "percent_covered": 100.0, "percent_covered_display": "100", "missing_lines": 0, "excluded_lines": 0, "percent_statements_covered": 100.0, "percent_statements_covered_display": "100"}, "missing_lines": [], "excluded_lines": [], "start_line": 235}, "OpenAPIParser.to_prompt_context": {"executed_lines": [256, 257, 263, 264, 265, 266, 267, 268, 269, 270, 271, 272, 273, 274, 275, 276, 277, 278, 280, 281, 283], "summary": {"covered_lines": 21, "num_statements": 21, "percent_covered": 100.0, "percent_covered_display": "100", "missing_lines": 0, "excluded_lines": 0, "percent_statements_covered": 100.0, "percent_statements_covered_display": "100"}, "missing_lines": [], "excluded_lines": [], "start_line": 254}, "": {"executed_lines": [7, 8, 9, 10, 11, 14, 15, 17, 18, 19, 20, 21, 24, 25, 27, 28, 29, 32, 33, 35, 36, 37, 40, 41, 43, 44, 45, 46, 47, 48, 49, 50, 52, 76, 79, 86, 106, 116, 152, 162, 231, 235, 254], "summary": {"covered_lines": 43, "num_statements": 43, "percent_covered": 100.0, "percent_covered_display": "100", "missing_lines": 0, "excluded_lines": 0, "percent_statements_covered": 100.0, "percent_statements_covered_display": "100"}, "missing_lines": [], "excluded_lines": [], "start_line": 1}}, "classes": {"Parameter": {"executed_lines": [], "summary": {"covered_lines": 0, "num_statements": 0, "percent_covered": 100.0, "percent_covered_display": "100", "missing_lines": 0, "excluded_lines": 0, "percent_statements_covered": 100.0, "percent_statements_covered_display": "100"}, "missing_lines": [], "excluded_lines": [], "start_line": 15}, "RequestBody": {"executed_lines": [], "summary": {"covered_lines": 0, "num_statements": 0, "percent_covered": 100.0, "percent_covered_display": "100", "missing_lines": 0, "excluded_lines": 0, "percent_statements_covered": 100.0, "percent_statements_covered_display": "100"}, "missing_lines": [], "excluded_lines": [], "start_line": 25}, "Response": {"executed_lines": [], "summary": {"covered_lines": 0, "num_statements": 0, "percent_covered": 100.0, "percent_covered_display": "100", "missing_lines": 0, "excluded_lines": 0, "percent_statements_covered": 100.0, "percent_statements_covered_display": "100"}, "missing_lines": [], "excluded_lines": [], "start_line": 33}, "Endpoint": {"executed_lines": [53], "summary": {"covered_lines": 1, "num_statements": 1, "percent_covered": 100.0, "percent_covered_display": "100", "missing_lines": 0, "excluded_lines": 0, "percent_statements_covered": 100.0, "percent_statements_covered_display": "100"}, "missing_lines": [], "excluded_lines": [], "start_line": 41}, "OpenAPIParser": {"executed_lines": [80, 81, 82, 83, 84, 88, 89, 91, 93, 94, 95, 96, 104, 108, 109, 118, 121, 123, 124, 125, 126, 127, 128, 129, 130, 131, 132, 133, 134, 135, 136, 139, 140, 142, 143, 145, 146, 147, 148, 149, 150, 154, 155, 156, 160, 164, 166, 167, 169, 170, 172, 173, 174, 178, 179, 180, 181, 190, 191, 192, 193, 194, 195, 196, 201, 204, 205, 206, 207, 208, 209, 210, 211, 217, 227, 229, 233, 237, 238, 239, 240, 241, 242, 243, 244, 245, 246, 247, 248, 249, 250, 251, 252, 256, 257, 263, 264, 265, 266, 267, 268, 269, 270, 271, 272, 273, 274, 275, 276, 277, 278, 280, 281, 283], "summary": {"covered_lines": 114, "num_statements": 120, "percent_covered": 95.0, "percent_covered_display": "95", "missing_lines": 6, "excluded_lines": 0, "percent_statements_covered": 95.0, "percent_statements_covered_display": "95"}, "missing_lines": [99, 100, 101, 102, 119, 175], "excluded_lines": [], "start_line": 76}, "": {"executed_lines": [7, 8, 9, 10, 11, 14, 15, 17, 18, 19, 20, 21, 24, 25, 27, 28, 29, 32, 33, 35, 36, 37, 40, 41, 43, 44, 45, 46, 47, 48, 49, 50, 52, 76, 79, 86, 106, 116, 152, 162, 231, 235, 254], "summary": {"covered_lines": 43, "num_statements": 43, "percent_covered": 100.0, "percent_covered_display": "100", "missing_lines": 0, "excluded_lines": 0, "percent_statements_covered": 100.0, "percent_statements_covered_display": "100"}, "missing_lines": [], "excluded_lines": [], "start_line": 1}}}, "execution/__init__.py": {"executed_lines": [], "summary": {"covered_lines": 0, "num_statements": 0, "percent_covered": 100.0, "percent_covered_display": "100", "missing_lines": 0, "excluded_lines": 0, "percent_statements_covered": 100.0, "percent_statements_covered_display": "100"}, "missing_lines": [], "excluded_lines": [], "functions": {"": {"executed_lines": [], "summary": {"covered_lines": 0, "num_statements": 0, "percent_covered": 100.0, "percent_covered_display": "100", "missing_lines": 0, "excluded_lines": 0, "percent_statements_covered": 100.0, "percent_statements_covered_display": "100"}, "missing_lines": [], "excluded_lines": [], "start_line": 1}}, "classes": {"": {"executed_lines": [], "summary": {"covered_lines": 0, "num_statements": 0, "percent_covered": 100.0, "percent_covered_display": "100", "missing_lines": 0, "excluded_lines": 0, "percent_statements_covered": 100.0, "percent_statements_covered_display": "100"}, "missing_lines": [], "excluded_lines": [], "start_line": 1}}}, "execution/test_runner.py": {"executed_lines": [6, 7, 8, 9, 10, 11, 12, 15, 18, 19, 20, 22, 28, 29, 31, 32, 34, 44, 57, 58, 79, 81, 82, 84, 86, 87, 89, 99, 102, 103, 104, 105, 107, 109, 110, 112, 114, 115, 116, 117, 120, 123, 124, 126, 127, 128, 130, 142, 144, 145, 146, 147, 150, 154, 155, 156, 158, 168, 169, 170, 185, 187, 188, 190, 191, 196, 197, 200, 201, 207, 208, 211, 212, 220, 221, 222, 225, 230, 231, 233, 235, 236, 237, 245, 248, 251, 252, 253, 255, 257, 258, 291, 297, 298, 301, 302, 311, 313, 315, 316, 318, 319, 320, 326, 327, 329, 330, 332], "summary": {"covered_lines": 108, "num_statements": 132, "percent_covered": 81.81818181818181, "percent_covered_display": "82", "missing_lines": 24, "excluded_lines": 0, "percent_statements_covered": 81.81818181818181, "percent_statements_covered_display": "82"}, "missing_lines": [45, 46, 54, 55, 62, 72, 73, 74, 75, 77, 80, 151, 152, 192, 193, 224, 238, 239, 240, 241, 242, 243, 292, 321], "excluded_lines": [], "functions": {"NewmanRunner.__init__": {"executed_lines": [19, 20], "summary": {"covered_lines": 2, "num_statements": 2, "percent_covered": 100.0, "percent_covered_display": "100", "missing_lines": 0, "excluded_lines": 0, "percent_statements_covered": 100.0, "percent_statements_covered_display": "100"}, "missing_lines": [], "excluded_lines": [], "start_line": 18}, "NewmanRunner.run_collection": {"executed_lines": [28, 29, 31, 32, 34, 44, 57, 58, 79, 81, 82], "summary": {"covered_lines": 11, "num_statements": 22, "percent_covered": 50.0, "percent_covered_display": "50", "missing_lines": 11, "excluded_lines": 0, "percent_statements_covered": 50.0, "percent_statements_covered_display": "50"}, "missing_lines": [45, 46, 54, 55, 62, 72, 73, 74, 75, 77, 80], "excluded_lines": [], "start_line": 22}, "NewmanRunner._extract_summary": {"executed_lines": [86, 87, 89], "summary": {"covered_lines": 3, "num_statements": 3, "percent_covered": 100.0, "percent_covered_display": "100", "missing_lines": 0, "excluded_lines": 0, "percent_statements_covered": 100.0, "percent_statements_covered_display": "100"}, "missing_lines": [], "excluded_lines": [], "start_line": 84}, "DirectTestRunner.__init__": {"executed_lines": [103, 104, 105], "summary": {"covered_lines": 3, "num_statements": 3, "percent_covered": 100.0, "percent_covered_display": "100", "missing_lines": 0, "excluded_lines": 0, "percent_statements_covered": 100.0, "percent_statements_covered_display": "100"}, "missing_lines": [], "excluded_lines": [], "start_line": 102}, "DirectTestRunner.execute_test_suite": {"executed_lines": [109, 110, 112, 114, 115, 116, 117, 120, 123, 124, 126, 127, 128, 130], "summary": {"covered_lines": 14, "num_statements": 14, "percent_covered": 100.0, "percent_covered_display": "100", "missing_lines": 0, "excluded_lines": 0, "percent_statements_covered": 100.0, "percent_statements_covered_display": "100"}, "missing_lines": [], "excluded_lines": [], "start_line": 107}, "DirectTestRunner._execute_test": {"executed_lines": [144, 145, 146, 147, 150, 154, 155, 156, 158, 168, 169, 170, 185, 187, 188, 190, 191, 196, 197, 200, 201, 207, 208, 211, 212, 220, 221, 222, 225, 230, 231, 233, 235, 236, 237, 245], "summary": {"covered_lines": 36, "num_statements": 47, "percent_covered": 76.59574468085107, "percent_covered_display": "77", "missing_lines": 11, "excluded_lines": 0, "percent_statements_covered": 76.59574468085107, "percent_statements_covered_display": "77"}, "missing_lines": [151, 152, 192, 193, 224, 238, 239, 240, 241, 242, 243], "excluded_lines": [], "start_line": 142}, "AllureReportGenerator.__init__": {"executed_lines": [252, 253], "summary": {"covered_lines": 2, "num_statements": 2, "percent_covered": 100.0, "percent_covered_display": "100", "missing_lines": 0, "excluded_lines": 0, "percent_statements_covered": 100.0, "percent_statements_covered_display": "100"}, "missing_lines": [], "excluded_lines": [], "start_line": 251}, "AllureReportGenerator.generate_results": {"executed_lines": [257, 258, 291, 297, 298, 301, 302, 311], "summary": {"covered_lines": 8, "num_statements": 9, "percent_covered": 88.88888888888889, "percent_covered_display": "89", "missing_lines": 1, "excluded_lines": 0, "percent_statements_covered": 88.88888888888889, "percent_statements_covered_display": "89"}, "missing_lines": [292], "excluded_lines": [], "start_line": 255}, "AllureReportGenerator.generate_allure_report": {"executed_lines": [315, 316, 318, 319, 320, 326, 327], "summary": {"covered_lines": 7, "num_statements": 8, "percent_covered": 87.5, "percent_covered_display": "88", "missing_lines": 1, "excluded_lines": 0, "percent_statements_covered": 87.5, "percent_statements_covered_display": "88"}, "missing_lines": [321], "excluded_lines": [], "start_line": 313}, "AllureReportGenerator._map_status": {"executed_lines": [332], "summary": {"covered_lines": 1, "num_statements": 1, "percent_covered": 100.0, "percent_covered_display": "100", "missing_lines": 0, "excluded_lines": 0, "percent_statements_covered": 100.0, "percent_statements_covered_display": "100"}, "missing_lines": [], "excluded_lines": [], "start_line": 330}, "": {"executed_lines": [6, 7, 8, 9, 10, 11, 12, 15, 18, 22, 84, 99, 102, 107, 142, 248, 251, 255, 313, 329, 330], "summary": {"covered_lines": 21, "num_statements": 21, "percent_covered": 100.0, "percent_covered_display": "100", "missing_lines": 0, "excluded_lines": 0, "percent_statements_covered": 100.0, "percent_statements_covered_display": "100"}, "missing_lines": [], "excluded_lines": [], "start_line": 1}}, "classes": {"NewmanRunner": {"executed_lines": [19, 20, 28, 29, 31, 32, 34, 44, 57, 58, 79, 81, 82, 86, 87, 89], "summary": {"covered_lines": 16, "num_statements": 27, "percent_covered": 59.25925925925926, "percent_covered_display": "59", "missing_lines": 11, "excluded_lines": 0, "percent_statements_covered": 59.25925925925926, "percent_statements_covered_display": "59"}, "missing_lines": [45, 46, 54, 55, 62, 72, 73, 74, 75, 77, 80], "excluded_lines": [], "start_line": 15}, "DirectTestRunner": {"executed_lines": [103, 104, 105, 109, 110, 112, 114, 115, 116, 117, 120, 123, 124, 126, 127, 128, 130, 144, 145, 146, 147, 150, 154, 155, 156, 158, 168, 169, 170, 185, 187, 188, 190, 191, 196, 197, 200, 201, 207, 208, 211, 212, 220, 221, 222, 225, 230, 231, 233, 235, 236, 237, 245], "summary": {"covered_lines": 53, "num_statements": 64, "percent_covered": 82.8125, "percent_covered_display": "83", "missing_lines": 11, "excluded_lines": 0, "percent_statements_covered": 82.8125, "percent_statements_covered_display": "83"}, "missing_lines": [151, 152, 192, 193, 224, 238, 239, 240, 241, 242, 243], "excluded_lines": [], "start_line": 99}, "AllureReportGenerator": {"executed_lines": [252, 253, 257, 258, 291, 297, 298, 301, 302, 311, 315, 316, 318, 319, 320, 326, 327, 332], "summary": {"covered_lines": 18, "num_statements": 20, "percent_covered": 90.0, "percent_covered_display": "90", "missing_lines": 2, "excluded_lines": 0, "percent_statements_covered": 90.0, "percent_statements_covered_display": "90"}, "missing_lines": [292, 321], "excluded_lines": [], "start_line": 248}, "": {"executed_lines": [6, 7, 8, 9, 10, 11, 12, 15, 18, 22, 84, 99, 102, 107, 142, 248, 251, 255, 313, 329, 330], "summary": {"covered_lines": 21, "num_statements": 21, "percent_covered": 100.0, "percent_covered_display": "100", "missing_lines": 0, "excluded_lines": 0, "percent_statements_covered": 100.0, "percent_statements_covered_display": "100"}, "missing_lines": [], "excluded_lines": [], "start_line": 1}}}, "generators/__init__.py": {"executed_lines": [], "summary": {"covered_lines": 0, "num_statements": 0, "percent_covered": 100.0, "percent_covered_display": "100", "missing_lines": 0, "excluded_lines": 0, "percent_statements_covered": 100.0, "percent_statements_covered_display": "100"}, "missing_lines": [], "excluded_lines": [], "functions": {"": {"executed_lines": [], "summary": {"covered_lines": 0, "num_statements": 0, "percent_covered": 100.0, "percent_covered_display": "100", "missing_lines": 0, "excluded_lines": 0, "percent_statements_covered": 100.0, "percent_statements_covered_display": "100"}, "missing_lines": [], "excluded_lines": [], "start_line": 1}}, "classes": {"": {"executed_lines": [], "summary": {"covered_lines": 0, "num_statements": 0, "percent_covered": 100.0, "percent_covered_display": "100", "missing_lines": 0, "excluded_lines": 0, "percent_statements_covered": 100.0, "percent_statements_covered_display": "100"}, "missing_lines": [], "excluded_lines": [], "start_line": 1}}}, "generators/postman_generator.py": {"executed_lines": [6, 7, 8, 9, 10, 13, 16, 17, 18, 20, 22, 55, 56, 57, 58, 61, 62, 68, 69, 70, 72, 74, 76, 78, 79, 80, 83, 86, 96, 97, 98, 107, 110, 112, 119, 120, 128, 137, 139, 142, 143, 144, 146, 152, 153, 157, 159, 161, 162, 163, 170, 171, 172, 173, 174, 177, 178, 179, 180, 184, 185, 186, 187, 188, 189, 190, 193, 194, 195, 196, 201, 202, 203, 204, 205, 206, 207, 208, 210, 212, 214, 215, 216, 217, 218, 220, 222, 223, 224, 225, 226, 227, 228, 229, 230, 232, 233, 235, 236, 240, 241, 242, 244, 245, 246, 247, 249, 251, 252, 254, 256, 257, 258, 260, 261, 262, 263, 264, 266, 268, 270, 271, 272, 273, 275, 277, 278, 280, 286], "summary": {"covered_lines": 129, "num_statements": 135, "percent_covered": 95.55555555555556, "percent_covered_display": "96", "missing_lines": 6, "excluded_lines": 0, "percent_statements_covered": 95.55555555555556, "percent_statements_covered_display": "96"}, "missing_lines": [129, 197, 198, 234, 238, 239], "excluded_lines": [], "functions": {"PostmanCollectionGenerator.__init__": {"executed_lines": [17, 18], "summary": {"covered_lines": 2, "num_statements": 2, "percent_covered": 100.0, "percent_covered_display": "100", "missing_lines": 0, "excluded_lines": 0, "percent_statements_covered": 100.0, "percent_statements_covered_display": "100"}, "missing_lines": [], "excluded_lines": [], "start_line": 16}, "PostmanCollectionGenerator.generate_collection": {"executed_lines": [22, 55, 56, 57, 58, 61, 62, 68, 69, 70, 72, 74], "summary": {"covered_lines": 12, "num_statements": 12, "percent_covered": 100.0, "percent_covered_display": "100", "missing_lines": 0, "excluded_lines": 0, "percent_statements_covered": 100.0, "percent_statements_covered_display": "100"}, "missing_lines": [], "excluded_lines": [], "start_line": 20}, "PostmanCollectionGenerator._build_request_item": {"executed_lines": [78, 79, 80, 83, 86, 96, 97, 98, 107, 110, 112, 119, 120, 128, 137], "summary": {"covered_lines": 15, "num_statements": 16, "percent_covered": 93.75, "percent_covered_display": "94", "missing_lines": 1, "excluded_lines": 0, "percent_statements_covered": 93.75, "percent_statements_covered_display": "94"}, "missing_lines": [129], "excluded_lines": [], "start_line": 76}, "PostmanCollectionGenerator._parse_url": {"executed_lines": [142, 143, 144, 146, 152, 153, 157], "summary": {"covered_lines": 7, "num_statements": 7, "percent_covered": 100.0, "percent_covered_display": "100", "missing_lines": 0, "excluded_lines": 0, "percent_statements_covered": 100.0, "percent_statements_covered_display": "100"}, "missing_lines": [], "excluded_lines": [], "start_line": 139}, "PostmanCollectionGenerator._build_test_script": {"executed_lines": [161, 162, 163, 170, 171, 172, 173, 174, 177, 178, 179, 180, 184, 185, 186, 187, 188, 189, 190, 193, 194, 195, 196, 201, 202, 203, 204, 205, 206, 207, 208, 210], "summary": {"covered_lines": 32, "num_statements": 34, "percent_covered": 94.11764705882354, "percent_covered_display": "94", "missing_lines": 2, "excluded_lines": 0, "percent_statements_covered": 94.11764705882354, "percent_statements_covered_display": "94"}, "missing_lines": [197, 198], "excluded_lines": [], "start_line": 159}, "PostmanCollectionGenerator._assertion_to_script": {"executed_lines": [214, 215, 216, 217, 218, 220, 222, 223, 224, 225, 226, 227, 228, 229, 230, 232, 233, 235, 236, 240, 241, 242, 244, 245, 246, 247, 249, 251, 252], "summary": {"covered_lines": 29, "num_statements": 32, "percent_covered": 90.625, "percent_covered_display": "91", "missing_lines": 3, "excluded_lines": 0, "percent_statements_covered": 90.625, "percent_statements_covered_display": "91"}, "missing_lines": [234, 238, 239], "excluded_lines": [], "start_line": 212}, "PostmanCollectionGenerator._build_prerequest_script": {"executed_lines": [256, 257, 258, 260, 261, 262, 263, 264, 266], "summary": {"covered_lines": 9, "num_statements": 9, "percent_covered": 100.0, "percent_covered_display": "100", "missing_lines": 0, "excluded_lines": 0, "percent_statements_covered": 100.0, "percent_statements_covered_display": "100"}, "missing_lines": [], "excluded_lines": [], "start_line": 254}, "PostmanCollectionGenerator.save_collection": {"executed_lines": [270, 271, 272, 273], "summary": {"covered_lines": 4, "num_statements": 4, "percent_covered": 100.0, "percent_covered_display": "100", "missing_lines": 0, "excluded_lines": 0, "percent_statements_covered": 100.0, "percent_statements_covered_display": "100"}, "missing_lines": [], "excluded_lines": [], "start_line": 268}, "PostmanCollectionGenerator.generate_and_save": {"executed_lines": [277, 278, 280, 286], "summary": {"covered_lines": 4, "num_statements": 4, "percent_covered": 100.0, "percent_covered_display": "100", "missing_lines": 0, "excluded_lines": 0, "percent_statements_covered": 100.0, "percent_statements_covered_display": "100"}, "missing_lines": [], "excluded_lines": [], "start_line": 275}, "": {"executed_lines": [6, 7, 8, 9, 10, 13, 16, 20, 76, 139, 159, 212, 254, 268, 275], "summary": {"covered_lines": 15, "num_statements": 15, "percent_covered": 100.0, "percent_covered_display": "100", "missing_lines": 0, "excluded_lines": 0, "percent_statements_covered": 100.0, "percent_statements_covered_display": "100"}, "missing_lines": [], "excluded_lines": [], "start_line": 1}}, "classes": {"PostmanCollectionGenerator": {"executed_lines": [17, 18, 22, 55, 56, 57, 58, 61, 62, 68, 69, 70, 72, 74, 78, 79, 80, 83, 86, 96, 97, 98, 107, 110, 112, 119, 120, 128, 137, 142, 143, 144, 146, 152, 153, 157, 161, 162, 163, 170, 171, 172, 173, 174, 177, 178, 179, 180, 184, 185, 186, 187, 188, 189, 190, 193, 194, 195, 196, 201, 202, 203, 204, 205, 206, 207, 208, 210, 214, 215, 216, 217, 218, 220, 222, 223, 224, 225, 226, 227, 228, 229, 230, 232, 233, 235, 236, 240, 241, 242, 244, 245, 246, 247, 249, 251, 252, 256, 257, 258, 260, 261, 262, 263, 264, 266, 270, 271, 272, 273, 277, 278, 280, 286], "summary": {"covered_lines": 114, "num_statements": 120, "percent_covered": 95.0, "percent_covered_display": "95", "missing_lines": 6, "excluded_lines": 0, "percent_statements_covered": 95.0, "percent_statements_covered_display": "95"}, "missing_lines": [129, 197, 198, 234, 238, 239], "excluded_lines": [], "start_line": 13}, "": {"executed_lines": [6, 7, 8, 9, 10, 13, 16, 20, 76, 139, 159, 212, 254, 268, 275], "summary": {"covered_lines": 15, "num_statements": 15, "percent_covered": 100.0, "percent_covered_display": "100", "missing_lines": 0, "excluded_lines": 0, "percent_statements_covered": 100.0, "percent_statements_covered_display": "100"}, "missing_lines": [], "excluded_lines": [], "start_line": 1}}}, "main.py": {"executed_lines": [11, 12, 13, 14, 15, 16, 19, 21, 22, 23, 24, 25, 26, 27, 30, 32, 33, 35, 36, 37, 38, 39, 41, 42, 43, 44, 46, 47, 48, 49, 51, 54, 56, 57, 59, 60, 61, 62, 63, 64, 66, 71, 74, 76, 83, 86, 87, 88, 93, 94, 95, 96, 97, 100, 101, 102, 103, 106, 109, 110, 111, 112, 113, 115, 116, 118, 119, 120, 121, 124, 125, 126, 128, 129, 130, 131, 132, 133, 136, 137, 138, 141, 142, 143, 144, 146, 147, 148, 150, 151, 152, 153, 155, 156, 157, 158, 161, 162, 163, 166, 174, 175, 176, 177, 179, 180, 182, 183, 184, 185, 186, 188, 189, 190, 191, 194, 199, 200, 201, 203, 204, 205, 206, 209, 211, 212, 213, 214, 215, 216, 217, 220, 222, 223, 224, 225, 226, 229, 230, 231, 232, 235, 236, 237, 238, 241, 242, 243, 244, 245, 246, 248, 249, 250, 251, 252, 253, 254, 255, 256, 259, 260, 276, 279, 280, 283, 284, 287, 288, 291, 294, 295, 296, 299, 300, 303, 304, 305, 308, 309, 311, 313, 314, 315, 317, 328, 331], "summary": {"covered_lines": 187, "num_statements": 193, "percent_covered": 96.89119170984456, "percent_covered_display": "97", "missing_lines": 6, "excluded_lines": 0, "percent_statements_covered": 96.89119170984456, "percent_statements_covered_display": "97"}, "missing_lines": [67, 68, 69, 338, 339, 340], "excluded_lines": [], "functions": {"parse_spec": {"executed_lines": [32, 33, 35, 36, 37, 38, 39, 41, 42, 43, 44, 46, 47, 48, 49, 51], "summary": {"covered_lines": 16, "num_statements": 16, "percent_covered": 100.0, "percent_covered_display": "100", "missing_lines": 0, "excluded_lines": 0, "percent_statements_covered": 100.0, "percent_statements_covered_display": "100"}, "missing_lines": [], "excluded_lines": [], "start_line": 30}, "validate_spec": {"executed_lines": [56, 57, 59, 60, 61, 62, 63, 64, 66, 71], "summary": {"covered_lines": 10, "num_statements": 13, "percent_covered": 76.92307692307692, "percent_covered_display": "77", "missing_lines": 3, "excluded_lines": 0, "percent_statements_covered": 76.92307692307692, "percent_statements_covered_display": "77"}, "missing_lines": [67, 68, 69], "excluded_lines": [], "start_line": 54}, "generate_tests": {"executed_lines": [76, 83, 86, 87, 88, 93, 94, 95, 96, 97, 100, 101, 102, 103], "summary": {"covered_lines": 14, "num_statements": 14, "percent_covered": 100.0, "percent_covered_display": "100", "missing_lines": 0, "excluded_lines": 0, "percent_statements_covered": 100.0, "percent_statements_covered_display": "100"}, "missing_lines": [], "excluded_lines": [], "start_line": 74}, "run_tests": {"executed_lines": [109, 110, 111, 112, 113, 115, 116, 118, 119, 120, 121, 124, 125, 126, 128, 129, 130, 131, 132, 133, 136, 137, 138, 141, 142, 143, 144, 146, 147, 148, 150, 151, 152, 153, 155, 156, 157, 158, 161, 162, 163], "summary": {"covered_lines": 41, "num_statements": 41, "percent_covered": 100.0, "percent_covered_display": "100", "missing_lines": 0, "excluded_lines": 0, "percent_statements_covered": 100.0, "percent_statements_covered_display": "100"}, "missing_lines": [], "excluded_lines": [], "start_line": 106}, "run_contract_validation": {"executed_lines": [174, 175, 176, 177, 179, 180, 182, 183, 184, 185, 186, 188, 189, 190, 191], "summary": {"covered_lines": 15, "num_statements": 15, "percent_covered": 100.0, "percent_covered_display": "100", "missing_lines": 0, "excluded_lines": 0, "percent_statements_covered": 100.0, "percent_statements_covered_display": "100"}, "missing_lines": [], "excluded_lines": [], "start_line": 166}, "build_dashboard": {"executed_lines": [199, 200, 201, 203, 204, 205, 206], "summary": {"covered_lines": 7, "num_statements": 7, "percent_covered": 100.0, "percent_covered_display": "100", "missing_lines": 0, "excluded_lines": 0, "percent_statements_covered": 100.0, "percent_statements_covered_display": "100"}, "missing_lines": [], "excluded_lines": [], "start_line": 194}, "run_api": {"executed_lines": [211, 212, 213, 214, 215, 216, 217], "summary": {"covered_lines": 7, "num_statements": 7, "percent_covered": 100.0, "percent_covered_display": "100", "missing_lines": 0, "excluded_lines": 0, "percent_statements_covered": 100.0, "percent_statements_covered_display": "100"}, "missing_lines": [], "excluded_lines": [], "start_line": 209}, "full_pipeline": {"executed_lines": [222, 223, 224, 225, 226, 229, 230, 231, 232, 235, 236, 237, 238, 241, 242, 243, 244, 245, 246, 248, 249, 250, 251, 252, 253, 254, 255, 256], "summary": {"covered_lines": 28, "num_statements": 28, "percent_covered": 100.0, "percent_covered_display": "100", "missing_lines": 0, "excluded_lines": 0, "percent_statements_covered": 100.0, "percent_statements_covered_display": "100"}, "missing_lines": [], "excluded_lines": [], "start_line": 220}, "main": {"executed_lines": [260, 276, 279, 280, 283, 284, 287, 288, 291, 294, 295, 296, 299, 300, 303, 304, 305, 308, 309, 311, 313, 314, 315, 317, 328], "summary": {"covered_lines": 25, "num_statements": 25, "percent_covered": 100.0, "percent_covered_display": "100", "missing_lines": 0, "excluded_lines": 0, "percent_statements_covered": 100.0, "percent_statements_covered_display": "100"}, "missing_lines": [], "excluded_lines": [], "start_line": 259}, "": {"executed_lines": [11, 12, 13, 14, 15, 16, 19, 21, 22, 23, 24, 25, 26, 27, 30, 54, 74, 106, 166, 194, 209, 220, 259, 331], "summary": {"covered_lines": 24, "num_statements": 27, "percent_covered": 88.88888888888889, "percent_covered_display": "89", "missing_lines": 3, "excluded_lines": 0, "percent_statements_covered": 88.88888888888889, "percent_statements_covered_display": "89"}, "missing_lines": [338, 339, 340], "excluded_lines": [], "start_line": 1}}, "classes": {"": {"executed_lines": [11, 12, 13, 14, 15, 16, 19, 21, 22, 23, 24, 25, 26, 27, 30, 32, 33, 35, 36, 37, 38, 39, 41, 42, 43, 44, 46, 47, 48, 49, 51, 54, 56, 57, 59, 60, 61, 62, 63, 64, 66, 71, 74, 76, 83, 86, 87, 88, 93, 94, 95, 96, 97, 100, 101, 102, 103, 106, 109, 110, 111, 112, 113, 115, 116, 118, 119, 120, 121, 124, 125, 126, 128, 129, 130, 131, 132, 133, 136, 137, 138, 141, 142, 143, 144, 146, 147, 148, 150, 151, 152, 153, 155, 156, 157, 158, 161, 162, 163, 166, 174, 175, 176, 177, 179, 180, 182, 183, 184, 185, 186, 188, 189, 190, 191, 194, 199, 200, 201, 203, 204, 205, 206, 209, 211, 212, 213, 214, 215, 216, 217, 220, 222, 223, 224, 225, 226, 229, 230, 231, 232, 235, 236, 237, 238, 241, 242, 243, 244, 245, 246, 248, 249, 250, 251, 252, 253, 254, 255, 256, 259, 260, 276, 279, 280, 283, 284, 287, 288, 291, 294, 295, 296, 299, 300, 303, 304, 305, 308, 309, 311, 313, 314, 315, 317, 328, 331], "summary": {"covered_lines": 187, "num_statements": 193, "percent_covered": 96.89119170984456, "percent_covered_display": "97", "missing_lines": 6, "excluded_lines": 0, "percent_statements_covered": 96.89119170984456, "percent_statements_covered_display": "97"}, "missing_lines": [67, 68, 69, 338, 339, 340], "excluded_lines": [], "start_line": 1}}}, "reports/__init__.py": {"executed_lines": [], "summary": {"covered_lines": 0, "num_statements": 0, "percent_covered": 100.0, "percent_covered_display": "100", "missing_lines": 0, "excluded_lines": 0, "percent_statements_covered": 100.0, "percent_statements_covered_display": "100"}, "missing_lines": [], "excluded_lines": [], "functions": {"": {"executed_lines": [], "summary": {"covered_lines": 0, "num_statements": 0, "percent_covered": 100.0, "percent_covered_display": "100", "missing_lines": 0, "excluded_lines": 0, "percent_statements_covered": 100.0, "percent_statements_covered_display": "100"}, "missing_lines": [], "excluded_lines": [], "start_line": 1}}, "classes": {"": {"executed_lines": [], "summary": {"covered_lines": 0, "num_statements": 0, "percent_covered": 100.0, "percent_covered_display": "100", "missing_lines": 0, "excluded_lines": 0, "percent_statements_covered": 100.0, "percent_statements_covered_display": "100"}, "missing_lines": [], "excluded_lines": [], "start_line": 1}}}, "reports/dashboard_generator.py": {"executed_lines": [21, 22, 23, 24, 25, 28, 36, 37, 38, 39, 40, 41, 44, 46, 49, 50, 53, 56, 57, 64, 65, 71, 72, 73, 74, 75, 76, 78, 91, 93, 94, 96, 97, 99, 100, 101, 102, 104, 105, 106, 107, 112, 113, 114, 115, 117, 118, 119, 121, 122, 123, 125, 126, 128, 129, 130, 132, 134, 142, 143, 144, 145, 146, 147, 148, 151, 152, 153, 154, 156, 162, 164, 171, 172, 173, 174, 175, 176, 177, 183, 184, 185, 186, 187, 195, 197, 199, 200, 201, 202, 213, 214, 215, 217, 218, 219, 221, 222, 223, 224, 225, 226, 227, 239, 255, 256, 257, 259, 260, 261, 263, 264, 265, 266, 267, 268, 276, 277, 278, 279, 280, 281, 297, 302, 303, 304, 306, 307, 309, 310, 311, 312, 319, 327, 328, 329, 331, 332, 333, 334, 342, 354, 355, 357, 358, 359, 360, 361, 362, 364, 365, 367, 439, 440, 441, 442, 448, 449, 450, 707, 708, 709], "summary": {"covered_lines": 162, "num_statements": 166, "percent_covered": 97.59036144578313, "percent_covered_display": "98", "missing_lines": 4, "excluded_lines": 0, "percent_statements_covered": 97.59036144578313, "percent_statements_covered_display": "98"}, "missing_lines": [108, 109, 110, 155], "excluded_lines": [], "functions": {"_load_json": {"executed_lines": [36, 37, 38, 39, 40, 41], "summary": {"covered_lines": 6, "num_statements": 6, "percent_covered": 100.0, "percent_covered_display": "100", "missing_lines": 0, "excluded_lines": 0, "percent_statements_covered": 100.0, "percent_statements_covered_display": "100"}, "missing_lines": [], "excluded_lines": [], "start_line": 28}, "_esc": {"executed_lines": [46], "summary": {"covered_lines": 1, "num_statements": 1, "percent_covered": 100.0, "percent_covered_display": "100", "missing_lines": 0, "excluded_lines": 0, "percent_statements_covered": 100.0, "percent_statements_covered_display": "100"}, "missing_lines": [], "excluded_lines": [], "start_line": 44}, "_pct": {"executed_lines": [50], "summary": {"covered_lines": 1, "num_statements": 1, "percent_covered": 100.0, "percent_covered_display": "100", "missing_lines": 0, "excluded_lines": 0, "percent_statements_covered": 100.0, "percent_statements_covered_display": "100"}, "missing_lines": [], "excluded_lines": [], "start_line": 49}, "DashboardGenerator.__init__": {"executed_lines": [65], "summary": {"covered_lines": 1, "num_statements": 1, "percent_covered": 100.0, "percent_covered_display": "100", "missing_lines": 0, "excluded_lines": 0, "percent_statements_covered": 100.0, "percent_statements_covered_display": "100"}, "missing_lines": [], "excluded_lines": [], "start_line": 64}, "DashboardGenerator.collect_data": {"executed_lines": [72, 73, 74, 75, 76, 78], "summary": {"covered_lines": 6, "num_statements": 6, "percent_covered": 100.0, "percent_covered_display": "100", "missing_lines": 0, "excluded_lines": 0, "percent_statements_covered": 100.0, "percent_statements_covered_display": "100"}, "missing_lines": [], "excluded_lines": [], "start_line": 71}, "DashboardGenerator._overall_health": {"executed_lines": [93, 94, 96, 97, 99, 100, 101, 102, 104, 105, 106, 107], "summary": {"covered_lines": 12, "num_statements": 15, "percent_covered": 80.0, "percent_covered_display": "80", "missing_lines": 3, "excluded_lines": 0, "percent_statements_covered": 80.0, "percent_statements_covered_display": "80"}, "missing_lines": [108, 109, 110], "excluded_lines": [], "start_line": 91}, "DashboardGenerator._pipeline_stages": {"executed_lines": [113, 114, 115, 117, 118, 119, 121, 122, 123, 125, 126, 128, 129, 130, 132, 134], "summary": {"covered_lines": 16, "num_statements": 16, "percent_covered": 100.0, "percent_covered_display": "100", "missing_lines": 0, "excluded_lines": 0, "percent_statements_covered": 100.0, "percent_statements_covered_display": "100"}, "missing_lines": [], "excluded_lines": [], "start_line": 112}, "DashboardGenerator._coverage_summary": {"executed_lines": [143, 144, 145, 146, 147, 148, 151, 152, 153, 154, 156, 162, 164], "summary": {"covered_lines": 13, "num_statements": 14, "percent_covered": 92.85714285714286, "percent_covered_display": "93", "missing_lines": 1, "excluded_lines": 0, "percent_statements_covered": 92.85714285714286, "percent_statements_covered_display": "93"}, "missing_lines": [155], "excluded_lines": [], "start_line": 142}, "DashboardGenerator._coverage_color": {"executed_lines": [173, 174, 175, 176, 177], "summary": {"covered_lines": 5, "num_statements": 5, "percent_covered": 100.0, "percent_covered_display": "100", "missing_lines": 0, "excluded_lines": 0, "percent_statements_covered": 100.0, "percent_statements_covered_display": "100"}, "missing_lines": [], "excluded_lines": [], "start_line": 172}, "DashboardGenerator._render_pipeline_schematic": {"executed_lines": [184, 185, 186, 187, 195], "summary": {"covered_lines": 5, "num_statements": 5, "percent_covered": 100.0, "percent_covered_display": "100", "missing_lines": 0, "excluded_lines": 0, "percent_statements_covered": 100.0, "percent_statements_covered_display": "100"}, "missing_lines": [], "excluded_lines": [], "start_line": 183}, "DashboardGenerator._render_donut": {"executed_lines": [199, 200, 201, 202], "summary": {"covered_lines": 4, "num_statements": 4, "percent_covered": 100.0, "percent_covered_display": "100", "missing_lines": 0, "excluded_lines": 0, "percent_statements_covered": 100.0, "percent_statements_covered_display": "100"}, "missing_lines": [], "excluded_lines": [], "start_line": 197}, "DashboardGenerator._render_test_table": {"executed_lines": [214, 215, 217, 218, 219, 221, 222, 223, 224, 225, 226, 227, 239], "summary": {"covered_lines": 13, "num_statements": 13, "percent_covered": 100.0, "percent_covered_display": "100", "missing_lines": 0, "excluded_lines": 0, "percent_statements_covered": 100.0, "percent_statements_covered_display": "100"}, "missing_lines": [], "excluded_lines": [], "start_line": 213}, "DashboardGenerator._render_failure_analysis": {"executed_lines": [256, 257, 259, 260, 261, 263, 264, 265, 266, 267, 268, 276, 277, 278, 279, 280, 281, 297], "summary": {"covered_lines": 18, "num_statements": 18, "percent_covered": 100.0, "percent_covered_display": "100", "missing_lines": 0, "excluded_lines": 0, "percent_statements_covered": 100.0, "percent_statements_covered_display": "100"}, "missing_lines": [], "excluded_lines": [], "start_line": 255}, "DashboardGenerator._render_contract_validation": {"executed_lines": [303, 304, 306, 307, 309, 319], "summary": {"covered_lines": 6, "num_statements": 6, "percent_covered": 100.0, "percent_covered_display": "100", "missing_lines": 0, "excluded_lines": 0, "percent_statements_covered": 100.0, "percent_statements_covered_display": "100"}, "missing_lines": [], "excluded_lines": [], "start_line": 302}, "DashboardGenerator._render_contract_validation.row": {"executed_lines": [310, 311, 312], "summary": {"covered_lines": 3, "num_statements": 3, "percent_covered": 100.0, "percent_covered_display": "100", "missing_lines": 0, "excluded_lines": 0, "percent_statements_covered": 100.0, "percent_statements_covered_display": "100"}, "missing_lines": [], "excluded_lines": [], "start_line": 309}, "DashboardGenerator._render_coverage": {"executed_lines": [328, 329, 331, 332, 333, 334, 342], "summary": {"covered_lines": 7, "num_statements": 7, "percent_covered": 100.0, "percent_covered_display": "100", "missing_lines": 0, "excluded_lines": 0, "percent_statements_covered": 100.0, "percent_statements_covered_display": "100"}, "missing_lines": [], "excluded_lines": [], "start_line": 327}, "DashboardGenerator.generate": {"executed_lines": [355, 357, 358, 359, 360, 361, 362, 364, 365, 367, 439, 440, 441, 442], "summary": {"covered_lines": 14, "num_statements": 14, "percent_covered": 100.0, "percent_covered_display": "100", "missing_lines": 0, "excluded_lines": 0, "percent_statements_covered": 100.0, "percent_statements_covered_display": "100"}, "missing_lines": [], "excluded_lines": [], "start_line": 354}, "DashboardGenerator._css": {"executed_lines": [450], "summary": {"covered_lines": 1, "num_statements": 1, "percent_covered": 100.0, "percent_covered_display": "100", "missing_lines": 0, "excluded_lines": 0, "percent_statements_covered": 100.0, "percent_statements_covered_display": "100"}, "missing_lines": [], "excluded_lines": [], "start_line": 449}, "DashboardGenerator._js": {"executed_lines": [709], "summary": {"covered_lines": 1, "num_statements": 1, "percent_covered": 100.0, "percent_covered_display": "100", "missing_lines": 0, "excluded_lines": 0, "percent_statements_covered": 100.0, "percent_statements_covered_display": "100"}, "missing_lines": [], "excluded_lines": [], "start_line": 708}, "": {"executed_lines": [21, 22, 23, 24, 25, 28, 44, 49, 53, 56, 57, 64, 71, 91, 112, 142, 171, 172, 183, 197, 213, 255, 302, 327, 354, 448, 449, 707, 708], "summary": {"covered_lines": 29, "num_statements": 29, "percent_covered": 100.0, "percent_covered_display": "100", "missing_lines": 0, "excluded_lines": 0, "percent_statements_covered": 100.0, "percent_statements_covered_display": "100"}, "missing_lines": [], "excluded_lines": [], "start_line": 1}}, "classes": {"DashboardGenerator": {"executed_lines": [65, 72, 73, 74, 75, 76, 78, 93, 94, 96, 97, 99, 100, 101, 102, 104, 105, 106, 107, 113, 114, 115, 117, 118, 119, 121, 122, 123, 125, 126, 128, 129, 130, 132, 134, 143, 144, 145, 146, 147, 148, 151, 152, 153, 154, 156, 162, 164, 173, 174, 175, 176, 177, 184, 185, 186, 187, 195, 199, 200, 201, 202, 214, 215, 217, 218, 219, 221, 222, 223, 224, 225, 226, 227, 239, 256, 257, 259, 260, 261, 263, 264, 265, 266, 267, 268, 276, 277, 278, 279, 280, 281, 297, 303, 304, 306, 307, 309, 310, 311, 312, 319, 328, 329, 331, 332, 333, 334, 342, 355, 357, 358, 359, 360, 361, 362, 364, 365, 367, 439, 440, 441, 442, 450, 709], "summary": {"covered_lines": 125, "num_statements": 129, "percent_covered": 96.89922480620154, "percent_covered_display": "97", "missing_lines": 4, "excluded_lines": 0, "percent_statements_covered": 96.89922480620154, "percent_statements_covered_display": "97"}, "missing_lines": [108, 109, 110, 155], "excluded_lines": [], "start_line": 53}, "": {"executed_lines": [21, 22, 23, 24, 25, 28, 36, 37, 38, 39, 40, 41, 44, 46, 49, 50, 53, 56, 57, 64, 71, 91, 112, 142, 171, 172, 183, 197, 213, 255, 302, 327, 354, 448, 449, 707, 708], "summary": {"covered_lines": 37, "num_statements": 37, "percent_covered": 100.0, "percent_covered_display": "100", "missing_lines": 0, "excluded_lines": 0, "percent_statements_covered": 100.0, "percent_statements_covered_display": "100"}, "missing_lines": [], "excluded_lines": [], "start_line": 1}}}, "reports/failure_analyzer.py": {"executed_lines": [6, 7, 8, 9, 10, 13, 16, 17, 18, 19, 21, 23, 24, 25, 26, 36, 38, 39, 40, 46, 47, 48, 49, 51, 53, 61, 63, 64, 65, 67, 69, 71, 96, 97, 98, 111, 112, 113, 114, 115, 117, 123, 125, 126, 127, 129, 131, 132, 133, 136, 137, 138, 139, 140, 141, 142, 145, 146, 147, 148, 150, 151, 152, 153, 154, 155, 156, 157, 158, 159, 160, 161, 162, 163, 164, 165, 166, 167, 168, 170, 171, 172, 173, 175, 176, 177, 178, 179, 180, 182, 188, 200, 202, 203, 204, 205, 207, 208, 209, 211, 223, 225, 226, 227, 228], "summary": {"covered_lines": 105, "num_statements": 111, "percent_covered": 94.5945945945946, "percent_covered_display": "95", "missing_lines": 6, "excluded_lines": 0, "percent_statements_covered": 94.5945945945946, "percent_statements_covered_display": "95"}, "missing_lines": [33, 34, 118, 119, 120, 121], "excluded_lines": [], "functions": {"FailureAnalyzer.__init__": {"executed_lines": [17, 18, 19], "summary": {"covered_lines": 3, "num_statements": 3, "percent_covered": 100.0, "percent_covered_display": "100", "missing_lines": 0, "excluded_lines": 0, "percent_statements_covered": 100.0, "percent_statements_covered_display": "100"}, "missing_lines": [], "excluded_lines": [], "start_line": 16}, "FailureAnalyzer._init_llm": {"executed_lines": [23, 24, 25, 26], "summary": {"covered_lines": 4, "num_statements": 6, "percent_covered": 66.66666666666667, "percent_covered_display": "67", "missing_lines": 2, "excluded_lines": 0, "percent_statements_covered": 66.66666666666667, "percent_statements_covered_display": "67"}, "missing_lines": [33, 34], "excluded_lines": [], "start_line": 21}, "FailureAnalyzer.analyze_failures": {"executed_lines": [38, 39, 40, 46, 47, 48, 49, 51, 53], "summary": {"covered_lines": 9, "num_statements": 9, "percent_covered": 100.0, "percent_covered_display": "100", "missing_lines": 0, "excluded_lines": 0, "percent_statements_covered": 100.0, "percent_statements_covered_display": "100"}, "missing_lines": [], "excluded_lines": [], "start_line": 36}, "FailureAnalyzer._analyze_single_failure": {"executed_lines": [63, 64, 65], "summary": {"covered_lines": 3, "num_statements": 3, "percent_covered": 100.0, "percent_covered_display": "100", "missing_lines": 0, "excluded_lines": 0, "percent_statements_covered": 100.0, "percent_statements_covered_display": "100"}, "missing_lines": [], "excluded_lines": [], "start_line": 61}, "FailureAnalyzer._ai_analyze_failure": {"executed_lines": [69, 71, 96, 97, 98, 111, 112, 113, 114, 115, 117, 123, 125, 126, 127], "summary": {"covered_lines": 15, "num_statements": 19, "percent_covered": 78.94736842105263, "percent_covered_display": "79", "missing_lines": 4, "excluded_lines": 0, "percent_statements_covered": 78.94736842105263, "percent_statements_covered_display": "79"}, "missing_lines": [118, 119, 120, 121], "excluded_lines": [], "start_line": 67}, "FailureAnalyzer._rule_based_analyze": {"executed_lines": [131, 132, 133, 136, 137, 138, 139, 140, 141, 142, 145, 146, 147, 148, 150, 151, 152, 153, 154, 155, 156, 157, 158, 159, 160, 161, 162, 163, 164, 165, 166, 167, 168, 170, 171, 172, 173, 175, 176, 177, 178, 179, 180, 182, 188], "summary": {"covered_lines": 45, "num_statements": 45, "percent_covered": 100.0, "percent_covered_display": "100", "missing_lines": 0, "excluded_lines": 0, "percent_statements_covered": 100.0, "percent_statements_covered_display": "100"}, "missing_lines": [], "excluded_lines": [], "start_line": 129}, "FailureAnalyzer._generate_summary": {"executed_lines": [202, 203, 204, 205, 207, 208, 209, 211], "summary": {"covered_lines": 8, "num_statements": 8, "percent_covered": 100.0, "percent_covered_display": "100", "missing_lines": 0, "excluded_lines": 0, "percent_statements_covered": 100.0, "percent_statements_covered_display": "100"}, "missing_lines": [], "excluded_lines": [], "start_line": 200}, "FailureAnalyzer.save_report": {"executed_lines": [225, 226, 227, 228], "summary": {"covered_lines": 4, "num_statements": 4, "percent_covered": 100.0, "percent_covered_display": "100", "missing_lines": 0, "excluded_lines": 0, "percent_statements_covered": 100.0, "percent_statements_covered_display": "100"}, "missing_lines": [], "excluded_lines": [], "start_line": 223}, "": {"executed_lines": [6, 7, 8, 9, 10, 13, 16, 21, 36, 61, 67, 129, 200, 223], "summary": {"covered_lines": 14, "num_statements": 14, "percent_covered": 100.0, "percent_covered_display": "100", "missing_lines": 0, "excluded_lines": 0, "percent_statements_covered": 100.0, "percent_statements_covered_display": "100"}, "missing_lines": [], "excluded_lines": [], "start_line": 1}}, "classes": {"FailureAnalyzer": {"executed_lines": [17, 18, 19, 23, 24, 25, 26, 38, 39, 40, 46, 47, 48, 49, 51, 53, 63, 64, 65, 69, 71, 96, 97, 98, 111, 112, 113, 114, 115, 117, 123, 125, 126, 127, 131, 132, 133, 136, 137, 138, 139, 140, 141, 142, 145, 146, 147, 148, 150, 151, 152, 153, 154, 155, 156, 157, 158, 159, 160, 161, 162, 163, 164, 165, 166, 167, 168, 170, 171, 172, 173, 175, 176, 177, 178, 179, 180, 182, 188, 202, 203, 204, 205, 207, 208, 209, 211, 225, 226, 227, 228], "summary": {"covered_lines": 91, "num_statements": 97, "percent_covered": 93.81443298969072, "percent_covered_display": "94", "missing_lines": 6, "excluded_lines": 0, "percent_statements_covered": 93.81443298969072, "percent_statements_covered_display": "94"}, "missing_lines": [33, 34, 118, 119, 120, 121], "excluded_lines": [], "start_line": 13}, "": {"executed_lines": [6, 7, 8, 9, 10, 13, 16, 21, 36, 61, 67, 129, 200, 223], "summary": {"covered_lines": 14, "num_statements": 14, "percent_covered": 100.0, "percent_covered_display": "100", "missing_lines": 0, "excluded_lines": 0, "percent_statements_covered": 100.0, "percent_statements_covered_display": "100"}, "missing_lines": [], "excluded_lines": [], "start_line": 1}}}, "tests/__init__.py": {"executed_lines": [], "summary": {"covered_lines": 0, "num_statements": 0, "percent_covered": 100.0, "percent_covered_display": "100", "missing_lines": 0, "excluded_lines": 0, "percent_statements_covered": 100.0, "percent_statements_covered_display": "100"}, "missing_lines": [], "excluded_lines": [], "functions": {"": {"executed_lines": [], "summary": {"covered_lines": 0, "num_statements": 0, "percent_covered": 100.0, "percent_covered_display": "100", "missing_lines": 0, "excluded_lines": 0, "percent_statements_covered": 100.0, "percent_statements_covered_display": "100"}, "missing_lines": [], "excluded_lines": [], "start_line": 1}}, "classes": {"": {"executed_lines": [], "summary": {"covered_lines": 0, "num_statements": 0, "percent_covered": 100.0, "percent_covered_display": "100", "missing_lines": 0, "excluded_lines": 0, "percent_statements_covered": 100.0, "percent_statements_covered_display": "100"}, "missing_lines": [], "excluded_lines": [], "start_line": 1}}}, "tests/conftest.py": {"executed_lines": [5, 6, 7, 8, 9, 12, 14, 15, 18, 19, 22, 23, 24, 25, 26, 29, 30, 32, 35, 36, 38, 48, 49, 51, 180, 181, 183], "summary": {"covered_lines": 27, "num_statements": 27, "percent_covered": 100.0, "percent_covered_display": "100", "missing_lines": 0, "excluded_lines": 0, "percent_statements_covered": 100.0, "percent_statements_covered_display": "100"}, "missing_lines": [], "excluded_lines": [], "functions": {"api_client": {"executed_lines": [22, 23, 24, 25, 26], "summary": {"covered_lines": 5, "num_statements": 5, "percent_covered": 100.0, "percent_covered_display": "100", "missing_lines": 0, "excluded_lines": 0, "percent_statements_covered": 100.0, "percent_statements_covered_display": "100"}, "missing_lines": [], "excluded_lines": [], "start_line": 19}, "spec_path": {"executed_lines": [32], "summary": {"covered_lines": 1, "num_statements": 1, "percent_covered": 100.0, "percent_covered_display": "100", "missing_lines": 0, "excluded_lines": 0, "percent_statements_covered": 100.0, "percent_statements_covered_display": "100"}, "missing_lines": [], "excluded_lines": [], "start_line": 30}, "sample_pet_data": {"executed_lines": [38], "summary": {"covered_lines": 1, "num_statements": 1, "percent_covered": 100.0, "percent_covered_display": "100", "missing_lines": 0, "excluded_lines": 0, "percent_statements_covered": 100.0, "percent_statements_covered_display": "100"}, "missing_lines": [], "excluded_lines": [], "start_line": 36}, "sample_pipeline_result": {"executed_lines": [51], "summary": {"covered_lines": 1, "num_statements": 1, "percent_covered": 100.0, "percent_covered_display": "100", "missing_lines": 0, "excluded_lines": 0, "percent_statements_covered": 100.0, "percent_statements_covered_display": "100"}, "missing_lines": [], "excluded_lines": [], "start_line": 49}, "sample_execution_results": {"executed_lines": [183], "summary": {"covered_lines": 1, "num_statements": 1, "percent_covered": 100.0, "percent_covered_display": "100", "missing_lines": 0, "excluded_lines": 0, "percent_statements_covered": 100.0, "percent_statements_covered_display": "100"}, "missing_lines": [], "excluded_lines": [], "start_line": 181}, "": {"executed_lines": [5, 6, 7, 8, 9, 12, 14, 15, 18, 19, 29, 30, 35, 36, 48, 49, 180, 181], "summary": {"covered_lines": 18, "num_statements": 18, "percent_covered": 100.0, "percent_covered_display": "100", "missing_lines": 0, "excluded_lines": 0, "percent_statements_covered": 100.0, "percent_statements_covered_display": "100"}, "missing_lines": [], "excluded_lines": [], "start_line": 1}}, "classes": {"": {"executed_lines": [5, 6, 7, 8, 9, 12, 14, 15, 18, 19, 22, 23, 24, 25, 26, 29, 30, 32, 35, 36, 38, 48, 49, 51, 180, 181, 183], "summary": {"covered_lines": 27, "num_statements": 27, "percent_covered": 100.0, "percent_covered_display": "100", "missing_lines": 0, "excluded_lines": 0, "percent_statements_covered": 100.0, "percent_statements_covered_display": "100"}, "missing_lines": [], "excluded_lines": [], "start_line": 1}}}, "tests/test_ai_fallback_safety.py": {"executed_lines": [12, 14, 16, 17, 20, 21, 22, 23, 24, 25, 26, 28, 29, 30, 33, 34, 36, 40, 42, 43, 44, 46, 47, 48, 50, 54, 56, 57, 59, 60, 61, 62, 64, 66, 67, 69, 73, 75, 76, 78, 79, 80, 81, 83, 84, 88, 89, 90, 92, 93, 94, 96, 97, 99, 103, 104, 105, 107, 108, 109, 110, 111, 114, 115, 116, 117, 119, 122, 123, 125, 126, 128, 129, 131, 132, 133, 135, 136, 137, 138, 139], "summary": {"covered_lines": 81, "num_statements": 82, "percent_covered": 98.78048780487805, "percent_covered_display": "99", "missing_lines": 1, "excluded_lines": 0, "percent_statements_covered": 98.78048780487805, "percent_statements_covered_display": "99"}, "missing_lines": [120], "excluded_lines": [], "functions": {"TestOrchestratorAIFallback._orchestrator_with_broken_gemini": {"executed_lines": [22, 23, 24, 25, 26], "summary": {"covered_lines": 5, "num_statements": 5, "percent_covered": 100.0, "percent_covered_display": "100", "missing_lines": 0, "excluded_lines": 0, "percent_statements_covered": 100.0, "percent_statements_covered_display": "100"}, "missing_lines": [], "excluded_lines": [], "start_line": 21}, "TestOrchestratorAIFallback.test_generate_test_cases_falls_back_on_ai_exception": {"executed_lines": [29, 30, 33, 36, 40, 42, 43, 44], "summary": {"covered_lines": 8, "num_statements": 8, "percent_covered": 100.0, "percent_covered_display": "100", "missing_lines": 0, "excluded_lines": 0, "percent_statements_covered": 100.0, "percent_statements_covered_display": "100"}, "missing_lines": [], "excluded_lines": [], "start_line": 28}, "TestOrchestratorAIFallback.test_generate_test_cases_falls_back_on_ai_exception.raise_invoke": {"executed_lines": [34], "summary": {"covered_lines": 1, "num_statements": 1, "percent_covered": 100.0, "percent_covered_display": "100", "missing_lines": 0, "excluded_lines": 0, "percent_statements_covered": 100.0, "percent_statements_covered_display": "100"}, "missing_lines": [], "excluded_lines": [], "start_line": 33}, "TestOrchestratorAIFallback.test_generate_test_cases_falls_back_on_unparseable_ai_output": {"executed_lines": [47, 48, 50, 54, 56, 57], "summary": {"covered_lines": 6, "num_statements": 6, "percent_covered": 100.0, "percent_covered_display": "100", "missing_lines": 0, "excluded_lines": 0, "percent_statements_covered": 100.0, "percent_statements_covered_display": "100"}, "missing_lines": [], "excluded_lines": [], "start_line": 46}, "TestOrchestratorAIFallback.test_generate_assertions_falls_back_on_ai_exception": {"executed_lines": [60, 61, 62, 64, 66, 69, 73, 75, 76], "summary": {"covered_lines": 9, "num_statements": 9, "percent_covered": 100.0, "percent_covered_display": "100", "missing_lines": 0, "excluded_lines": 0, "percent_statements_covered": 100.0, "percent_statements_covered_display": "100"}, "missing_lines": [], "excluded_lines": [], "start_line": 59}, "TestOrchestratorAIFallback.test_generate_assertions_falls_back_on_ai_exception.raise_invoke": {"executed_lines": [67], "summary": {"covered_lines": 1, "num_statements": 1, "percent_covered": 100.0, "percent_covered_display": "100", "missing_lines": 0, "excluded_lines": 0, "percent_statements_covered": 100.0, "percent_statements_covered_display": "100"}, "missing_lines": [], "excluded_lines": [], "start_line": 66}, "TestOrchestratorAIFallback.test_generate_assertions_falls_back_on_unusable_output": {"executed_lines": [79, 80, 81, 83, 84, 88, 89, 90], "summary": {"covered_lines": 8, "num_statements": 8, "percent_covered": 100.0, "percent_covered_display": "100", "missing_lines": 0, "excluded_lines": 0, "percent_statements_covered": 100.0, 
[...]
ecuted_lines": [90, 91, 92], "summary": {"covered_lines": 3, "num_statements": 3, "percent_covered": 100.0, "percent_covered_display": "100", "missing_lines": 0, "excluded_lines": 0, "percent_statements_covered": 100.0, "percent_statements_covered_display": "100"}, "missing_lines": [], "excluded_lines": [], "start_line": 89}, "TestPetsEndpoints.test_get_pet": {"executed_lines": [96, 97, 100, 101, 102, 103, 104], "summary": {"covered_lines": 7, "num_statements": 7, "percent_covered": 100.0, "percent_covered_display": "100", "missing_lines": 0, "excluded_lines": 0, "percent_statements_covered": 100.0, "percent_statements_covered_display": "100"}, "missing_lines": [], "excluded_lines": [], "start_line": 94}, "TestPetsEndpoints.test_get_pet_not_found": {"executed_lines": [107, 108, 109], "summary": {"covered_lines": 3, "num_statements": 3, "percent_covered": 100.0, "percent_covered_display": "100", "missing_lines": 0, "excluded_lines": 0, "percent_statements_covered": 100.0, "percent_statements_covered_display": "100"}, "missing_lines": [], "excluded_lines": [], "start_line": 106}, "TestPetsEndpoints.test_update_pet": {"executed_lines": [112, 113, 115, 116, 117, 118, 119, 120], "summary": {"covered_lines": 8, "num_statements": 8, "percent_covered": 100.0, "percent_covered_display": "100", "missing_lines": 0, "excluded_lines": 0, "percent_statements_covered": 100.0, "percent_statements_covered_display": "100"}, "missing_lines": [], "excluded_lines": [], "start_line": 111}, "TestPetsEndpoints.test_update_pet_not_found": {"executed_lines": [123, 124], "summary": {"covered_lines": 2, "num_statements": 2, "percent_covered": 100.0, "percent_covered_display": "100", "missing_lines": 0, "excluded_lines": 0, "percent_statements_covered": 100.0, "percent_statements_covered_display": "100"}, "missing_lines": [], "excluded_lines": [], "start_line": 122}, "TestPetsEndpoints.test_delete_pet": {"executed_lines": [127, 128, 130, 131, 134, 135], "summary": {"covered_lines": 6, "num_statements": 6, "percent_covered": 100.0, "percent_covered_display": "100", "missing_lines": 0, "excluded_lines": 0, "percent_statements_covered": 100.0, "percent_statements_covered_display": "100"}, "missing_lines": [], "excluded_lines": [], "start_line": 126}, "TestPetsEndpoints.test_delete_pet_not_found": {"executed_lines": [138, 139], "summary": {"covered_lines": 2, "num_statements": 2, "percent_covered": 100.0, "percent_covered_display": "100", "missing_lines": 0, "excluded_lines": 0, "percent_statements_covered": 100.0, "percent_statements_covered_display": "100"}, "missing_lines": [], "excluded_lines": [], "start_line": 137}, "TestOrdersEndpoints.test_create_order": {"executed_lines": [147, 148, 150, 151, 152, 153, 154, 155, 156, 157], "summary": {"covered_lines": 10, "num_statements": 10, "percent_covered": 100.0, "percent_covered_display": "100", "missing_lines": 0, "excluded_lines": 0, "percent_statements_covered": 100.0, "percent_statements_covered_display": "100"}, "missing_lines": [], "excluded_lines": [], "start_line": 145}, "TestOrdersEndpoints.test_create_order_pet_not_found": {"executed_lines": [160, 161], "summary": {"covered_lines": 2, "num_statements": 2, "percent_covered": 100.0, "percent_covered_display": "100", "missing_lines": 0, "excluded_lines": 0, "percent_statements_covered": 100.0, "percent_statements_covered_display": "100"}, "missing_lines": [], "excluded_lines": [], "start_line": 159}, "TestOrdersEndpoints.test_create_order_missing_fields": {"executed_lines": [164, 165], "summary": {"covered_lines": 2, "num_statements": 2, "percent_covered": 100.0, "percent_covered_display": "100", "missing_lines": 0, "excluded_lines": 0, "percent_statements_covered": 100.0, "percent_statements_covered_display": "100"}, "missing_lines": [], "excluded_lines": [], "start_line": 163}, "TestOrdersEndpoints.test_get_order": {"executed_lines": [168, 169, 171, 172, 174, 175, 176, 177, 178], "summary": {"covered_lines": 9, "num_statements": 9, "percent_covered": 100.0, "percent_covered_display": "100", "missing_lines": 0, "excluded_lines": 0, "percent_statements_covered": 100.0, "percent_statements_covered_display": "100"}, "missing_lines": [], "excluded_lines": [], "start_line": 167}, "TestOrdersEndpoints.test_get_order_not_found": {"executed_lines": [181, 182], "summary": {"covered_lines": 2, "num_statements": 2, "percent_covered": 100.0, "percent_covered_display": "100", "missing_lines": 0, "excluded_lines": 0, "percent_statements_covered": 100.0, "percent_statements_covered_display": "100"}, "missing_lines": [], "excluded_lines": [], "start_line": 180}, "TestOrdersEndpoints.test_list_orders": {"executed_lines": [185, 186, 187], "summary": {"covered_lines": 3, "num_statements": 3, "percent_covered": 100.0, "percent_covered_display": "100", "missing_lines": 0, "excluded_lines": 0, "percent_statements_covered": 100.0, "percent_statements_covered_display": "100"}, "missing_lines": [], "excluded_lines": [], "start_line": 184}, "TestStatsEndpoint.test_get_stats": {"executed_lines": [194, 195, 196, 197, 198, 199, 200], "summary": {"covered_lines": 7, "num_statements": 7, "percent_covered": 100.0, "percent_covered_display": "100", "missing_lines": 0, "excluded_lines": 0, "percent_statements_covered": 100.0, "percent_statements_covered_display": "100"}, "missing_lines": [], "excluded_lines": [], "start_line": 193}, "TestStatsEndpoint.test_stats_reflect_data": {"executed_lines": [204, 207, 210, 211], "summary": {"covered_lines": 4, "num_statements": 4, "percent_covered": 100.0, "percent_covered_display": "100", "missing_lines": 0, "excluded_lines": 0, "percent_statements_covered": 100.0, "percent_statements_covered_display": "100"}, "missing_lines": [], "excluded_lines": [], "start_line": 202}, "": {"executed_lines": [6, 7, 10, 13, 22, 25, 32, 38, 44, 50, 54, 65, 69, 74, 79, 84, 89, 94, 106, 111, 122, 126, 137, 142, 145, 159, 163, 167, 180, 184, 190, 193, 202], "summary": {"covered_lines": 33, "num_statements": 33, "percent_covered": 100.0, "percent_covered_display": "100", "missing_lines": 0, "excluded_lines": 0, "percent_statements_covered": 100.0, "percent_statements_covered_display": "100"}, "missing_lines": [], "excluded_lines": [], "start_line": 1}}, "classes": {"TestHealthEndpoint": {"executed_lines": [14, 15, 16, 17, 18, 19], "summary": {"covered_lines": 6, "num_statements": 6, "percent_covered": 100.0, "percent_covered_display": "100", "missing_lines": 0, "excluded_lines": 0, "percent_statements_covered": 100.0, "percent_statements_covered_display": "100"}, "missing_lines": [], "excluded_lines": [], "start_line": 10}, "TestPetsEndpoints": {"executed_lines": [26, 27, 28, 29, 30, 33, 34, 35, 36, 39, 40, 41, 42, 45, 46, 47, 48, 51, 52, 55, 56, 57, 58, 59, 60, 61, 62, 63, 66, 67, 70, 71, 72, 75, 76, 77, 80, 81, 82, 85, 86, 87, 90, 91, 92, 96, 97, 100, 101, 102, 103, 104, 107, 108, 109, 112, 113, 115, 116, 117, 118, 119, 120, 123, 124, 127, 128, 130, 131, 134, 135, 138, 139], "summary": {"covered_lines": 73, "num_statements": 73, "percent_covered": 100.0, "percent_covered_display": "100", "missing_lines": 0, "excluded_lines": 0, "percent_statements_covered": 100.0, "percent_statements_covered_display": "100"}, "missing_lines": [], "excluded_lines": [], "start_line": 22}, "TestOrdersEndpoints": {"executed_lines": [147, 148, 150, 151, 152, 153, 154, 155, 156, 157, 160, 161, 164, 165, 168, 169, 171, 172, 174, 175, 176, 177, 178, 181, 182, 185, 186, 187], "summary": {"covered_lines": 28, "num_statements": 28, "percent_covered": 100.0, "percent_covered_display": "100", "missing_lines": 0, "excluded_lines": 0, "percent_statements_covered": 100.0, "percent_statements_covered_display": "100"}, "missing_lines": [], "excluded_lines": [], "start_line": 142}, "TestStatsEndpoint": {"executed_lines": [194, 195, 196, 197, 198, 199, 200, 204, 207, 210, 211], "summary": {"covered_lines": 11, "num_statements": 11, "percent_covered": 100.0, "percent_covered_display": "100", "missing_lines": 0, "excluded_lines": 0, "percent_statements_covered": 100.0, "percent_statements_covered_display": "100"}, "missing_lines": [], "excluded_lines": [], "start_line": 190}, "": {"executed_lines": [6, 7, 10, 13, 22, 25, 32, 38, 44, 50, 54, 65, 69, 74, 79, 84, 89, 94, 106, 111, 122, 126, 137, 142, 145, 159, 163, 167, 180, 184, 190, 193, 202], "summary": {"covered_lines": 33, "num_statements": 33, "percent_covered": 100.0, "percent_covered_display": "100", "missing_lines": 0, "excluded_lines": 0, "percent_statements_covered": 100.0, "percent_statements_covered_display": "100"}, "missing_lines": [], "excluded_lines": [], "start_line": 1}}}, "validators/__init__.py": {"executed_lines": [], "summary": {"covered_lines": 0, "num_statements": 0, "percent_covered": 100.0, "percent_covered_display": "100", "missing_lines": 0, "excluded_lines": 0, "percent_statements_covered": 100.0, "percent_statements_covered_display": "100"}, "missing_lines": [], "excluded_lines": [], "functions": {"": {"executed_lines": [], "summary": {"covered_lines": 0, "num_statements": 0, "percent_covered": 100.0, "percent_covered_display": "100", "missing_lines": 0, "excluded_lines": 0, "percent_statements_covered": 100.0, "percent_statements_covered_display": "100"}, "missing_lines": [], "excluded_lines": [], "start_line": 1}}, "classes": {"": {"executed_lines": [], "summary": {"covered_lines": 0, "num_statements": 0, "percent_covered": 100.0, "percent_covered_display": "100", "missing_lines": 0, "excluded_lines": 0, "percent_statements_covered": 100.0, "percent_statements_covered_display": "100"}, "missing_lines": [], "excluded_lines": [], "start_line": 1}}}, "validators/contract_validator.py": {"executed_lines": [7, 8, 9, 10, 11, 12, 13, 14, 17, 20, 21, 22, 23, 25, 28, 29, 30, 31, 35, 46, 47, 48, 50, 51, 52, 55, 57, 58, 60, 65, 74, 75, 77, 78, 88, 89, 90, 91, 93, 95, 97, 98, 99, 100, 104, 107, 109, 111, 112, 115, 116, 117, 119, 124, 131, 132, 138, 150, 153, 154, 155, 157, 164, 165, 166, 167, 168, 169, 170, 171, 172, 173, 174, 176, 177, 179, 180, 181, 183, 184, 185, 186, 188, 190, 192, 221, 222, 223, 224, 226, 228, 235, 236, 238, 239, 243, 250, 251, 261, 262, 263, 264, 267, 270, 271, 272, 273, 274, 276, 278, 280, 282, 292, 293, 296, 297, 300, 304, 306, 308, 309, 313, 315, 319, 321, 322, 323, 324, 325, 326, 329, 330, 331, 332, 335, 336, 337, 338, 339, 340, 341, 347, 348, 353, 355, 356, 358, 366, 367, 368, 369], "summary": {"covered_lines": 151, "num_statements": 171, "percent_covered": 88.30409356725146, "percent_covered_display": "88", "missing_lines": 20, "excluded_lines": 0, "percent_statements_covered": 88.30409356725146, "percent_statements_covered_display": "88"}, "missing_lines": [32, 33, 49, 53, 81, 102, 108, 110, 118, 120, 125, 133, 146, 147, 240, 241, 254, 305, 307, 311], "excluded_lines": [], "functions": {"SchemathesisValidator.__init__": {"executed_lines": [21, 22, 23], "summary": {"covered_lines": 3, "num_statements": 3, "percent_covered": 100.0, "percent_covered_display": "100", "missing_lines": 0, "excluded_lines": 0, "percent_statements_covered": 100.0, "percent_statements_covered_display": "100"}, "missing_lines": [], "excluded_lines": [], "start_line": 20}, "SchemathesisValidator._spec_declares_openapi_31": {"executed_lines": [28, 29, 30, 31], "summary": {"covered_lines": 4, "num_statements": 6, "percent_covered": 66.66666666666667, "percent_covered_display": "67", "missing_lines": 2, "excluded_lines": 0, "percent_statements_covered": 66.66666666666667, "percent_statements_covered_display": "67"}, "missing_lines": [32, 33], "excluded_lines": [], "start_line": 25}, "SchemathesisValidator._resolve_schemathesis_binary": {"executed_lines": [46, 47, 48, 50, 51, 52], "summary": {"covered_lines": 6, "num_statements": 8, "percent_covered": 75.0, "percent_covered_display": "75", "missing_lines": 2, "excluded_lines": 0, "percent_statements_covered": 75.0, "percent_statements_covered_display": "75"}, "missing_lines": [49, 53], "excluded_lines": [], "start_line": 35}, "SchemathesisValidator.run_validation": {"executed_lines": [57, 58, 60, 65, 74, 75, 77, 78, 88, 89, 90, 91], "summary": {"covered_lines": 12, "num_statements": 13, "percent_covered": 92.3076923076923, "percent_covered_display": "92", "missing_lines": 1, "excluded_lines": 0, "percent_statements_covered": 92.3076923076923, "percent_statements_covered_display": "92"}, "missing_lines": [81], "excluded_lines": [], "start_line": 55}, "SchemathesisValidator.validate_schema_compliance": {"executed_lines": [95, 97, 98, 99, 100, 104, 107, 109, 111, 112, 115, 116, 117, 119, 124, 131, 132, 138], "summary": {"covered_lines": 18, "num_statements": 27, "percent_covered": 66.66666666666667, "percent_covered_display": "67", "missing_lines": 9, "excluded_lines": 0, "percent_statements_covered": 66.66666666666667, "percent_statements_covered_display": "67"}, "missing_lines": [102, 108, 110, 118, 120, 125, 133, 146, 147], "excluded_lines": [], "start_line": 93}, "DreddValidator.__init__": {"executed_lines": [154, 155], "summary": {"covered_lines": 2, "num_statements": 2, "percent_covered": 100.0, "percent_covered_display": "100", "missing_lines": 0, "excluded_lines": 0, "percent_statements_covered": 100.0, "percent_statements_covered_display": "100"}, "missing_lines": [], "excluded_lines": [], "start_line": 153}, "DreddValidator._make_dredd_compatible_spec": {"executed_lines": [164, 176, 177, 179, 180, 181, 183, 184, 185, 186, 188], "summary": {"covered_lines": 11, "num_statements": 11, "percent_covered": 100.0, "percent_covered_display": "100", "missing_lines": 0, "excluded_lines": 0, "percent_statements_covered": 100.0, "percent_statements_covered_display": "100"}, "missing_lines": [], "excluded_lines": [], "start_line": 157}, "DreddValidator._make_dredd_compatible_spec.fix_parameters": {"executed_lines": [165, 166, 167, 168, 169, 170, 171, 172, 173, 174], "summary": {"covered_lines": 10, "num_statements": 10, "percent_covered": 100.0, "percent_covered_display": "100", "missing_lines": 0, "excluded_lines": 0, "percent_statements_covered": 100.0, "percent_statements_covered_display": "100"}, "missing_lines": [], "excluded_lines": [], "start_line": 164}, "DreddValidator.generate_dredd_config": {"executed_lines": [192, 221, 222, 223, 224, 226], "summary": {"covered_lines": 6, "num_statements": 6, "percent_covered": 100.0, "percent_covered_display": "100", "missing_lines": 0, "excluded_lines": 0, "percent_statements_covered": 100.0, "percent_statements_covered_display": "100"}, "missing_lines": [], "excluded_lines": [], "start_line": 190}, "DreddValidator.run_validation": {"executed_lines": [235, 236, 238, 239, 243, 250, 251, 261, 262, 263, 264], "summary": {"covered_lines": 11, "num_statements": 14, "percent_covered": 78.57142857142857, "percent_covered_display": "79", "missing_lines": 3, "excluded_lines": 0, "percent_statements_covered": 78.57142857142857, "percent_statements_covered_display": "79"}, "missing_lines": [240, 241, 254], "excluded_lines": [], "start_line": 228}, "ContractValidator.__init__": {"executed_lines": [271, 272, 273, 274], "summary": {"covered_lines": 4, "num_statements": 4, "percent_covered": 100.0, "percent_covered_display": "100", "missing_lines": 0, "excluded_lines": 0, "percent_statements_covered": 100.0, "percent_statements_covered_display": "100"}, "missing_lines": [], "excluded_lines": [], "start_line": 270}, "ContractValidator.validate_spec_only": {"executed_lines": [278], "summary": {"covered_lines": 1, "num_statements": 1, "percent_covered": 100.0, "percent_covered_display": "100", "missing_lines": 0, "excluded_lines": 0, "percent_statements_covered": 100.0, "percent_statements_covered_display": "100"}, "missing_lines": [], "excluded_lines": [], "start_line": 276}, "ContractValidator.run_live_validation": {"executed_lines": [282, 292, 293, 296, 297, 300, 304, 306, 308, 309, 313], "summary": {"covered_lines": 11, "num_statements": 14, "percent_covered": 78.57142857142857, "percent_covered_display": "79", "missing_lines": 3, "excluded_lines": 0, "percent_statements_covered": 78.57142857142857, "percent_statements_covered_display": "79"}, "missing_lines": [305, 307, 311], "excluded_lines": [], "start_line": 280}, "ContractValidator.validate_response_against_schema": {"executed_lines": [319, 321, 322, 323, 324, 325, 326, 329, 330, 331, 332, 335, 336, 337, 338, 339, 340, 341, 347, 348, 353], "summary": {"covered_lines": 21, "num_statements": 21, "percent_covered": 100.0, "percent_covered_display": "100", "missing_lines": 0, "excluded_lines": 0, "percent_statements_covered": 100.0, "percent_statements_covered_display": "100"}, "missing_lines": [], "excluded_lines": [], "start_line": 315}, "ContractValidator._type_matches": {"executed_lines": [358, 366, 367, 368, 369], "summary": {"covered_lines": 5, "num_statements": 5, "percent_covered": 100.0, "percent_covered_display": "100", "missing_lines": 0, "excluded_lines": 0, "percent_statements_covered": 100.0, "percent_statements_covered_display": "100"}, "missing_lines": [], "excluded_lines": [], "start_line": 356}, "": {"executed_lines": [7, 8, 9, 10, 11, 12, 13, 14, 17, 20, 25, 35, 55, 93, 150, 153, 157, 190, 228, 267, 270, 276, 280, 315, 355, 356], "summary": {"covered_lines": 26, "num_statements": 26, "percent_covered": 100.0, "percent_covered_display": "100", "missing_lines": 0, "excluded_lines": 0, "percent_statements_covered": 100.0, "percent_statements_covered_display": "100"}, "missing_lines": [], "excluded_lines": [], "start_line": 1}}, "classes": {"SchemathesisValidator": {"executed_lines": [21, 22, 23, 28, 29, 30, 31, 46, 47, 48, 50, 51, 52, 57, 58, 60, 65, 74, 75, 77, 78, 88, 89, 90, 91, 95, 97, 98, 99, 100, 104, 107, 109, 111, 112, 115, 116, 117, 119, 124, 131, 132, 138], "summary": {"covered_lines": 43, "num_statements": 57, "percent_covered": 75.43859649122807, "percent_covered_display": "75", "missing_lines": 14, "excluded_lines": 0, "percent_statements_covered": 75.43859649122807, "percent_statements_covered_display": "75"}, "missing_lines": [32, 33, 49, 53, 81, 102, 108, 110, 118, 120, 125, 133, 146, 147], "excluded_lines": [], "start_line": 17}, "DreddValidator": {"executed_lines": [154, 155, 164, 165, 166, 167, 168, 169, 170, 171, 172, 173, 174, 176, 177, 179, 180, 181, 183, 184, 185, 186, 188, 192, 221, 222, 223, 224, 226, 235, 236, 238, 239, 243, 250, 251, 261, 262, 263, 264], "summary": {"covered_lines": 40, "num_statements": 43, "percent_covered": 93.02325581395348, "percent_covered_display": "93", "missing_lines": 3, "excluded_lines": 0, "percent_statements_covered": 93.02325581395348, "percent_statements_covered_display": "93"}, "missing_lines": [240, 241, 254], "excluded_lines": [], "start_line": 150}, "ContractValidator": {"executed_lines": [271, 272, 273, 274, 278, 282, 292, 293, 296, 297, 300, 304, 306, 308, 309, 313, 319, 321, 322, 323, 324, 325, 326, 329, 330, 331, 332, 335, 336, 337, 338, 339, 340, 341, 347, 348, 353, 358, 366, 367, 368, 369], "summary": {"covered_lines": 42, "num_statements": 45, "percent_covered": 93.33333333333333, "percent_covered_display": "93", "missing_lines": 3, "excluded_lines": 0, "percent_statements_covered": 93.33333333333333, "percent_statements_covered_display": "93"}, "missing_lines": [305, 307, 311], "excluded_lines": [], "start_line": 267}, "": {"executed_lines": [7, 8, 9, 10, 11, 12, 13, 14, 17, 20, 25, 35, 55, 93, 150, 153, 157, 190, 228, 267, 270, 276, 280, 315, 355, 356], "summary": {"covered_lines": 26, "num_statements": 26, "percent_covered": 100.0, "percent_covered_display": "100", "missing_lines": 0, "excluded_lines": 0, "percent_statements_covered": 100.0, "percent_statements_covered_display": "100"}, "missing_lines": [], "excluded_lines": [], "start_line": 1}}}}, "totals": {"covered_lines": 2542, "num_statements": 2647, "percent_covered": 96.0332451832263, "percent_covered_display": "96", "missing_lines": 105, "excluded_lines": 0, "percent_statements_covered": 96.0332451832263, "percent_statements_covered_display": "96"}}