{"meta": {"format": 3, "version": "7.16.0", "timestamp": "2026-09-03T21:26:51.414730", "branch_coverage": false, "show_contexts": false}, "files": {"api\\__init__.py": {"executed_lines": [], "summary": {"covered_lines": 0, "num_statements": 0, "percent_covered": 100.0, "percent_covered_display": "100", "missing_lines": 0, "excluded_lines": 0, "percent_statements_covered": 100.0, "percent_statements_covered_display": "100"}, "missing_lines": [], "excluded_lines": [], "functions": {"": {"executed_lines": [], "summary": {"covered_lines": 0, "num_statements": 0, "percent_covered": 100.0, "percent_covered_display": "100", "missing_lines": 0, "excluded_lines": 0, "percent_statements_covered": 100.0, "percent_statements_covered_display": "100"}, "missing_lines": [], "excluded_lines": [], "start_line": 1}}, "classes": {"": {"executed_lines": [], "summary": {"covered_lines": 0, "num_statements": 0, "percent_covered": 100.0, "percent_covered_display": "100", "missing_lines": 0, "excluded_lines": 0, "percent_statements_covered": 100.0, "percent_statements_covered_display": "100"}, "missing_lines": [], "excluded_lines": [], "start_line": 1}}}, "api\\petstore_api.py": {"executed_lines": [6, 7, 8, 9, 10, 11, 12, 13, 15, 24, 31, 38, 39, 40, 41, 47, 48, 49, 56, 57, 58, 59, 61, 62, 63, 64, 67, 68, 69, 70, 71, 72, 73, 75, 76, 77, 79, 80, 81, 82, 83, 84, 85, 87, 88, 89, 91, 92, 93, 94, 95, 97, 98, 99, 100, 102, 103, 104, 105, 108, 109, 112, 113, 118, 119, 120, 126, 129, 130, 132, 139, 140, 147, 148, 149, 150, 151, 152, 154, 156, 158, 159, 160, 162, 164, 166, 167, 173, 174, 176, 178, 180, 181, 182, 183, 184, 186, 187, 188, 190, 192, 194, 195, 196, 197, 200, 202, 204, 205, 206, 207, 209, 210, 218, 219, 220, 222, 224, 226, 227, 228, 230, 231, 236, 237, 239, 242, 243, 245, 255], "summary": {"covered_lines": 130, "num_statements": 135, "percent_covered": 96.29629629629629, "percent_covered_display": "96", "missing_lines": 5, "excluded_lines": 0, "percent_statements_covered": 96.29629629629629, "percent_statements_covered_display": "96"}, "missing_lines": [185, 208, 238, 256, 257], "excluded_lines": [], "functions": {"_error_body": {"executed_lines": [31], "summary": {"covered_lines": 1, "num_statements": 1, "percent_covered": 100.0, "percent_covered_display": "100", "missing_lines": 0, "excluded_lines": 0, "percent_statements_covered": 100.0, "percent_statements_covered_display": "100"}, "missing_lines": [], "excluded_lines": [], "start_line": 24}, "http_exception_handler": {"executed_lines": [40, 41], "summary": {"covered_lines": 2, "num_statements": 2, "percent_covered": 100.0, "percent_covered_display": "100", "missing_lines": 0, "excluded_lines": 0, "percent_statements_covered": 100.0, "percent_statements_covered_display": "100"}, "missing_lines": [], "excluded_lines": [], "start_line": 39}, "validation_exception_handler": {"executed_lines": [49], "summary": {"covered_lines": 1, "num_statements": 1, "percent_covered": 100.0, "percent_covered_display": "100", "missing_lines": 0, "excluded_lines": 0, "percent_statements_covered": 100.0, "percent_statements_covered_display": "100"}, "missing_lines": [], "excluded_lines": [], "start_line": 48}, "seed_data": {"executed_lines": [113, 118, 119, 120], "summary": {"covered_lines": 4, "num_statements": 4, "percent_covered": 100.0, "percent_covered_display": "100", "missing_lines": 0, "excluded_lines": 0, "percent_statements_covered": 100.0, "percent_statements_covered_display": "100"}, "missing_lines": [], "excluded_lines": [], "start_line": 112}, "health_check": {"executed_lines": [132], "summary": {"covered_lines": 1, "num_statements": 1, "percent_covered": 100.0, "percent_covered_display": "100", "missing_lines": 0, "excluded_lines": 0, "percent_statements_covered": 100.0, "percent_statements_covered_display": "100"}, "missing_lines": [], "excluded_lines": [], "start_line": 130}, "list_pets": {"executed_lines": [147, 148, 149, 150, 151, 152], "summary": {"covered_lines": 6, "num_statements": 6, "percent_covered": 100.0, "percent_covered_display": "100", "missing_lines": 0, "excluded_lines": 0, "percent_statements_covered": 100.0, "percent_statements_covered_display": "100"}, "missing_lines": [], "excluded_lines": [], "start_line": 140}, "get_pet": {"executed_lines": [158, 159, 160], "summary": {"covered_lines": 3, "num_statements": 3, "percent_covered": 100.0, "percent_covered_display": "100", "missing_lines": 0, "excluded_lines": 0, "percent_statements_covered": 100.0, "percent_statements_covered_display": "100"}, "missing_lines": [], "excluded_lines": [], "start_line": 156}, "create_pet": {"executed_lines": [166, 167, 173, 174], "summary": {"covered_lines": 4, "num_statements": 4, "percent_covered": 100.0, "percent_covered_display": "100", "missing_lines": 0, "excluded_lines": 0, "percent_statements_covered": 100.0, "percent_statements_covered_display": "100"}, "missing_lines": [], "excluded_lines": [], "start_line": 164}, "update_pet": {"executed_lines": [180, 181, 182, 183, 184, 186, 187, 188], "summary": {"covered_lines": 8, "num_statements": 9, "percent_covered": 88.88888888888889, "percent_covered_display": "89", "missing_lines": 1, "excluded_lines": 0, "percent_statements_covered": 88.88888888888889, "percent_statements_covered_display": "89"}, "missing_lines": [185], "excluded_lines": [], "start_line": 178}, "delete_pet": {"executed_lines": [194, 195, 196, 197], "summary": {"covered_lines": 4, "num_statements": 4, "percent_covered": 100.0, "percent_covered_display": "100", "missing_lines": 0, "excluded_lines": 0, "percent_statements_covered": 100.0, "percent_statements_covered_display": "100"}, "missing_lines": [], "excluded_lines": [], "start_line": 192}, "create_order": {"executed_lines": [204, 205, 206, 207, 209, 210, 218, 219, 220], "summary": {"covered_lines": 9, "num_statements": 10, "percent_covered": 90.0, "percent_covered_display": "90", "missing_lines": 1, "excluded_lines": 0, "percent_statements_covered": 90.0, "percent_statements_covered_display": "90"}, "missing_lines": [208], "excluded_lines": [], "start_line": 202}, "get_order": {"executed_lines": [226, 227, 228], "summary": {"covered_lines": 3, "num_statements": 3, "percent_covered": 100.0, "percent_covered_display": "100", "missing_lines": 0, "excluded_lines": 0, "percent_statements_covered": 100.0, "percent_statements_covered_display": "100"}, "missing_lines": [], "excluded_lines": [], "start_line": 224}, "list_orders": {"executed_lines": [236, 237, 239], "summary": {"covered_lines": 3, "num_statements": 4, "percent_covered": 75.0, "percent_covered_display": "75", "missing_lines": 1, "excluded_lines": 0, "percent_statements_covered": 75.0, "percent_statements_covered_display": "75"}, "missing_lines": [238], "excluded_lines": [], "start_line": 231}, "get_stats": {"executed_lines": [245], "summary": {"covered_lines": 1, "num_statements": 1, "percent_covered": 100.0, "percent_covered_display": "100", "missing_lines": 0, "excluded_lines": 0, "percent_statements_covered": 100.0, "percent_statements_covered_display": "100"}, "missing_lines": [], "excluded_lines": [], "start_line": 243}, "": {"executed_lines": [6, 7, 8, 9, 10, 11, 12, 13, 15, 24, 38, 39, 47, 48, 56, 57, 58, 59, 61, 62, 63, 64, 67, 68, 69, 70, 71, 72, 73, 75, 76, 77, 79, 80, 81, 82, 83, 84, 85, 87, 88, 89, 91, 92, 93, 94, 95, 97, 98, 99, 100, 102, 103, 104, 105, 108, 109, 112, 126, 129, 130, 139, 140, 154, 156, 162, 164, 176, 178, 190, 192, 200, 202, 222, 224, 230, 231, 242, 243, 255], "summary": {"covered_lines": 80, "num_statements": 82, "percent_covered": 97.5609756097561, "percent_covered_display": "98", "missing_lines": 2, "excluded_lines": 0, "percent_statements_covered": 97.5609756097561, "percent_statements_covered_display": "98"}, "missing_lines": [256, 257], "excluded_lines": [], "start_line": 1}}, "classes": {"PetStatus": {"executed_lines": [], "summary": {"covered_lines": 0, "num_statements": 0, "percent_covered": 100.0, "percent_covered_display": "100", "missing_lines": 0, "excluded_lines": 0, "percent_statements_covered": 100.0, "percent_statements_covered_display": "100"}, "missing_lines": [], "excluded_lines": [], "start_line": 56}, "OrderStatus": {"executed_lines": [], "summary": {"covered_lines": 0, "num_statements": 0, "percent_covered": 100.0, "percent_covered_display": "100", "missing_lines": 0, "excluded_lines": 0, "percent_statements_covered": 100.0, "percent_statements_covered_display": "100"}, "missing_lines": [], "excluded_lines": [], "start_line": 61}, "PetCreate": {"executed_lines": [], "summary": {"covered_lines": 0, "num_statements": 0, "percent_covered": 100.0, "percent_covered_display": "100", "missing_lines": 0, "excluded_lines": 0, "percent_statements_covered": 100.0, "percent_statements_covered_display": "100"}, "missing_lines": [], "excluded_lines": [], "start_line": 67}, "Pet": {"executed_lines": [], "summary": {"covered_lines": 0, "num_statements": 0, "percent_covered": 100.0, "percent_covered_display": "100", "missing_lines": 0, "excluded_lines": 0, "percent_statements_covered": 100.0, "percent_statements_covered_display": "100"}, "missing_lines": [], "excluded_lines": [], "start_line": 75}, "PetUpdate": {"executed_lines": [], "summary": {"covered_lines": 0, "num_statements": 0, "percent_covered": 100.0, "percent_covered_display": "100", "missing_lines": 0, "excluded_lines": 0, "percent_statements_covered": 100.0, "percent_statements_covered_display": "100"}, "missing_lines": [], "excluded_lines": [], "start_line": 79}, "OrderCreate": {"executed_lines": [], "summary": {"covered_lines": 0, "num_statements": 0, "percent_covered": 100.0, "percent_covered_display": "100", "missing_lines": 0, "excluded_lines": 0, "percent_statements_covered": 100.0, "percent_statements_covered_display": "100"}, "missing_lines": [], "excluded_lines": [], "start_line": 87}, "Order": {"executed_lines": [], "summary": {"covered_lines": 0, "num_statements": 0, "percent_covered": 100.0, "percent_covered_display": "100", "missing_lines": 0, "excluded_lines": 0, "percent_statements_covered": 100.0, "percent_statements_covered_display": "100"}, "missing_lines": [], "excluded_lines": [], "start_line": 91}, "HealthResponse": {"executed_lines": [], "summary": {"covered_lines": 0, "num_statements": 0, "percent_covered": 100.0, "percent_covered_display": "100", "missing_lines": 0, "excluded_lines": 0, "percent_statements_covered": 100.0, "percent_statements_covered_display": "100"}, "missing_lines": [], "excluded_lines": [], "start_line": 97}, "ErrorResponse": {"executed_lines": [], "summary": {"covered_lines": 0, "num_statements": 0, "percent_covered": 100.0, "percent_covered_display": "100", "missing_lines": 0, "excluded_lines": 0, "percent_statements_covered": 100.0, "percent_statements_covered_display": "100"}, "missing_lines": [], "excluded_lines": [], "start_line": 102}, "": {"executed_lines": [6, 7, 8, 9, 10, 11, 12, 13, 15, 24, 31, 38, 39, 40, 41, 47, 48, 49, 56, 57, 58, 59, 61, 62, 63, 64, 67, 68, 69, 70, 71, 72, 73, 75, 76, 77, 79, 80, 81, 82, 83, 84, 85, 87, 88, 89, 91, 92, 93, 94, 95, 97, 98, 99, 100, 102, 103, 104, 105, 108, 109, 112, 113, 118, 119, 120, 126, 129, 130, 132, 139, 140, 147, 148, 149, 150, 151, 152, 154, 156, 158, 159, 160, 162, 164, 166, 167, 173, 174, 176, 178, 180, 181, 182, 183, 184, 186, 187, 188, 190, 192, 194, 195, 196, 197, 200, 202, 204, 205, 206, 207, 209, 210, 218, 219, 220, 222, 224, 226, 227, 228, 230, 231, 236, 237, 239, 242, 243, 245, 255], "summary": {"covered_lines": 130, "num_statements": 135, "percent_covered": 96.29629629629629, "percent_covered_display": "96", "missing_lines": 5, "excluded_lines": 0, "percent_statements_covered": 96.29629629629629, "percent_statements_covered_display": "96"}, "missing_lines": [185, 208, 238, 256, 257], "excluded_lines": [], "start_line": 1}}}, "api\\task_api.py": {"executed_lines": [12, 13, 14, 15, 16, 17, 18, 19, 21, 30, 31, 38, 39, 40, 41, 47, 48, 49, 55, 56, 57, 58, 61, 62, 63, 64, 65, 68, 69, 70, 73, 74, 75, 76, 77, 80, 81, 82, 83, 86, 87, 88, 89, 92, 95, 96, 100, 101, 102, 109, 112, 113, 114, 117, 118, 123, 124, 125, 126, 127, 128, 131, 133, 134, 135, 136, 139, 141, 142, 143, 149, 150, 153, 155, 156, 157, 158, 159, 160, 161, 162, 163, 164, 167, 169, 170, 171, 172, 173, 176, 177, 178, 185], "summary": {"covered_lines": 93, "num_statements": 95, "percent_covered": 97.89473684210526, "percent_covered_display": "98", "missing_lines": 2, "excluded_lines": 0, "percent_statements_covered": 97.89473684210526, "percent_statements_covered_display": "98"}, "missing_lines": [186, 187], "excluded_lines": [], "functions": {"_error_body": {"executed_lines": [31], "summary": {"covered_lines": 1, "num_statements": 1, "percent_covered": 100.0, "percent_covered_display": "100", "missing_lines": 0, "excluded_lines": 0, "percent_statements_covered": 100.0, "percent_statements_covered_display": "100"}, "missing_lines": [], "excluded_lines": [], "start_line": 30}, "http_exception_handler": {"executed_lines": [40, 41], "summary": {"covered_lines": 2, "num_statements": 2, "percent_covered": 100.0, "percent_covered_display": "100", "missing_lines": 0, "excluded_lines": 0, "percent_statements_covered": 100.0, "percent_statements_covered_display": "100"}, "missing_lines": [], "excluded_lines": [], "start_line": 39}, "validation_exception_handler": {"executed_lines": [49], "summary": {"covered_lines": 1, "num_statements": 1, "percent_covered": 100.0, "percent_covered_display": "100", "missing_lines": 0, "excluded_lines": 0, "percent_statements_covered": 100.0, "percent_statements_covered_display": "100"}, "missing_lines": [], "excluded_lines": [], "start_line": 48}, "seed_data": {"executed_lines": [96, 100, 101, 102], "summary": {"covered_lines": 4, "num_statements": 4, "percent_covered": 100.0, "percent_covered_display": "100", "missing_lines": 0, "excluded_lines": 0, "percent_statements_covered": 100.0, "percent_statements_covered_display": "100"}, "missing_lines": [], "excluded_lines": [], "start_line": 95}, "health_check": {"executed_lines": [114], "summary": {"covered_lines": 1, "num_statements": 1, "percent_covered": 100.0, "percent_covered_display": "100", "missing_lines": 0, "excluded_lines": 0, "percent_statements_covered": 100.0, "percent_statements_covered_display": "100"}, "missing_lines": [], "excluded_lines": [], "start_line": 113}, "list_tasks": {"executed_lines": [123, 124, 125, 126, 127, 128], "summary": {"covered_lines": 6, "num_statements": 6, "percent_covered": 100.0, "percent_covered_display": "100", "missing_lines": 0, "excluded_lines": 0, "percent_statements_covered": 100.0, "percent_statements_covered_display": "100"}, "missing_lines": [], "excluded_lines": [], "start_line": 118}, "get_task": {"executed_lines": [134, 135, 136], "summary": {"covered_lines": 3, "num_statements": 3, "percent_covered": 100.0, "percent_covered_display": "100", "missing_lines": 0, "excluded_lines": 0, "percent_statements_covered": 100.0, "percent_statements_covered_display": "100"}, "missing_lines": [], "excluded_lines": [], "start_line": 133}, "create_task": {"executed_lines": [142, 143, 149, 150], "summary": {"covered_lines": 4, "num_statements": 4, "percent_covered": 100.0, "percent_covered_display": "100", "missing_lines": 0, "excluded_lines": 0, "percent_statements_covered": 100.0, "percent_statements_covered_display": "100"}, "missing_lines": [], "excluded_lines": [], "start_line": 141}, "update_task": {"executed_lines": [156, 157, 158, 159, 160, 161, 162, 163, 164], "summary": {"covered_lines": 9, "num_statements": 9, "percent_covered": 100.0, "percent_covered_display": "100", "missing_lines": 0, "excluded_lines": 0, "percent_statements_covered": 100.0, "percent_statements_covered_display": "100"}, "missing_lines": [], "excluded_lines": [], "start_line": 155}, "delete_task": {"executed_lines": [170, 171, 172, 173], "summary": {"covered_lines": 4, "num_statements": 4, "percent_covered": 100.0, "percent_covered_display": "100", "missing_lines": 0, "excluded_lines": 0, "percent_statements_covered": 100.0, "percent_statements_covered_display": "100"}, "missing_lines": [], "excluded_lines": [], "start_line": 169}, "get_stats": {"executed_lines": [178], "summary": {"covered_lines": 1, "num_statements": 1, "percent_covered": 100.0, "percent_covered_display": "100", "missing_lines": 0, "excluded_lines": 0, "percent_statements_covered": 100.0, "percent_statements_covered_display": "100"}, "missing_lines": [], "excluded_lines": [], "start_line": 177}, "": {"executed_lines": [12, 13, 14, 15, 16, 17, 18, 19, 21, 30, 38, 39, 47, 48, 55, 56, 57, 58, 61, 62, 63, 64, 65, 68, 69, 70, 73, 74, 75, 76, 77, 80, 81, 82, 83, 86, 87, 88, 89, 92, 95, 109, 112, 113, 117, 118, 131, 133, 139, 141, 153, 155, 167, 169, 176, 177, 185], "summary": {"covered_lines": 57, "num_statements": 59, "percent_covered": 96.61016949152543, "percent_covered_display": "97", "missing_lines": 2, "excluded_lines": 0, "percent_statements_covered": 96.61016949152543, "percent_statements_covered_display": "97"}, "missing_lines": [186, 187], "excluded_lines": [], "start_line": 1}}, "classes": {"TaskPriority": {"executed_lines": [], "summary": {"covered_lines": 0, "num_statements": 0, "percent_covered": 100.0, "percent_covered_display": "100", "missing_lines": 0, "excluded_lines": 0, "percent_statements_covered": 100.0, "percent_statements_covered_display": "100"}, "missing_lines": [], "excluded_lines": [], "start_line": 55}, "TaskCreate": {"executed_lines": [], "summary": {"covered_lines": 0, "num_statements": 0, "percent_covered": 100.0, "percent_covered_display": "100", "missing_lines": 0, "excluded_lines": 0, "percent_statements_covered": 100.0, "percent_statements_covered_display": "100"}, "missing_lines": [], "excluded_lines": [], "start_line": 61}, "Task": {"executed_lines": [], "summary": {"covered_lines": 0, "num_statements": 0, "percent_covered": 100.0, "percent_covered_display": "100", "missing_lines": 0, "excluded_lines": 0, "percent_statements_covered": 100.0, "percent_statements_covered_display": "100"}, "missing_lines": [], "excluded_lines": [], "start_line": 68}, "TaskUpdate": {"executed_lines": [], "summary": {"covered_lines": 0, "num_statements": 0, "percent_covered": 100.0, "percent_covered_display": "100", "missing_lines": 0, "excluded_lines": 0, "percent_statements_covered": 100.0, "percent_statements_covered_display": "100"}, "missing_lines": [], "excluded_lines": [], "start_line": 73}, "HealthResponse": {"executed_lines": [], "summary": {"covered_lines": 0, "num_statements": 0, "percent_covered": 100.0, "percent_covered_display": "100", "missing_lines": 0, "excluded_lines": 0, "percent_statements_covered": 100.0, "percent_statements_covered_display": "100"}, "missing_lines": [], "excluded_lines": [], "start_line": 80}, "ErrorResponse": {"executed_lines": [], "summary": {"covered_lines": 0, "num_statements": 0, "percent_covered": 100.0, "percent_covered_display": "100", "missing_lines": 0, "excluded_lines": 0, "percent_statements_covered": 100.0, "percent_statements_covered_display": "100"}, "missing_lines": [], "excluded_lines": [], "start_line": 86}, "": {"executed_lines": [12, 13, 14, 15, 16, 17, 18, 19, 21, 30, 31, 38, 39, 40, 41, 47, 48, 49, 55, 56, 57, 58, 61, 62, 63, 64, 65, 68, 69, 70, 73, 74, 75, 76, 77, 80, 81, 82, 83, 86, 87, 88, 89, 92, 95, 96, 100, 101, 102, 109, 112, 113, 114, 117, 118, 123, 124, 125, 126, 127, 128, 131, 133, 134, 135, 136, 139, 141, 142, 143, 149, 150, 153, 155, 156, 157, 158, 159, 160, 161, 162, 163, 164, 167, 169, 170, 171, 172, 173, 176, 177, 178, 185], "summary": {"covered_lines": 93, "num_statements": 95, "percent_covered": 97.89473684210526, "percent_covered_display": "98", "missing_lines": 2, "excluded_lines": 0, "percent_statements_covered": 97.89473684210526, "percent_statements_covered_display": "98"}, "missing_lines": [186, 187], "excluded_lines": [], "start_line": 1}}}, "core\\__init__.py": {"executed_lines": [], "summary": {"covered_lines": 0, "num_statements": 0, "percent_covered": 100.0, "percent_covered_display": "100", "missing_lines": 0, "excluded_lines": 0, "percent_statements_covered": 100.0, "percent_statements_covered_display": "100"}, "missing_lines": [], "excluded_lines": [], "functions": {"": {"executed_lines": [], "summary": {"covered_lines": 0, "num_statements": 0, "percent_covered": 100.0, "percent_covered_display": "100", "missing_lines": 0, "excluded_lines": 0, "percent_statements_covered": 100.0, "percent_statements_covered_display": "100"}, "missing_lines": [], "excluded_lines": [], "start_line": 1}}, "classes": {"": {"executed_lines": [], "summary": {"covered_lines": 0, "num_statements": 0, "percent_covered": 100.0, "percent_covered_display": "100", "missing_lines": 0, "excluded_lines": 0, "percent_statements_covered": 100.0, "percent_statements_covered_display": "100"}, "missing_lines": [], "excluded_lines": [], "start_line": 1}}}, "core\\langchain_orchestrator.py": {"executed_lines": [7, 8, 9, 10, 11, 12, 13, 14, 16, 17, 20, 26, 32, 33, 34, 35, 36, 39, 40, 41, 43, 45, 59, 67, 69, 70, 71, 82, 83, 85, 87, 134, 135, 136, 137, 139, 141, 178, 181, 183, 185, 221, 224, 226, 234, 235, 236, 238, 239, 243, 244, 247, 248, 249, 251, 252, 253, 254, 256, 262, 263, 264, 266, 267, 271, 272, 273, 274, 275, 277, 278, 279, 280, 282, 289, 290, 291, 293, 294, 299, 300, 302, 304, 305, 310, 311, 312, 313, 315, 316, 318, 326, 327, 328, 331, 332, 333, 335, 338, 339, 344, 353, 354, 356, 364, 365, 366, 368, 370, 373, 374, 376, 378, 381, 382, 383, 384, 385, 388, 389, 390, 391, 392, 394, 396, 397, 401, 403, 405, 406, 407, 410, 411, 412, 413, 416, 417, 418, 422, 425, 426, 427, 431, 434, 442, 446, 448, 451, 453, 465, 470, 471, 472, 473, 475], "summary": {"covered_lines": 155, "num_statements": 180, "percent_covered": 86.11111111111111, "percent_covered_display": "86", "missing_lines": 25, "excluded_lines": 0, "percent_statements_covered": 86.11111111111111, "percent_statements_covered_display": "86"}, "missing_lines": [46, 60, 179, 180, 222, 223, 250, 276, 298, 306, 307, 308, 314, 329, 330, 371, 379, 386, 393, 395, 398, 399, 447, 449, 466], "excluded_lines": [], "functions": {"LangChainOrchestrator.__init__": {"executed_lines": [32, 33, 34, 35, 36, 39, 40, 41], "summary": {"covered_lines": 8, "num_statements": 8, "percent_covered": 100.0, "percent_covered_display": "100", "missing_lines": 0, "excluded_lines": 0, "percent_statements_covered": 100.0, "percent_statements_covered_display": "100"}, "missing_lines": [], "excluded_lines": [], "start_line": 26}, "LangChainOrchestrator._init_llms": {"executed_lines": [45, 59], "summary": {"covered_lines": 2, "num_statements": 4, "percent_covered": 50.0, "percent_covered_display": "50", "missing_lines": 2, "excluded_lines": 0, "percent_statements_covered": 50.0, "percent_statements_covered_display": "50"}, "missing_lines": [46, 60], "excluded_lines": [], "start_line": 43}, "LangChainOrchestrator.parse_specification": {"executed_lines": [69, 70, 71, 82, 83], "summary": {"covered_lines": 5, "num_statements": 5, "percent_covered": 100.0, "percent_covered_display": "100", "missing_lines": 0, "excluded_lines": 0, "percent_statements_covered": 100.0, "percent_statements_covered_display": "100"}, "missing_lines": [], "excluded_lines": [], "start_line": 67}, "LangChainOrchestrator._build_test_generation_chain": {"executed_lines": [87, 134, 135, 136, 137], "summary": {"covered_lines": 5, "num_statements": 5, "percent_covered": 100.0, "percent_covered_display": "100", "missing_lines": 0, "excluded_lines": 0, "percent_statements_covered": 100.0, "percent_statements_covered_display": "100"}, "missing_lines": [], "excluded_lines": [], "start_line": 85}, "LangChainOrchestrator._build_assertion_generation_chain": {"executed_lines": [141, 178, 181], "summary": {"covered_lines": 3, "num_statements": 5, "percent_covered": 60.0, "percent_covered_display": "60", "missing_lines": 2, "excluded_lines": 0, "percent_statements_covered": 60.0, "percent_statements_covered_display": "60"}, "missing_lines": [179, 180], "excluded_lines": [], "start_line": 139}, "LangChainOrchestrator._build_failure_analysis_chain": {"executed_lines": [185, 221, 224], "summary": {"covered_lines": 3, "num_statements": 5, "percent_covered": 60.0, "percent_covered_display": "60", "missing_lines": 2, "excluded_lines": 0, "percent_statements_covered": 60.0, "percent_statements_covered_display": "60"}, "missing_lines": [222, 223], "excluded_lines": [], "start_line": 183}, "LangChainOrchestrator.generate_test_cases": {"executed_lines": [234, 235, 236, 238, 239, 243, 244, 247, 248, 249, 251, 252, 253, 254], "summary": {"covered_lines": 14, "num_statements": 15, "percent_covered": 93.33333333333333, "percent_covered_display": "93", "missing_lines": 1, "excluded_lines": 0, "percent_statements_covered": 93.33333333333333, "percent_statements_covered_display": "93"}, "missing_lines": [250], "excluded_lines": [], "start_line": 226}, "LangChainOrchestrator.generate_assertions": {"executed_lines": [262, 263, 264, 266, 267, 271, 272, 273, 274, 275, 277, 278, 279, 280], "summary": {"covered_lines": 14, "num_statements": 15, "percent_covered": 93.33333333333333, "percent_covered_display": "93", "missing_lines": 1, "excluded_lines": 0, "percent_statements_covered": 93.33333333333333, "percent_statements_covered_display": "93"}, "missing_lines": [276], "excluded_lines": [], "start_line": 256}, "LangChainOrchestrator.analyze_failures": {"executed_lines": [289, 290, 291, 293, 294, 299, 300], "summary": {"covered_lines": 7, "num_statements": 8, "percent_covered": 87.5, "percent_covered_display": "88", "missing_lines": 1, "excluded_lines": 0, "percent_statements_covered": 87.5, "percent_statements_covered_display": "88"}, "missing_lines": [298], "excluded_lines": [], "start_line": 282}, "LangChainOrchestrator._parse_json_response": {"executed_lines": [304, 305, 310, 311, 312, 313, 315, 316], "summary": {"covered_lines": 8, "num_statements": 12, "percent_covered": 66.66666666666667, "percent_covered_display": "67", "missing_lines": 4, "excluded_lines": 0, "percent_statements_covered": 66.66666666666667, "percent_statements_covered_display": "67"}, "missing_lines": [306, 307, 308, 314], "excluded_lines": [], "start_line": 302}, "LangChainOrchestrator._create_live_resource": {"executed_lines": [326, 327, 328, 331, 332, 333], "summary": {"covered_lines": 6, "num_statements": 8, "percent_covered": 75.0, "percent_covered_display": "75", "missing_lines": 2, "excluded_lines": 0, "percent_statements_covered": 75.0, "percent_statements_covered_display": "75"}, "missing_lines": [329, 330], "excluded_lines": [], "start_line": 318}, "LangChainOrchestrator._get_synthesizer": {"executed_lines": [338, 339], "summary": {"covered_lines": 2, "num_statements": 2, "percent_covered": 100.0, "percent_covered_display": "100", "missing_lines": 0, "excluded_lines": 0, "percent_statements_covered": 100.0, "percent_statements_covered_display": "100"}, "missing_lines": [], "excluded_lines": [], "start_line": 335}, "LangChainOrchestrator._generate_fallback_tests": {"executed_lines": [353, 354], "summary": {"covered_lines": 2, "num_statements": 2, "percent_covered": 100.0, "percent_covered_display": "100", "missing_lines": 0, "excluded_lines": 0, "percent_statements_covered": 100.0, "percent_statements_covered_display": "100"}, "missing_lines": [], "excluded_lines": [], "start_line": 344}, "LangChainOrchestrator._generate_fallback_assertions": {"executed_lines": [364, 365, 366], "summary": {"covered_lines": 3, "num_statements": 3, "percent_covered": 100.0, "percent_covered_display": "100", "missing_lines": 0, "excluded_lines": 0, "percent_statements_covered": 100.0, "percent_statements_covered_display": "100"}, "missing_lines": [], "excluded_lines": [], "start_line": 356}, "LangChainOrchestrator._generate_sample_body": {"executed_lines": [370, 373, 374], "summary": {"covered_lines": 3, "num_statements": 4, "percent_covered": 75.0, "percent_covered_display": "75", "missing_lines": 1, "excluded_lines": 0, "percent_statements_covered": 75.0, "percent_statements_covered_display": "75"}, "missing_lines": [371], "excluded_lines": [], "start_line": 368}, "LangChainOrchestrator._generate_sample_from_schema": {"executed_lines": [378, 381, 382, 383, 384, 385, 388, 389, 390, 391, 392, 394, 396, 397, 401], "summary": {"covered_lines": 15, "num_statements": 21, "percent_covered": 71.42857142857143, "percent_covered_display": "71", "missing_lines": 6, "excluded_lines": 0, "percent_statements_covered": 71.42857142857143, "percent_statements_covered_display": "71"}, "missing_lines": [379, 386, 393, 395, 398, 399], "excluded_lines": [], "start_line": 376}, "LangChainOrchestrator.run_full_pipeline": {"executed_lines": [405, 406, 407, 410, 411, 412, 413, 416, 417, 418, 422, 425, 426, 427, 431, 434, 442, 446, 448, 451, 453, 465, 470, 471, 472, 473, 475], "summary": {"covered_lines": 27, "num_statements": 30, "percent_covered": 90.0, "percent_covered_display": "90", "missing_lines": 3, "excluded_lines": 0, "percent_statements_covered": 90.0, "percent_statements_covered_display": "90"}, "missing_lines": [447, 449, 466], "excluded_lines": [], "start_line": 403}, "": {"executed_lines": [7, 8, 9, 10, 11, 12, 13, 14, 16, 17, 20, 26, 43, 67, 85, 139, 183, 226, 256, 282, 302, 318, 335, 344, 356, 368, 376, 403], "summary": {"covered_lines": 28, "num_statements": 28, "percent_covered": 100.0, "percent_covered_display": "100", "missing_lines": 0, "excluded_lines": 0, "percent_statements_covered": 100.0, "percent_statements_covered_display": "100"}, "missing_lines": [], "excluded_lines": [], "start_line": 1}}, "classes": {"LangChainOrchestrator": {"executed_lines": [32, 33, 34, 35, 36, 39, 40, 41, 45, 59, 69, 70, 71, 82, 83, 87, 134, 135, 136, 137, 141, 178, 181, 185, 221, 224, 234, 235, 236, 238, 239, 243, 244, 247, 248, 249, 251, 252, 253, 254, 262, 263, 264, 266, 267, 271, 272, 273, 274, 275, 277, 278, 279, 280, 289, 290, 291, 293, 294, 299, 300, 304, 305, 310, 311, 312, 313, 315, 316, 326, 327, 328, 331, 332, 333, 338, 339, 353, 354, 364, 365, 366, 370, 373, 374, 378, 381, 382, 383, 384, 385, 388, 389, 390, 391, 392, 394, 396, 397, 401, 405, 406, 407, 410, 411, 412, 413, 416, 417, 418, 422, 425, 426, 427, 431, 434, 442, 446, 448, 451, 453, 465, 470, 471, 472, 473, 475], "summary": {"covered_lines": 127, "num_statements": 152, "percent_covered": 83.55263157894737, "percent_covered_display": "84", "missing_lines": 25, "excluded_lines": 0, "percent_statements_covered": 83.55263157894737, "percent_statements_covered_display": "84"}, "missing_lines": [46, 60, 179, 180, 222, 223, 250, 276, 298, 306, 307, 308, 314, 329, 330, 371, 379, 386, 393, 395, 398, 399, 447, 449, 466], "excluded_lines": [], "start_line": 20}, "": {"executed_lines": [7, 8, 9, 10, 11, 12, 13, 14, 16, 17, 20, 26, 43, 67, 85, 139, 183, 226, 256, 282, 302, 318, 335, 344, 356, 368, 376, 403], "summary": {"covered_lines": 28, "num_statements": 28, "percent_covered": 100.0, "percent_covered_display": "100", "missing_lines": 0, "excluded_lines": 0, "percent_statements_covered": 100.0, "percent_statements_covered_display": "100"}, "missing_lines": [], "excluded_lines": [], "start_line": 1}}}, "core\\openapi_parser.py": {"executed_lines": [7, 8, 9, 10, 11, 14, 15, 17, 18, 19, 20, 21, 24, 25, 27, 28, 29, 32, 33, 35, 36, 37, 40, 41, 43, 44, 45, 46, 47, 48, 49, 50, 52, 53, 76, 79, 80, 81, 82, 83, 84, 86, 88, 89, 91, 93, 94, 95, 96, 104, 106, 108, 109, 116, 118, 121, 123, 124, 125, 126, 127, 128, 129, 130, 131, 132, 133, 134, 135, 136, 139, 140, 142, 143, 145, 146, 147, 148, 149, 150, 152, 154, 155, 156, 160, 162, 164, 166, 167, 169, 170, 172, 173, 174, 178, 179, 180, 181, 190, 191, 192, 193, 194, 195, 196, 201, 204, 205, 206, 207, 208, 209, 210, 211, 217, 227, 229, 231, 233, 235, 237, 238, 239, 240, 241, 242, 243, 244, 245, 246, 247, 248, 249, 250, 251, 252, 254, 256, 257, 263, 264, 265, 266, 267, 268, 269, 270, 271, 272, 273, 274, 275, 276, 277, 278, 280, 281, 283], "summary": {"covered_lines": 158, "num_statements": 164, "percent_covered": 96.34146341463415, "percent_covered_display": "96", "missing_lines": 6, "excluded_lines": 0, "percent_statements_covered": 96.34146341463415, "percent_statements_covered_display": "96"}, "missing_lines": [99, 100, 101, 102, 119, 175], "excluded_lines": [], "functions": {"Endpoint.to_dict": {"executed_lines": [53], "summary": {"covered_lines": 1, "num_statements": 1, "percent_covered": 100.0, "percent_covered_display": "100", "missing_lines": 0, "excluded_lines": 0, "percent_statements_covered": 100.0, "percent_statements_covered_display": "100"}, "missing_lines": [], "excluded_lines": [], "start_line": 52}, "OpenAPIParser.__init__": {"executed_lines": [80, 81, 82, 83, 84], "summary": {"covered_lines": 5, "num_statements": 5, "percent_covered": 100.0, "percent_covered_display": "100", "missing_lines": 0, "excluded_lines": 0, "percent_statements_covered": 100.0, "percent_statements_covered_display": "100"}, "missing_lines": [], "excluded_lines": [], "start_line": 79}, "OpenAPIParser.load_spec": {"executed_lines": [88, 89, 91, 93, 94, 95, 96, 104], "summary": {"covered_lines": 8, "num_statements": 12, "percent_covered": 66.66666666666667, "percent_covered_display": "67", "missing_lines": 4, "excluded_lines": 0, "percent_statements_covered": 66.66666666666667, "percent_statements_covered_display": "67"}, "missing_lines": [99, 100, 101, 102], "excluded_lines": [], "start_line": 86}, "OpenAPIParser.get_api_info": {"executed_lines": [108, 109], "summary": {"covered_lines": 2, "num_statements": 2, "percent_covered": 100.0, "percent_covered_display": "100", "missing_lines": 0, "excluded_lines": 0, "percent_statements_covered": 100.0, "percent_statements_covered_display": "100"}, "missing_lines": [], "excluded_lines": [], "start_line": 106}, "OpenAPIParser._resolve_ref": {"executed_lines": [118, 121, 123, 124, 125, 126, 127, 128, 129, 130, 131, 132, 133, 134, 135, 136, 139, 140, 142, 143, 145, 146, 147, 148, 149, 150], "summary": {"covered_lines": 26, "num_statements": 27, "percent_covered": 96.29629629629629, "percent_covered_display": "96", "missing_lines": 1, "excluded_lines": 0, "percent_statements_covered": 96.29629629629629, "percent_statements_covered_display": "96"}, "missing_lines": [119], "excluded_lines": [], "start_line": 116}, "OpenAPIParser.extract_schemas": {"executed_lines": [154, 155, 156, 160], "summary": {"covered_lines": 4, "num_statements": 4, "percent_covered": 100.0, "percent_covered_display": "100", "missing_lines": 0, "excluded_lines": 0, "percent_statements_covered": 100.0, "percent_statements_covered_display": "100"}, "missing_lines": [], "excluded_lines": [], "start_line": 152}, "OpenAPIParser.parse_endpoints": {"executed_lines": [164, 166, 167, 169, 170, 172, 173, 174, 178, 179, 180, 181, 190, 191, 192, 193, 194, 195, 196, 201, 204, 205, 206, 207, 208, 209, 210, 211, 217, 227, 229], "summary": {"covered_lines": 31, "num_statements": 32, "percent_covered": 96.875, "percent_covered_display": "97", "missing_lines": 1, "excluded_lines": 0, "percent_statements_covered": 96.875, "percent_statements_covered_display": "97"}, "missing_lines": [175], "excluded_lines": [], "start_line": 162}, "OpenAPIParser.get_endpoint_summary": {"executed_lines": [233], "summary": {"covered_lines": 1, "num_statements": 1, "percent_covered": 100.0, "percent_covered_display": "100", "missing_lines": 0, "excluded_lines": 0, "percent_statements_covered": 100.0, "percent_statements_covered_display": "100"}, "missing_lines": [], "excluded_lines": [], "start_line": 231}, "OpenAPIParser.get_schema_definitions": {"executed_lines": [237, 238, 239, 240, 241, 242, 243, 244, 245, 246, 247, 248, 249, 250, 251, 252], "summary": {"covered_lines": 16, "num_statements": 16, "percent_covered": 100.0, "percent_covered_display": "100", "missing_lines": 0, "excluded_lines": 0, "percent_statements_covered": 100.0, "percent_statements_covered_display": "100"}, "missing_lines": [], "excluded_lines": [], "start_line": 235}, "OpenAPIParser.to_prompt_context": {"executed_lines": [256, 257, 263, 264, 265, 266, 267, 268, 269, 270, 271, 272, 273, 274, 275, 276, 277, 278, 280, 281, 283], "summary": {"covered_lines": 21, "num_statements": 21, "percent_covered": 100.0, "percent_covered_display": "100", "missing_lines": 0, "excluded_lines": 0, "percent_statements_covered": 100.0, "percent_statements_covered_display": "100"}, "missing_lines": [], "excluded_lines": [], "start_line": 254}, "": {"executed_lines": [7, 8, 9, 10, 11, 14, 15, 17, 18, 19, 20, 21, 24, 25, 27, 28, 29, 32, 33, 35, 36, 37, 40, 41, 43, 44, 45, 46, 47, 48, 49, 50, 52, 76, 79, 86, 106, 116, 152, 162, 231, 235, 254], "summary": {"covered_lines": 43, "num_statements": 43, "percent_covered": 100.0, "percent_covered_display": "100", "missing_lines": 0, "excluded_lines": 0, "percent_statements_covered": 100.0, "percent_statements_covered_display": "100"}, "missing_lines": [], "excluded_lines": [], "start_line": 1}}, "classes": {"Parameter": {"executed_lines": [], "summary": {"covered_lines": 0, "num_statements": 0, "percent_covered": 100.0, "percent_covered_display": "100", "missing_lines": 0, "excluded_lines": 0, "percent_statements_covered": 100.0, "percent_statements_covered_display": "100"}, "missing_lines": [], "excluded_lines": [], "start_line": 15}, "RequestBody": {"executed_lines": [], "summary": {"covered_lines": 0, "num_statements": 0, "percent_covered": 100.0, "percent_covered_display": "100", "missing_lines": 0, "excluded_lines": 0, "percent_statements_covered": 100.0, "percent_statements_covered_display": "100"}, "missing_lines": [], "excluded_lines": [], "start_line": 25}, "Response": {"executed_lines": [], "summary": {"covered_lines": 0, "num_statements": 0, "percent_covered": 100.0, "percent_covered_display": "100", "missing_lines": 0, "excluded_lines": 0, "percent_statements_covered": 100.0, "percent_statements_covered_display": "100"}, "missing_lines": [], "excluded_lines": [], "start_line": 33}, "Endpoint": {"executed_lines": [53], "summary": {"covered_lines": 1, "num_statements": 1, "percent_covered": 100.0, "percent_covered_display": "100", "missing_lines": 0, "excluded_lines": 0, "percent_statements_covered": 100.0, "percent_statements_covered_display": "100"}, "missing_lines": [], "excluded_lines": [], "start_line": 41}, "OpenAPIParser": {"executed_lines": [80, 81, 82, 83, 84, 88, 89, 91, 93, 94, 95, 96, 104, 108, 109, 118, 121, 123, 124, 125, 126, 127, 128, 129, 130, 131, 132, 133, 134, 135, 136, 139, 140, 142, 143, 145, 146, 147, 148, 149, 150, 154, 155, 156, 160, 164, 166, 167, 169, 170, 172, 173, 174, 178, 179, 180, 181, 190, 191, 192, 193, 194, 195, 196, 201, 204, 205, 206, 207, 208, 209, 210, 211, 217, 227, 229, 233, 237, 238, 239, 240, 241, 242, 243, 244, 245, 246, 247, 248, 249, 250, 251, 252, 256, 257, 263, 264, 265, 266, 267, 268, 269, 270, 271, 272, 273, 274, 275, 276, 277, 278, 280, 281, 283], "summary": {"covered_lines": 114, "num_statements": 120, "percent_covered": 95.0, "percent_covered_display": "95", "missing_lines": 6, "excluded_lines": 0, "percent_statements_covered": 95.0, "percent_statements_covered_display": "95"}, "missing_lines": [99, 100, 101, 102, 119, 175], "excluded_lines": [], "start_line": 76}, "": {"executed_lines": [7, 8, 9, 10, 11, 14, 15, 17, 18, 19, 20, 21, 24, 25, 27, 28, 29, 32, 33, 35, 36, 37, 40, 41, 43, 44, 45, 46, 47, 48, 49, 50, 52, 76, 79, 86, 106, 116, 152, 162, 231, 235, 254], "summary": {"covered_lines": 43, "num_statements": 43, "percent_covered": 100.0, "percent_covered_display": "100", "missing_lines": 0, "excluded_lines": 0, "percent_statements_covered": 100.0, "percent_statements_covered_display": "100"}, "missing_lines": [], "excluded_lines": [], "start_line": 1}}}, "core\\test_synthesizer.py": {"executed_lines": [50, 51, 53, 56, 57, 60, 66, 67, 68, 69, 70, 71, 74, 77, 78, 79, 80, 81, 82, 85, 86, 87, 88, 90, 93, 99, 100, 101, 102, 103, 106, 107, 108, 109, 113, 114, 115, 116, 119, 123, 124, 125, 127, 128, 129, 130, 131, 132, 133, 134, 136, 137, 138, 139, 147, 149, 150, 156, 157, 158, 159, 160, 161, 162, 165, 169, 170, 172, 173, 174, 176, 193, 194, 202, 203, 204, 212, 215, 216, 224, 227, 234, 250, 251, 252, 253, 254, 255, 256, 258, 259, 265, 272, 273, 274, 275, 276, 277, 278, 280, 285, 286, 287, 288, 289, 290, 291, 292, 293, 295, 296, 297, 298, 300, 305, 306, 307, 308, 310, 313, 315, 316, 317, 318, 320, 328, 329, 331, 333, 336, 337, 338, 339, 340, 341, 342, 343, 344, 346, 347, 348, 349, 350, 351, 352, 353, 354, 355, 356, 357, 358, 359, 360, 361, 362, 363, 364, 365, 366, 367, 368, 369, 370, 376, 377, 381, 382, 383, 384, 385, 386, 388, 389, 390, 391, 392, 393, 394, 395, 396, 397, 398, 399, 400, 401, 402, 403, 404, 405, 407, 413, 414, 415, 418, 419, 420, 422, 423, 424, 426, 427, 428, 429, 430, 431, 432, 434, 452, 458, 459, 463, 464, 466, 467, 470, 471, 472, 473, 474, 476, 477, 479, 498, 499, 500, 501, 508, 510, 511, 512, 513, 514, 515, 516, 518, 519, 520, 522, 541, 542, 543, 545, 546, 547, 549, 550, 551, 552, 554, 555, 556, 561, 580, 584, 585, 586, 592, 593, 595, 596, 597, 599, 600, 601, 602, 605, 610, 612, 614, 617, 618, 619, 620, 621, 622, 626], "summary": {"covered_lines": 276, "num_statements": 281, "percent_covered": 98.22064056939502, "percent_covered_display": "98", "missing_lines": 5, "excluded_lines": 0, "percent_statements_covered": 98.22064056939502, "percent_statements_covered_display": "98"}, "missing_lines": [110, 135, 334, 416, 606], "excluded_lines": [], "functions": {"_collection_path_for": {"executed_lines": [66, 67, 68, 69, 70, 71], "summary": {"covered_lines": 6, "num_statements": 6, "percent_covered": 100.0, "percent_covered_display": "100", "missing_lines": 0, "excluded_lines": 0, "percent_statements_covered": 100.0, "percent_statements_covered_display": "100"}, "missing_lines": [], "excluded_lines": [], "start_line": 60}, "_status_codes": {"executed_lines": [77, 78, 79, 80, 81, 82], "summary": {"covered_lines": 6, "num_statements": 6, "percent_covered": 100.0, "percent_covered_display": "100", "missing_lines": 0, "excluded_lines": 0, "percent_statements_covered": 100.0, "percent_statements_covered_display": "100"}, "missing_lines": [], "excluded_lines": [], "start_line": 74}, "_primary_success_status": {"executed_lines": [86, 87, 88, 90], "summary": {"covered_lines": 4, "num_statements": 4, "percent_covered": 100.0, "percent_covered_display": "100", "missing_lines": 0, "excluded_lines": 0, "percent_statements_covered": 100.0, "percent_statements_covered_display": "100"}, "missing_lines": [], "excluded_lines": [], "start_line": 85}, "_declared_validation_status": {"executed_lines": [99, 100, 101, 102, 103], "summary": {"covered_lines": 5, "num_statements": 5, "percent_covered": 100.0, "percent_covered_display": "100", "missing_lines": 0, "excluded_lines": 0, "percent_statements_covered": 100.0, "percent_statements_covered_display": "100"}, "missing_lines": [], "excluded_lines": [], "start_line": 93}, "_response_schema_for_status": {"executed_lines": [107, 108, 109], "summary": {"covered_lines": 3, "num_statements": 4, "percent_covered": 75.0, "percent_covered_display": "75", "missing_lines": 1, "excluded_lines": 0, "percent_statements_covered": 75.0, "percent_statements_covered_display": "75"}, "missing_lines": [110], "excluded_lines": [], "start_line": 106}, "_required_response_fields": {"executed_lines": [114, 115, 116], "summary": {"covered_lines": 3, "num_statements": 3, "percent_covered": 100.0, "percent_covered_display": "100", "missing_lines": 0, "excluded_lines": 0, "percent_statements_covered": 100.0, "percent_statements_covered_display": "100"}, "missing_lines": [], "excluded_lines": [], "start_line": 113}, "ResourceDiscovery.__init__": {"executed_lines": [124, 125], "summary": {"covered_lines": 2, "num_statements": 2, "percent_covered": 100.0, "percent_covered_display": "100", "missing_lines": 0, "excluded_lines": 0, "percent_statements_covered": 100.0, "percent_statements_covered_display": "100"}, "missing_lines": [], "excluded_lines": [], "start_line": 123}, "ResourceDiscovery.discover": {"executed_lines": [128, 129, 130, 131, 132, 133, 134, 136, 137, 138, 139, 147], "summary": {"covered_lines": 12, "num_statements": 13, "percent_covered": 92.3076923076923, "percent_covered_display": "92", "missing_lines": 1, "excluded_lines": 0, "percent_statements_covered": 92.3076923076923, "percent_statements_covered_display": "92"}, "missing_lines": [135], "excluded_lines": [], "start_line": 127}, "ResourceDiscovery._infer_id_field": {"executed_lines": [156, 157, 158, 159, 160, 161, 162], "summary": {"covered_lines": 7, "num_statements": 7, "percent_covered": 100.0, "percent_covered_display": "100", "missing_lines": 0, "excluded_lines": 0, "percent_statements_covered": 100.0, "percent_statements_covered_display": "100"}, "missing_lines": [], "excluded_lines": [], "start_line": 150}, "AssertionSynthesizer.__init__": {"executed_lines": [170], "summary": {"covered_lines": 1, "num_statements": 1, "percent_covered": 100.0, "percent_covered_display": "100", "missing_lines": 0, "excluded_lines": 0, "percent_statements_covered": 100.0, "percent_statements_covered_display": "100"}, "missing_lines": [], "excluded_lines": [], "start_line": 169}, "AssertionSynthesizer.synthesize": {"executed_lines": [173, 174, 176, 193, 194, 202, 203, 204, 212, 215, 216, 224], "summary": {"covered_lines": 12, "num_statements": 12, "percent_covered": 100.0, "percent_covered_display": "100", "missing_lines": 0, "excluded_lines": 0, "percent_statements_covered": 100.0, "percent_statements_covered_display": "100"}, "missing_lines": [], "excluded_lines": [], "start_line": 172}, "TestSynthesizer.__init__": {"executed_lines": [250, 251, 252, 253, 254, 255, 256, 258, 259], "summary": {"covered_lines": 9, "num_statements": 9, "percent_covered": 100.0, "percent_covered_display": "100", "missing_lines": 0, "excluded_lines": 0, "percent_statements_covered": 100.0, "percent_statements_covered_display": "100"}, "missing_lines": [], "excluded_lines": [], "start_line": 234}, "TestSynthesizer._resolve_shared_ids": {"executed_lines": [272, 273, 274, 275, 276, 277, 278], "summary": {"covered_lines": 7, "num_statements": 7, "percent_covered": 100.0, "percent_covered_display": "100", "missing_lines": 0, "excluded_lines": 0, "percent_statements_covered": 100.0, "percent_statements_covered_display": "100"}, "missing_lines": [], "excluded_lines": [], "start_line": 265}, "TestSynthesizer._placeholder_id": {"executed_lines": [285, 286, 287, 288, 289, 290, 291, 292, 293], "summary": {"covered_lines": 9, "num_statements": 9, "percent_covered": 100.0, "percent_covered_display": "100", "missing_lines": 0, "excluded_lines": 0, "percent_statements_covered": 100.0, "percent_statements_covered_display": "100"}, "missing_lines": [], "excluded_lines": [], "start_line": 280}, "TestSynthesizer._resolved_id_for": {"executed_lines": [296, 297, 298], "summary": {"covered_lines": 3, "num_statements": 3, "percent_covered": 100.0, "percent_covered_display": "100", "missing_lines": 0, "excluded_lines": 0, "percent_statements_covered": 100.0, "percent_statements_covered_display": "100"}, "missing_lines": [], "excluded_lines": [], "start_line": 295}, "TestSynthesizer._substitute_path": {"executed_lines": [305, 306, 307, 308, 310, 313], "summary": {"covered_lines": 6, "num_statements": 6, "percent_covered": 100.0, "percent_covered_display": "100", "missing_lines": 0, "excluded_lines": 0, "percent_statements_covered": 100.0, "percent_statements_covered_display": "100"}, "missing_lines": [], "excluded_lines": [], "start_line": 300}, "TestSynthesizer._sample_body_for": {"executed_lines": [316, 317, 318], "summary": {"covered_lines": 3, "num_statements": 3, "percent_covered": 100.0, "percent_covered_display": "100", "missing_lines": 0, "excluded_lines": 0, "percent_statements_covered": 100.0, "percent_statements_covered_display": "100"}, "missing_lines": [], "excluded_lines": [], "start_line": 315}, "TestSynthesizer._sample_from_schema": {"executed_lines": [328, 329, 331, 333, 336, 337, 338, 339, 340, 341, 342, 343, 344], "summary": {"covered_lines": 13, "num_statements": 14, "percent_covered": 92.85714285714286, "percent_covered_display": "93", "missing_lines": 1, "excluded_lines": 0, "percent_statements_covered": 92.85714285714286, "percent_statements_covered_display": "93"}, "missing_lines": [334], "excluded_lines": [], "start_line": 320}, "TestSynthesizer._sample_scalar": {"executed_lines": [348, 349, 350, 351, 352, 353, 354, 355, 356, 357, 358, 359, 360, 361, 362, 363, 364, 365, 366, 367, 368, 369, 370], "summary": {"covered_lines": 23, "num_statements": 23, "percent_covered": 100.0, "percent_covered_display": "100", "missing_lines": 0, "excluded_lines": 0, "percent_statements_covered": 100.0, "percent_statements_covered_display": "100"}, "missing_lines": [], "excluded_lines": [], "start_line": 347}, "TestSynthesizer._invalid_value_for": {"executed_lines": [381, 382, 383, 384, 385, 386, 388, 389, 390, 391, 392, 393, 394, 395, 396, 397, 398, 399, 400, 401, 402, 403, 404, 405], "summary": {"covered_lines": 24, "num_statements": 24, "percent_covered": 100.0, "percent_covered_display": "100", "missing_lines": 0, "excluded_lines": 0, "percent_statements_covered": 100.0, "percent_statements_covered_display": "100"}, "missing_lines": [], "excluded_lines": [], "start_line": 377}, "TestSynthesizer._boundary_test_cases": {"executed_lines": [413, 414, 415, 418, 419, 420, 422, 423, 424, 426, 427, 428, 429, 430, 431, 432, 434, 452], "summary": {"covered_lines": 18, "num_statements": 19, "percent_covered": 94.73684210526316, "percent_covered_display": "95", "missing_lines": 1, "excluded_lines": 0, "percent_statements_covered": 94.73684210526316, "percent_statements_covered_display": "95"}, "missing_lines": [416], "excluded_lines": [], "start_line": 407}, "TestSynthesizer._response_type_for": {"executed_lines": [463, 464], "summary": {"covered_lines": 2, "num_statements": 2, "percent_covered": 100.0, "percent_covered_display": "100", "missing_lines": 0, "excluded_lines": 0, "percent_statements_covered": 100.0, "percent_statements_covered_display": "100"}, "missing_lines": [], "excluded_lines": [], "start_line": 459}, "TestSynthesizer._positive_test": {"executed_lines": [467, 470, 471, 472, 473, 474, 476, 477, 479, 498, 499, 500, 501, 508], "summary": {"covered_lines": 14, "num_statements": 14, "percent_covered": 100.0, "percent_covered_display": "100", "missing_lines": 0, "excluded_lines": 0, "percent_statements_covered": 100.0, "percent_statements_covered_display": "100"}, "missing_lines": [], "excluded_lines": [], "start_line": 466}, "TestSynthesizer._negative_id_test": {"executed_lines": [511, 512, 513, 514, 515, 516, 518, 519, 520, 522], "summary": {"covered_lines": 10, "num_statements": 10, "percent_covered": 100.0, "percent_covered_display": "100", "missing_lines": 0, "excluded_lines": 0, "percent_statements_covered": 100.0, "percent_statements_covered_display": "100"}, "missing_lines": [], "excluded_lines": [], "start_line": 510}, "TestSynthesizer._empty_body_test": {"executed_lines": [542, 543, 545, 546, 547, 549, 550, 551, 552, 554, 555, 556, 561], "summary": {"covered_lines": 13, "num_statements": 13, "percent_covered": 100.0, "percent_covered_display": "100", "missing_lines": 0, "excluded_lines": 0, "percent_statements_covered": 100.0, "percent_statements_covered_display": "100"}, "missing_lines": [], "excluded_lines": [], "start_line": 541}, "TestSynthesizer.generate_tests": {"executed_lines": [584, 585, 586, 592, 593, 595, 596, 597, 599, 600, 601, 602, 605, 610, 612], "summary": {"covered_lines": 15, "num_statements": 16, "percent_covered": 93.75, "percent_covered_display": "94", "missing_lines": 1, "excluded_lines": 0, "percent_statements_covered": 93.75, "percent_statements_covered_display": "94"}, "missing_lines": [606], "excluded_lines": [], "start_line": 580}, "TestSynthesizer.generate_assertions": {"executed_lines": [617, 618, 619, 620, 621, 622, 626], "summary": {"covered_lines": 7, "num_statements": 7, "percent_covered": 100.0, "percent_covered_display": "100", "missing_lines": 0, "excluded_lines": 0, "percent_statements_covered": 100.0, "percent_statements_covered_display": "100"}, "missing_lines": [], "excluded_lines": [], "start_line": 614}, "": {"executed_lines": [50, 51, 53, 56, 57, 60, 74, 85, 93, 106, 113, 119, 123, 127, 149, 150, 165, 169, 172, 227, 234, 265, 280, 295, 300, 315, 320, 346, 347, 376, 377, 407, 458, 459, 466, 510, 541, 580, 614], "summary": {"covered_lines": 39, "num_statements": 39, "percent_covered": 100.0, "percent_covered_display": "100", "missing_lines": 0, "excluded_lines": 0, "percent_statements_covered": 100.0, "percent_statements_covered_display": "100"}, "missing_lines": [], "excluded_lines": [], "start_line": 1}}, "classes": {"ResourceDiscovery": {"executed_lines": [124, 125, 128, 129, 130, 131, 132, 133, 134, 136, 137, 138, 139, 147, 156, 157, 158, 159, 160, 161, 162], "summary": {"covered_lines": 21, "num_statements": 22, "percent_covered": 95.45454545454545, "percent_covered_display": "95", "missing_lines": 1, "excluded_lines": 0, "percent_statements_covered": 95.45454545454545, "percent_statements_covered_display": "95"}, "missing_lines": [135], "excluded_lines": [], "start_line": 119}, "AssertionSynthesizer": {"executed_lines": [170, 173, 174, 176, 193, 194, 202, 203, 204, 212, 215, 216, 224], "summary": {"covered_lines": 13, "num_statements": 13, "percent_covered": 100.0, "percent_covered_display": "100", "missing_lines": 0, "excluded_lines": 0, "percent_statements_covered": 100.0, "percent_statements_covered_display": "100"}, "missing_lines": [], "excluded_lines": [], "start_line": 165}, "TestSynthesizer": {"executed_lines": [250, 251, 252, 253, 254, 255, 256, 258, 259, 272, 273, 274, 275, 276, 277, 278, 285, 286, 287, 288, 289, 290, 291, 292, 293, 296, 297, 298, 305, 306, 307, 308, 310, 313, 316, 317, 318, 328, 329, 331, 333, 336, 337, 338, 339, 340, 341, 342, 343, 344, 348, 349, 350, 351, 352, 353, 354, 355, 356, 357, 358, 359, 360, 361, 362, 363, 364, 365, 366, 367, 368, 369, 370, 381, 382, 383, 384, 385, 386, 388, 389, 390, 391, 392, 393, 394, 395, 396, 397, 398, 399, 400, 401, 402, 403, 404, 405, 413, 414, 415, 418, 419, 420, 422, 423, 424, 426, 427, 428, 429, 430, 431, 432, 434, 452, 463, 464, 467, 470, 471, 472, 473, 474, 476, 477, 479, 498, 499, 500, 501, 508, 511, 512, 513, 514, 515, 516, 518, 519, 520, 522, 542, 543, 545, 546, 547, 549, 550, 551, 552, 554, 555, 556, 561, 584, 585, 586, 592, 593, 595, 596, 597, 599, 600, 601, 602, 605, 610, 612, 617, 618, 619, 620, 621, 622, 626], "summary": {"covered_lines": 176, "num_statements": 179, "percent_covered": 98.32402234636872, "percent_covered_display": "98", "missing_lines": 3, "excluded_lines": 0, "percent_statements_covered": 98.32402234636872, "percent_statements_covered_display": "98"}, "missing_lines": [334, 416, 606], "excluded_lines": [], "start_line": 227}, "": {"executed_lines": [50, 51, 53, 56, 57, 60, 66, 67, 68, 69, 70, 71, 74, 77, 78, 79, 80, 81, 82, 85, 86, 87, 88, 90, 93, 99, 100, 101, 102, 103, 106, 107, 108, 109, 113, 114, 115, 116, 119, 123, 127, 149, 150, 165, 169, 172, 227, 234, 265, 280, 295, 300, 315, 320, 346, 347, 376, 377, 407, 458, 459, 466, 510, 541, 580, 614], "summary": {"covered_lines": 66, "num_statements": 67, "percent_covered": 98.50746268656717, "percent_covered_display": "99", "missing_lines": 1, "excluded_lines": 0, "percent_statements_covered": 98.50746268656717, "percent_statements_covered_display": "99"}, "missing_lines": [110], "excluded_lines": [], "start_line": 1}}}, "execution\\__init__.py": {"executed_lines": [], "summary": {"covered_lines": 0, "num_statements": 0, "percent_covered": 100.0, "percent_covered_display": "100", "missing_lines": 0, "excluded_lines": 0, "percent_statements_covered": 100.0, "percent_statements_covered_display": "100"}, "missing_lines": [], "excluded_lines": [], "functions": {"": {"executed_lines": [], "summary": {"covered_lines": 0, "num_statements": 0, "percent_covered": 100.0, "percent_covered_display": "100", "missing_lines": 0, "excluded_lines": 0, "percent_statements_covered": 100.0, "percent_statements_covered_display": "100"}, "missing_lines": [], "excluded_lines": [], "start_line": 1}}, "classes": {"": {"executed_lines": [], "summary": {"covered_lines": 0, "num_statements": 0, "percent_covered": 100.0, "percent_covered_display": "100", "missing_lines": 0, "excluded_lines": 0, "percent_statements_covered": 100.0, "percent_statements_covered_display": "100"}, "missing_lines": [], "excluded_lines": [], "start_line": 1}}}, "execution\\test_runner.py": {"executed_lines": [6, 7, 8, 9, 10, 11, 12, 15, 18, 19, 20, 22, 28, 29, 31, 32, 34, 44, 57, 58, 79, 81, 82, 84, 86, 87, 89, 99, 102, 103, 104, 105, 107, 109, 110, 112, 114, 115, 116, 117, 120, 123, 124, 126, 127, 128, 130, 142, 153, 154, 155, 156, 163, 164, 165, 166, 167, 168, 169, 170, 172, 174, 175, 176, 177, 183, 184, 185, 186, 187, 190, 194, 195, 196, 198, 208, 209, 210, 225, 227, 228, 230, 231, 232, 233, 236, 237, 240, 241, 247, 248, 251, 252, 260, 261, 262, 265, 270, 271, 273, 275, 276, 277, 285, 288, 291, 292, 293, 295, 297, 298, 331, 337, 338, 341, 342, 351, 353, 355, 356, 358, 359, 360, 366, 367, 369, 370, 372], "summary": {"covered_lines": 128, "num_statements": 150, "percent_covered": 85.33333333333333, "percent_covered_display": "85", "missing_lines": 22, "excluded_lines": 0, "percent_statements_covered": 85.33333333333333, "percent_statements_covered_display": "85"}, "missing_lines": [45, 46, 54, 55, 62, 72, 73, 74, 75, 77, 80, 191, 192, 264, 278, 279, 280, 281, 282, 283, 332, 361], "excluded_lines": [], "functions": {"NewmanRunner.__init__": {"executed_lines": [19, 20], "summary": {"covered_lines": 2, "num_statements": 2, "percent_covered": 100.0, "percent_covered_display": "100", "missing_lines": 0, "excluded_lines": 0, "percent_statements_covered": 100.0, "percent_statements_covered_display": "100"}, "missing_lines": [], "excluded_lines": [], "start_line": 18}, "NewmanRunner.run_collection": {"executed_lines": [28, 29, 31, 32, 34, 44, 57, 58, 79, 81, 82], "summary": {"covered_lines": 11, "num_statements": 22, "percent_covered": 50.0, "percent_covered_display": "50", "missing_lines": 11, "excluded_lines": 0, "percent_statements_covered": 50.0, "percent_statements_covered_display": "50"}, "missing_lines": [45, 46, 54, 55, 62, 72, 73, 74, 75, 77, 80], "excluded_lines": [], "start_line": 22}, "NewmanRunner._extract_summary": {"executed_lines": [86, 87, 89], "summary": {"covered_lines": 3, "num_statements": 3, "percent_covered": 100.0, "percent_covered_display": "100", "missing_lines": 0, "excluded_lines": 0, "percent_statements_covered": 100.0, "percent_statements_covered_display": "100"}, "missing_lines": [], "excluded_lines": [], "start_line": 84}, "DirectTestRunner.__init__": {"executed_lines": [103, 104, 105], "summary": {"covered_lines": 3, "num_statements": 3, "percent_covered": 100.0, "percent_covered_display": "100", "missing_lines": 0, "excluded_lines": 0, "percent_statements_covered": 100.0, "percent_statements_covered_display": "100"}, "missing_lines": [], "excluded_lines": [], "start_line": 102}, "DirectTestRunner.execute_test_suite": {"executed_lines": [109, 110, 112, 114, 115, 116, 117, 120, 123, 124, 126, 127, 128, 130], "summary": {"covered_lines": 14, "num_statements": 14, "percent_covered": 100.0, "percent_covered_display": "100", "missing_lines": 0, "excluded_lines": 0, "percent_statements_covered": 100.0, "percent_statements_covered_display": "100"}, "missing_lines": [], "excluded_lines": [], "start_line": 107}, "DirectTestRunner._run_setup": {"executed_lines": [153, 154, 155, 156, 163, 164, 165, 166, 167, 168, 169, 170], "summary": {"covered_lines": 12, "num_statements": 12, "percent_covered": 100.0, "percent_covered_display": "100", "missing_lines": 0, "excluded_lines": 0, "percent_statements_covered": 100.0, "percent_statements_covered_display": "100"}, "missing_lines": [], "excluded_lines": [], "start_line": 142}, "DirectTestRunner._execute_test": {"executed_lines": [174, 175, 176, 177, 183, 184, 185, 186, 187, 190, 194, 195, 196, 198, 208, 209, 210, 225, 227, 228, 230, 231, 232, 233, 236, 237, 240, 241, 247, 248, 251, 252, 260, 261, 262, 265, 270, 271, 273, 275, 276, 277, 285], "summary": {"covered_lines": 43, "num_statements": 52, "percent_covered": 82.6923076923077, "percent_covered_display": "83", "missing_lines": 9, "excluded_lines": 0, "percent_statements_covered": 82.6923076923077, "percent_statements_covered_display": "83"}, "missing_lines": [191, 192, 264, 278, 279, 280, 281, 282, 283], "excluded_lines": [], "start_line": 172}, "AllureReportGenerator.__init__": {"executed_lines": [292, 293], "summary": {"covered_lines": 2, "num_statements": 2, "percent_covered": 100.0, "percent_covered_display": "100", "missing_lines": 0, "excluded_lines": 0, "percent_statements_covered": 100.0, "percent_statements_covered_display": "100"}, "missing_lines": [], "excluded_lines": [], "start_line": 291}, "AllureReportGenerator.generate_results": {"executed_lines": [297, 298, 331, 337, 338, 341, 342, 351], "summary": {"covered_lines": 8, "num_statements": 9, "percent_covered": 88.88888888888889, "percent_covered_display": "89", "missing_lines": 1, "excluded_lines": 0, "percent_statements_covered": 88.88888888888889, "percent_statements_covered_display": "89"}, "missing_lines": [332], "excluded_lines": [], "start_line": 295}, "AllureReportGenerator.generate_allure_report": {"executed_lines": [355, 356, 358, 359, 360, 366, 367], "summary": {"covered_lines": 7, "num_statements": 8, "percent_covered": 87.5, "percent_covered_display": "88", "missing_lines": 1, "excluded_lines": 0, "percent_statements_covered": 87.5, "percent_statements_covered_display": "88"}, "missing_lines": [361], "excluded_lines": [], "start_line": 353}, "AllureReportGenerator._map_status": {"executed_lines": [372], "summary": {"covered_lines": 1, "num_statements": 1, "percent_covered": 100.0, "percent_covered_display": "100", "missing_lines": 0, "excluded_lines": 0, "percent_statements_covered": 100.0, "percent_statements_covered_display": "100"}, "missing_lines": [], "excluded_lines": [], "start_line": 370}, "": {"executed_lines": [6, 7, 8, 9, 10, 11, 12, 15, 18, 22, 84, 99, 102, 107, 142, 172, 288, 291, 295, 353, 369, 370], "summary": {"covered_lines": 22, "num_statements": 22, "percent_covered": 100.0, "percent_covered_display": "100", "missing_lines": 0, "excluded_lines": 0, "percent_statements_covered": 100.0, "percent_statements_covered_display": "100"}, "missing_lines": [], "excluded_lines": [], "start_line": 1}}, "classes": {"NewmanRunner": {"executed_lines": [19, 20, 28, 29, 31, 32, 34, 44, 57, 58, 79, 81, 82, 86, 87, 89], "summary": {"covered_lines": 16, "num_statements": 27, "percent_covered": 59.25925925925926, "percent_covered_display": "59", "missing_lines": 11, "excluded_lines": 0, "percent_statements_covered": 59.25925925925926, "percent_statements_covered_display": "59"}, "missing_lines": [45, 46, 54, 55, 62, 72, 73, 74, 75, 77, 80], "excluded_lines": [], "start_line": 15}, "DirectTestRunner": {"executed_lines": [103, 104, 105, 109, 110, 112, 114, 115, 116, 117, 120, 123, 124, 126, 127, 128, 130, 153, 154, 155, 156, 163, 164, 165, 166, 167, 168, 169, 170, 174, 175, 176, 177, 183, 184, 185, 186, 187, 190, 194, 195, 196, 198, 208, 209, 210, 225, 227, 228, 230, 231, 232, 233, 236, 237, 240, 241, 247, 248, 251, 252, 260, 261, 262, 265, 270, 271, 273, 275, 276, 277, 285], "summary": {"covered_lines": 72, "num_statements": 81, "percent_covered": 88.88888888888889, "percent_covered_display": "89", "missing_lines": 9, "excluded_lines": 0, "percent_statements_covered": 88.88888888888889, "percent_statements_covered_display": "89"}, "missing_lines": [191, 192, 264, 278, 279, 280, 281, 282, 283], "excluded_lines": [], "start_line": 99}, "AllureReportGenerator": {"executed_lines": [292, 293, 297, 298, 331, 337, 338, 341, 342, 351, 355, 356, 358, 359, 360, 366, 367, 372], "summary": {"covered_lines": 18, "num_statements": 20, "percent_covered": 90.0, "percent_covered_display": "90", "missing_lines": 2, "excluded_lines": 0, "percent_statements_covered": 90.0, "percent_statements_covered_display": "90"}, "missing_lines": [332, 361], "excluded_lines": [], "start_line": 288}, "": {"executed_lines": [6, 7, 8, 9, 10, 11, 12, 15, 18, 22, 84, 99, 102, 107, 142, 172, 288, 291, 295, 353, 369, 370], "summary": {"covered_lines": 22, "num_statements": 22, "percent_covered": 100.0, "percent_covered_display": "100", "missing_lines": 0, "excluded_lines": 0, "percent_statements_covered": 100.0, "percent_statements_covered_display": "100"}, "missing_lines": [], "excluded_lines": [], "start_line": 1}}}, "generators\\__init__.py": {"executed_lines": [], "summary": {"covered_lines": 0, "num_statements": 0, "percent_covered": 100.0, "percent_covered_display": "100", "missing_lines": 0, "excluded_lines": 0, "percent_statements_covered": 100.0, "percent_statements_covered_display": "100"}, "missing_lines": [], "excluded_lines": [], "functions": {"": {"executed_lines": [], "summary": {"covered_lines": 0, "num_statements": 0, "percent_covered": 100.0, "percent_covered_display": "100", "missing_lines": 0, "excluded_lines": 0, "percent_statements_covered": 100.0, "percent_statements_covered_display": "100"}, "missing_lines": [], "excluded_lines": [], "start_line": 1}}, "classes": {"": {"executed_lines": [], "summary": {"covered_lines": 0, "num_statements": 0, "percent_covered": 100.0, "percent_covered_display": "100", "missing_lines": 0, "excluded_lines": 0, "percent_statements_covered": 100.0, "percent_statements_covered_display": "100"}, "missing_lines": [], "excluded_lines": [], "start_line": 1}}}, "generators\\postman_generator.py": {"executed_lines": [6, 7, 8, 9, 10, 11, 13, 20, 23, 26, 27, 28, 30, 32, 64, 65, 66, 67, 70, 71, 77, 78, 79, 81, 83, 85, 87, 88, 89, 92, 95, 105, 106, 107, 116, 119, 121, 128, 129, 137, 138, 146, 148, 158, 159, 162, 168, 169, 173, 175, 177, 178, 179, 186, 187, 188, 189, 190, 193, 194, 195, 196, 200, 201, 202, 203, 204, 205, 206, 209, 210, 211, 212, 213, 214, 220, 221, 222, 223, 224, 225, 226, 227, 228, 229, 230, 232, 234, 235, 240, 241, 242, 244, 246, 247, 248, 249, 250, 252, 254, 255, 256, 257, 258, 259, 260, 261, 262, 264, 265, 267, 268, 272, 273, 274, 276, 277, 278, 279, 281, 283, 284, 286, 296, 297, 298, 299, 300, 301, 303, 335, 336, 337, 338, 339, 340, 341, 342, 344, 346, 348, 349, 350, 351, 353, 355, 356, 358, 364], "summary": {"covered_lines": 149, "num_statements": 153, "percent_covered": 97.38562091503267, "percent_covered_display": "97", "missing_lines": 4, "excluded_lines": 0, "percent_statements_covered": 97.38562091503267, "percent_statements_covered_display": "97"}, "missing_lines": [160, 266, 270, 271], "excluded_lines": [], "functions": {"PostmanCollectionGenerator.__init__": {"executed_lines": [27, 28], "summary": {"covered_lines": 2, "num_statements": 2, "percent_covered": 100.0, "percent_covered_display": "100", "missing_lines": 0, "excluded_lines": 0, "percent_statements_covered": 100.0, "percent_statements_covered_display": "100"}, "missing_lines": [], "excluded_lines": [], "start_line": 26}, "PostmanCollectionGenerator.generate_collection": {"executed_lines": [32, 64, 65, 66, 67, 70, 71, 77, 78, 79, 81, 83], "summary": {"covered_lines": 12, "num_statements": 12, "percent_covered": 100.0, "percent_covered_display": "100", "missing_lines": 0, "excluded_lines": 0, "percent_statements_covered": 100.0, "percent_statements_covered_display": "100"}, "missing_lines": [], "excluded_lines": [], "start_line": 30}, "PostmanCollectionGenerator._build_request_item": {"executed_lines": [87, 88, 89, 92, 95, 105, 106, 107, 116, 119, 121, 128, 129, 137, 138, 146], "summary": {"covered_lines": 16, "num_statements": 16, "percent_covered": 100.0, "percent_covered_display": "100", "missing_lines": 0, "excluded_lines": 0, "percent_statements_covered": 100.0, "percent_statements_covered_display": "100"}, "missing_lines": [], "excluded_lines": [], "start_line": 85}, "PostmanCollectionGenerator._parse_url": {"executed_lines": [158, 159, 162, 168, 169, 173], "summary": {"covered_lines": 6, "num_statements": 7, "percent_covered": 85.71428571428571, "percent_covered_display": "86", "missing_lines": 1, "excluded_lines": 0, "percent_statements_covered": 85.71428571428571, "percent_statements_covered_display": "86"}, "missing_lines": [160], "excluded_lines": [], "start_line": 148}, "PostmanCollectionGenerator._build_test_script": {"executed_lines": [177, 178, 179, 186, 187, 188, 189, 190, 193, 194, 195, 196, 200, 201, 202, 203, 204, 205, 206, 209, 210, 211, 212, 213, 214, 220, 221, 222, 223, 224, 225, 226, 227, 228, 229, 230, 232], "summary": {"covered_lines": 37, "num_statements": 37, "percent_covered": 100.0, "percent_covered_display": "100", "missing_lines": 0, "excluded_lines": 0, "percent_statements_covered": 100.0, "percent_statements_covered_display": "100"}, "missing_lines": [], "excluded_lines": [], "start_line": 175}, "PostmanCollectionGenerator._infer_resource_var": {"executed_lines": [240, 241, 242], "summary": {"covered_lines": 3, "num_statements": 3, "percent_covered": 100.0, "percent_covered_display": "100", "missing_lines": 0, "excluded_lines": 0, "percent_statements_covered": 100.0, "percent_statements_covered_display": "100"}, "missing_lines": [], "excluded_lines": [], "start_line": 235}, "PostmanCollectionGenerator._assertion_to_script": {"executed_lines": [246, 247, 248, 249, 250, 252, 254, 255, 256, 257, 258, 259, 260, 261, 262, 264, 265, 267, 268, 272, 273, 274, 276, 277, 278, 279, 281, 283, 284], "summary": {"covered_lines": 29, "num_statements": 32, "percent_covered": 90.625, "percent_covered_display": "91", "missing_lines": 3, "excluded_lines": 0, "percent_statements_covered": 90.625, "percent_statements_covered_display": "91"}, "missing_lines": [266, 270, 271], "excluded_lines": [], "start_line": 244}, "PostmanCollectionGenerator._build_prerequest_script": {"executed_lines": [296, 297, 298, 299, 300, 301, 303, 335, 336, 337, 338, 339, 340, 341, 342, 344], "summary": {"covered_lines": 16, "num_statements": 16, "percent_covered": 100.0, "percent_covered_display": "100", "missing_lines": 0, "excluded_lines": 0, "percent_statements_covered": 100.0, "percent_statements_covered_display": "100"}, "missing_lines": [], "excluded_lines": [], "start_line": 286}, "PostmanCollectionGenerator.save_collection": {"executed_lines": [348, 349, 350, 351], "summary": {"covered_lines": 4, "num_statements": 4, "percent_covered": 100.0, "percent_covered_display": "100", "missing_lines": 0, "excluded_lines": 0, "percent_statements_covered": 100.0, "percent_statements_covered_display": "100"}, "missing_lines": [], "excluded_lines": [], "start_line": 346}, "PostmanCollectionGenerator.generate_and_save": {"executed_lines": [355, 356, 358, 364], "summary": {"covered_lines": 4, "num_statements": 4, "percent_covered": 100.0, "percent_covered_display": "100", "missing_lines": 0, "excluded_lines": 0, "percent_statements_covered": 100.0, "percent_statements_covered_display": "100"}, "missing_lines": [], "excluded_lines": [], "start_line": 353}, "": {"executed_lines": [6, 7, 8, 9, 10, 11, 13, 20, 23, 26, 30, 85, 148, 175, 234, 235, 244, 286, 346, 353], "summary": {"covered_lines": 20, "num_statements": 20, "percent_covered": 100.0, "percent_covered_display": "100", "missing_lines": 0, "excluded_lines": 0, "percent_statements_covered": 100.0, "percent_statements_covered_display": "100"}, "missing_lines": [], "excluded_lines": [], "start_line": 1}}, "classes": {"PostmanCollectionGenerator": {"executed_lines": [27, 28, 32, 64, 65, 66, 67, 70, 71, 77, 78, 79, 81, 83, 87, 88, 89, 92, 95, 105, 106, 107, 116, 119, 121, 128, 129, 137, 138, 146, 158, 159, 162, 168, 169, 173, 177, 178, 179, 186, 187, 188, 189, 190, 193, 194, 195, 196, 200, 201, 202, 203, 204, 205, 206, 209, 210, 211, 212, 213, 214, 220, 221, 222, 223, 224, 225, 226, 227, 228, 229, 230, 232, 240, 241, 242, 246, 247, 248, 249, 250, 252, 254, 255, 256, 257, 258, 259, 260, 261, 262, 264, 265, 267, 268, 272, 273, 274, 276, 277, 278, 279, 281, 283, 284, 296, 297, 298, 299, 300, 301, 303, 335, 336, 337, 338, 339, 340, 341, 342, 344, 348, 349, 350, 351, 355, 356, 358, 364], "summary": {"covered_lines": 129, "num_statements": 133, "percent_covered": 96.99248120300751, "percent_covered_display": "97", "missing_lines": 4, "excluded_lines": 0, "percent_statements_covered": 96.99248120300751, "percent_statements_covered_display": "97"}, "missing_lines": [160, 266, 270, 271], "excluded_lines": [], "start_line": 23}, "": {"executed_lines": [6, 7, 8, 9, 10, 11, 13, 20, 23, 26, 30, 85, 148, 175, 234, 235, 244, 286, 346, 353], "summary": {"covered_lines": 20, "num_statements": 20, "percent_covered": 100.0, "percent_covered_display": "100", "missing_lines": 0, "excluded_lines": 0, "percent_statements_covered": 100.0, "percent_statements_covered_display": "100"}, "missing_lines": [], "excluded_lines": [], "start_line": 1}}}, "main.py": {"executed_lines": [11, 12, 13, 14, 15, 16, 19, 21, 22, 23, 24, 25, 26, 27, 30, 32, 33, 35, 36, 37, 38, 39, 41, 42, 43, 44, 46, 47, 48, 49, 51, 54, 56, 57, 59, 60, 61, 62, 63, 64, 66, 71, 74, 76, 83, 86, 87, 88, 93, 94, 95, 96, 97, 100, 101, 102, 103, 106, 109, 110, 111, 112, 113, 115, 116, 118, 119, 120, 121, 124, 125, 126, 128, 129, 130, 131, 132, 133, 136, 137, 138, 141, 142, 143, 144, 146, 147, 148, 150, 151, 152, 153, 155, 156, 157, 158, 161, 162, 163, 166, 174, 175, 176, 177, 179, 180, 182, 183, 184, 185, 186, 188, 189, 190, 191, 194, 199, 200, 201, 203, 204, 205, 206, 209, 211, 212, 213, 214, 215, 216, 217, 220, 222, 223, 224, 225, 226, 229, 230, 231, 232, 235, 236, 237, 238, 241, 242, 243, 244, 245, 246, 248, 249, 250, 251, 252, 253, 254, 255, 256, 259, 260, 276, 279, 280, 283, 284, 287, 288, 291, 294, 295, 296, 299, 300, 303, 304, 305, 308, 309, 311, 313, 314, 315, 317, 328, 331], "summary": {"covered_lines": 187, "num_statements": 193, "percent_covered": 96.89119170984456, "percent_covered_display": "97", "missing_lines": 6, "excluded_lines": 0, "percent_statements_covered": 96.89119170984456, "percent_statements_covered_display": "97"}, "missing_lines": [67, 68, 69, 338, 339, 340], "excluded_lines": [], "functions": {"parse_spec": {"executed_lines": [32, 33, 35, 36, 37, 38, 39, 41, 42, 43, 44, 46, 47, 48, 49, 51], "summary": {"covered_lines": 16, "num_statements": 16, "percent_covered": 100.0, "percent_covered_display": "100", "missing_lines": 0, "excluded_lines": 0, "percent_statements_covered": 100.0, "percent_statements_covered_display": "100"}, "missing_lines": [], "excluded_lines": [], "start_line": 30}, "validate_spec": {"executed_lines": [56, 57, 59, 60, 61, 62, 63, 64, 66, 71], "summary": {"covered_lines": 10, "num_statements": 13, "percent_covered": 76.92307692307692, "percent_covered_display": "77", "missing_lines": 3, "excluded_lines": 0, "percent_statements_covered": 76.92307692307692, "percent_statements_covered_display": "77"}, "missing_lines": [67, 68, 69], "excluded_lines": [], "start_line": 54}, "generate_tests": {"executed_lines": [76, 83, 86, 87, 88, 93, 94, 95, 96, 97, 100, 101, 102, 103], "summary": {"covered_lines": 14, "num_statements": 14, "percent_covered": 100.0, "percent_covered_display": "100", "missing_lines": 0, "excluded_lines": 0, "percent_statements_covered": 100.0, "percent_statements_covered_display": "100"}, "missing_lines": [], "excluded_lines": [], "start_line": 74}, "run_tests": {"executed_lines": [109, 110, 111, 112, 113, 115, 116, 118, 119, 120, 121, 124, 125, 126, 128, 129, 130, 131, 132, 133, 136, 137, 138, 141, 142, 143, 144, 146, 147, 148, 150, 151, 152, 153, 155, 156, 157, 158, 161, 162, 163], "summary": {"covered_lines": 41, "num_statements": 41, "percent_covered": 100.0, "percent_covered_display": "100", "missing_lines": 0, "excluded_lines": 0, "percent_statements_covered": 100.0, "percent_statements_covered_display": "100"}, "missing_lines": [], "excluded_lines": [], "start_line": 106}, "run_contract_validation": {"executed_lines": [174, 175, 176, 177, 179, 180, 182, 183, 184, 185, 186, 188, 189, 190, 191], "summary": {"covered_lines": 15, "num_statements": 15, "percent_covered": 100.0, "percent_covered_display": "100", "missing_lines": 0, "excluded_lines": 0, "percent_statements_covered": 100.0, "percent_statements_covered_display": "100"}, "missing_lines": [], "excluded_lines": [], "start_line": 166}, "build_dashboard": {"executed_lines": [199, 200, 201, 203, 204, 205, 206], "summary": {"covered_lines": 7, "num_statements": 7, "percent_covered": 100.0, "percent_covered_display": "100", "missing_lines": 0, "excluded_lines": 0, "percent_statements_covered": 100.0, "percent_statements_covered_display": "100"}, "missing_lines": [], "excluded_lines": [], "start_line": 194}, "run_api": {"executed_lines": [211, 212, 213, 214, 215, 216, 217], "summary": {"covered_lines": 7, "num_statements": 7, "percent_covered": 100.0, "percent_covered_display": "100", "missing_lines": 0, "excluded_lines": 0, "percent_statements_covered": 100.0, "percent_statements_covered_display": "100"}, "missing_lines": [], "excluded_lines": [], "start_line": 209}, "full_pipeline": {"executed_lines": [222, 223, 224, 225, 226, 229, 230, 231, 232, 235, 236, 237, 238, 241, 242, 243, 244, 245, 246, 248, 249, 250, 251, 252, 253, 254, 255, 256], "summary": {"covered_lines": 28, "num_statements": 28, "percent_covered": 100.0, "percent_covered_display": "100", "missing_lines": 0, "excluded_lines": 0, "percent_statements_covered": 100.0, "percent_statements_covered_display": "100"}, "missing_lines": [], "excluded_lines": [], "start_line": 220}, "main": {"executed_lines": [260, 276, 279, 280, 283, 284, 287, 288, 291, 294, 295, 296, 299, 300, 303, 304, 305, 308, 309, 311, 313, 314, 315, 317, 328], "summary": {"covered_lines": 25, "num_statements": 25, "percent_covered": 100.0, "percent_covered_display": "100", "missing_lines": 0, "excluded_lines": 0, "percent_statements_covered": 100.0, "percent_statements_covered_display": "100"}, "missing_lines": [], "excluded_lines": [], "start_line": 259}, "": {"executed_lines": [11, 12, 13, 14, 15, 16, 19, 21, 22, 23, 24, 25, 26, 27, 30, 54, 74, 106, 166, 194, 209, 220, 259, 331], "summary": {"covered_lines": 24, "num_statements": 27, "percent_covered": 88.88888888888889, "percent_covered_display": "89", "missing_lines": 3, "excluded_lines": 0, "percent_statements_covered": 88.88888888888889, "percent_statements_covered_display": "89"}, "missing_lines": [338, 339, 340], "excluded_lines": [], "start_line": 1}}, "classes": {"": {"executed_lines": [11, 12, 13, 14, 15, 16, 19, 21, 22, 23, 24, 25, 26, 27, 30, 32, 33, 35, 36, 37, 38, 39, 41, 42, 43, 44, 46, 47, 48, 49, 51, 54, 56, 57, 59, 60, 61, 62, 63, 64, 66, 71, 74, 76, 83, 86, 87, 88, 93, 94, 95, 96, 97, 100, 101, 102, 103, 106, 109, 110, 111, 112, 113, 115, 116, 118, 119, 120, 121, 124, 125, 126, 128, 129, 130, 131, 132, 133, 136, 137, 138, 141, 142, 143, 144, 146, 147, 148, 150, 151, 152, 153, 155, 156, 157, 158, 161, 162, 163, 166, 174, 175, 176, 177, 179, 180, 182, 183, 184, 185, 186, 188, 189, 190, 191, 194, 199, 200, 201, 203, 204, 205, 206, 209, 211, 212, 213, 214, 215, 216, 217, 220, 222, 223, 224, 225, 226, 229, 230, 231, 232, 235, 236, 237, 238, 241, 242, 243, 244, 245, 246, 248, 249, 250, 251, 252, 253, 254, 255, 256, 259, 260, 276, 279, 280, 283, 284, 287, 288, 291, 294, 295, 296, 299, 300, 303, 304, 305, 308, 309, 311, 313, 314, 315, 317, 328, 331], "summary": {"covered_lines": 187, "num_statements": 193, "percent_covered": 96.89119170984456, "percent_covered_display": "97", "missing_lines": 6, "excluded_lines": 0, "percent_statements_covered": 96.89119170984456, "percent_statements_covered_display": "97"}, "missing_lines": [67, 68, 69, 338, 339, 340], "excluded_lines": [], "star
[...]
n.test_boundary_tests_scale_with_constraint_count": {"executed_lines": [370, 371, 372, 375], "summary": {"covered_lines": 4, "num_statements": 4, "percent_covered": 100.0, "percent_covered_display": "100", "missing_lines": 0, "excluded_lines": 0, "percent_statements_covered": 100.0, "percent_statements_covered_display": "100"}, "missing_lines": [], "excluded_lines": [], "start_line": 369}, "TestTestSynthesizerGeneration.test_boundary_tests_skipped_when_no_validation_status_declared": {"executed_lines": [378, 385, 386, 387], "summary": {"covered_lines": 4, "num_statements": 4, "percent_covered": 100.0, "percent_covered_display": "100", "missing_lines": 0, "excluded_lines": 0, "percent_statements_covered": 100.0, "percent_statements_covered_display": "100"}, "missing_lines": [], "excluded_lines": [], "start_line": 377}, "TestTestSynthesizerGeneration.test_response_type_empty_for_204": {"executed_lines": [390, 391, 392, 393], "summary": {"covered_lines": 4, "num_statements": 4, "percent_covered": 100.0, "percent_covered_display": "100", "missing_lines": 0, "excluded_lines": 0, "percent_statements_covered": 100.0, "percent_statements_covered_display": "100"}, "missing_lines": [], "excluded_lines": [], "start_line": 389}, "TestTestSynthesizerGeneration.test_generate_assertions_covers_every_test_case": {"executed_lines": [396, 397, 398, 399], "summary": {"covered_lines": 4, "num_statements": 4, "percent_covered": 100.0, "percent_covered_display": "100", "missing_lines": 0, "excluded_lines": 0, "percent_statements_covered": 100.0, "percent_statements_covered_display": "100"}, "missing_lines": [], "excluded_lines": [], "start_line": 395}, "TestTestSynthesizerLiveResourceCreation.test_uses_create_resource_callback_for_shared_ids": {"executed_lines": [404, 406, 410, 411, 412, 413, 414, 415], "summary": {"covered_lines": 8, "num_statements": 8, "percent_covered": 100.0, "percent_covered_display": "100", "missing_lines": 0, "excluded_lines": 0, "percent_statements_covered": 100.0, "percent_statements_covered_display": "100"}, "missing_lines": [], "excluded_lines": [], "start_line": 403}, "TestTestSynthesizerLiveResourceCreation.test_uses_create_resource_callback_for_shared_ids.fake_create": {"executed_lines": [407, 408], "summary": {"covered_lines": 2, "num_statements": 2, "percent_covered": 100.0, "percent_covered_display": "100", "missing_lines": 0, "excluded_lines": 0, "percent_statements_covered": 100.0, "percent_statements_covered_display": "100"}, "missing_lines": [], "excluded_lines": [], "start_line": 406}, "TestTestSynthesizerLiveResourceCreation.test_falls_back_to_placeholder_when_create_resource_returns_none": {"executed_lines": [418, 419, 420, 421, 423], "summary": {"covered_lines": 5, "num_statements": 5, "percent_covered": 100.0, "percent_covered_display": "100", "missing_lines": 0, "excluded_lines": 0, "percent_statements_covered": 100.0, "percent_statements_covered_display": "100"}, "missing_lines": [], "excluded_lines": [], "start_line": 417}, "TestTestSynthesizerLiveResourceCreation.test_placeholder_uses_integer_default_when_schema_says_integer": {"executed_lines": [426, 434, 435, 436, 437, 438], "summary": {"covered_lines": 6, "num_statements": 6, "percent_covered": 100.0, "percent_covered_display": "100", "missing_lines": 0, "excluded_lines": 0, "percent_statements_covered": 100.0, "percent_statements_covered_display": "100"}, "missing_lines": [], "excluded_lines": [], "start_line": 425}, "TestTestSynthesizerLiveResourceCreation.test_body_field_reuses_shared_id_by_naming_convention": {"executed_lines": [445, 452, 453, 454, 455, 456], "summary": {"covered_lines": 6, "num_statements": 6, "percent_covered": 100.0, "percent_covered_display": "100", "missing_lines": 0, "excluded_lines": 0, "percent_statements_covered": 100.0, "percent_statements_covered_display": "100"}, "missing_lines": [], "excluded_lines": [], "start_line": 440}, "": {"executed_lines": [11, 13, 14, 27, 30, 54, 55, 58, 61, 64, 68, 69, 78, 81, 88, 95, 99, 103, 109, 119, 120, 131, 136, 146, 160, 161, 173, 180, 190, 200, 212, 248, 256, 257, 260, 263, 267, 270, 275, 278, 283, 289, 293, 297, 301, 305, 309, 313, 318, 319, 320, 323, 327, 332, 341, 347, 352, 357, 363, 369, 377, 389, 395, 402, 403, 417, 425, 440], "summary": {"covered_lines": 68, "num_statements": 68, "percent_covered": 100.0, "percent_covered_display": "100", "missing_lines": 0, "excluded_lines": 0, "percent_statements_covered": 100.0, "percent_statements_covered_display": "100"}, "missing_lines": [], "excluded_lines": [], "start_line": 1}}, "classes": {"TestPathHelpers": {"executed_lines": [56, 59, 62, 65], "summary": {"covered_lines": 4, "num_statements": 4, "percent_covered": 100.0, "percent_covered_display": "100", "missing_lines": 0, "excluded_lines": 0, "percent_statements_covered": 100.0, "percent_statements_covered_display": "100"}, "missing_lines": [], "excluded_lines": [], "start_line": 54}, "TestStatusHelpers": {"executed_lines": [70, 75, 76, 79, 82, 86, 89, 93, 96, 97, 100, 101, 104, 107, 110, 111, 112], "summary": {"covered_lines": 17, "num_statements": 17, "percent_covered": 100.0, "percent_covered_display": "100", "missing_lines": 0, "excluded_lines": 0, "percent_statements_covered": 100.0, "percent_statements_covered_display": "100"}, "missing_lines": [], "excluded_lines": [], "start_line": 68}, "TestResourceDiscovery": {"executed_lines": [121, 126, 127, 128, 129, 132, 133, 134, 137, 143, 144, 147, 152, 153], "summary": {"covered_lines": 14, "num_statements": 14, "percent_covered": 100.0, "percent_covered_display": "100", "missing_lines": 0, "excluded_lines": 0, "percent_statements_covered": 100.0, "percent_statements_covered_display": "100"}, "missing_lines": [], "excluded_lines": [], "start_line": 119}, "TestAssertionSynthesizer": {"executed_lines": [162, 166, 167, 168, 169, 170, 171, 174, 175, 176, 177, 178, 181, 184, 186, 187, 188, 191, 192, 193], "summary": {"covered_lines": 20, "num_statements": 20, "percent_covered": 100.0, "percent_covered_display": "100", "missing_lines": 0, "excluded_lines": 0, "percent_statements_covered": 100.0, "percent_statements_covered_display": "100"}, "missing_lines": [], "excluded_lines": [], "start_line": 160}, "TestTestSynthesizerSampleGeneration": {"executed_lines": [258, 261, 264, 265, 268, 271, 272, 273, 276, 279, 280, 281, 284, 287, 290, 291, 294, 295, 298, 299, 302, 303, 306, 307, 310, 311, 314, 315], "summary": {"covered_lines": 28, "num_statements": 28, "percent_covered": 100.0, "percent_covered_display": "100", "missing_lines": 0, "excluded_lines": 0, "percent_statements_covered": 100.0, "percent_statements_covered_display": "100"}, "missing_lines": [], "excluded_lines": [], "start_line": 256}, "TestTestSynthesizerGeneration": {"executed_lines": [321, 324, 325, 328, 329, 330, 333, 334, 335, 336, 337, 338, 339, 342, 343, 344, 345, 348, 349, 350, 353, 354, 355, 358, 359, 360, 361, 364, 365, 366, 367, 370, 371, 372, 375, 378, 385, 386, 387, 390, 391, 392, 393, 396, 397, 398, 399], "summary": {"covered_lines": 47, "num_statements": 47, "percent_covered": 100.0, "percent_covered_display": "100", "missing_lines": 0, "excluded_lines": 0, "percent_statements_covered": 100.0, "percent_statements_covered_display": "100"}, "missing_lines": [], "excluded_lines": [], "start_line": 318}, "TestTestSynthesizerLiveResourceCreation": {"executed_lines": [404, 406, 407, 408, 410, 411, 412, 413, 414, 415, 418, 419, 420, 421, 423, 426, 434, 435, 436, 437, 438, 445, 452, 453, 454, 455, 456], "summary": {"covered_lines": 27, "num_statements": 27, "percent_covered": 100.0, "percent_covered_display": "100", "missing_lines": 0, "excluded_lines": 0, "percent_statements_covered": 100.0, "percent_statements_covered_display": "100"}, "missing_lines": [], "excluded_lines": [], "start_line": 402}, "": {"executed_lines": [11, 13, 14, 27, 30, 38, 54, 55, 58, 61, 64, 68, 69, 78, 81, 88, 95, 99, 103, 109, 119, 120, 131, 136, 146, 160, 161, 173, 180, 190, 200, 212, 213, 248, 249, 256, 257, 260, 263, 267, 270, 275, 278, 283, 289, 293, 297, 301, 305, 309, 313, 318, 319, 320, 323, 327, 332, 341, 347, 352, 357, 363, 369, 377, 389, 395, 402, 403, 417, 425, 440], "summary": {"covered_lines": 71, "num_statements": 71, "percent_covered": 100.0, "percent_covered_display": "100", "missing_lines": 0, "excluded_lines": 0, "percent_statements_covered": 100.0, "percent_statements_covered_display": "100"}, "missing_lines": [], "excluded_lines": [], "start_line": 1}}}, "validators\\__init__.py": {"executed_lines": [], "summary": {"covered_lines": 0, "num_statements": 0, "percent_covered": 100.0, "percent_covered_display": "100", "missing_lines": 0, "excluded_lines": 0, "percent_statements_covered": 100.0, "percent_statements_covered_display": "100"}, "missing_lines": [], "excluded_lines": [], "functions": {"": {"executed_lines": [], "summary": {"covered_lines": 0, "num_statements": 0, "percent_covered": 100.0, "percent_covered_display": "100", "missing_lines": 0, "excluded_lines": 0, "percent_statements_covered": 100.0, "percent_statements_covered_display": "100"}, "missing_lines": [], "excluded_lines": [], "start_line": 1}}, "classes": {"": {"executed_lines": [], "summary": {"covered_lines": 0, "num_statements": 0, "percent_covered": 100.0, "percent_covered_display": "100", "missing_lines": 0, "excluded_lines": 0, "percent_statements_covered": 100.0, "percent_statements_covered_display": "100"}, "missing_lines": [], "excluded_lines": [], "start_line": 1}}}, "validators\\contract_validator.py": {"executed_lines": [7, 8, 9, 10, 11, 12, 13, 14, 17, 20, 21, 22, 23, 25, 28, 29, 30, 31, 35, 48, 49, 51, 52, 53, 68, 70, 72, 73, 75, 80, 89, 90, 92, 94, 96, 106, 107, 108, 109, 111, 113, 115, 116, 117, 118, 122, 125, 127, 129, 130, 133, 134, 135, 137, 142, 149, 150, 156, 168, 171, 172, 173, 175, 182, 183, 184, 185, 186, 187, 188, 189, 190, 191, 192, 194, 195, 197, 198, 199, 201, 202, 203, 204, 206, 208, 210, 239, 240, 241, 242, 244, 246, 256, 258, 259, 261, 262, 266, 273, 275, 277, 287, 288, 289, 290, 293, 296, 297, 298, 299, 300, 302, 304, 306, 308, 318, 319, 322, 323, 326, 330, 332, 334, 335, 339, 341, 345, 347, 348, 349, 350, 351, 352, 355, 356, 357, 358, 361, 362, 363, 364, 365, 366, 367, 373, 374, 379, 381, 382, 384, 392, 393, 394, 395], "summary": {"covered_lines": 154, "num_statements": 181, "percent_covered": 85.0828729281768, "percent_covered_display": "85", "missing_lines": 27, "excluded_lines": 0, "percent_statements_covered": 85.0828729281768, "percent_statements_covered_display": "85"}, "missing_lines": [32, 33, 55, 58, 59, 60, 61, 63, 64, 65, 66, 99, 120, 126, 128, 136, 138, 143, 151, 164, 165, 263, 264, 280, 331, 333, 337], "excluded_lines": [], "functions": {"SchemathesisValidator.__init__": {"executed_lines": [21, 22, 23], "summary": {"covered_lines": 3, "num_statements": 3, "percent_covered": 100.0, "percent_covered_display": "100", "missing_lines": 0, "excluded_lines": 0, "percent_statements_covered": 100.0, "percent_statements_covered_display": "100"}, "missing_lines": [], "excluded_lines": [], "start_line": 20}, "SchemathesisValidator._spec_declares_openapi_31": {"executed_lines": [28, 29, 30, 31], "summary": {"covered_lines": 4, "num_statements": 6, "percent_covered": 66.66666666666667, "percent_covered_display": "67", "missing_lines": 2, "excluded_lines": 0, "percent_statements_covered": 66.66666666666667, "percent_statements_covered_display": "67"}, "missing_lines": [32, 33], "excluded_lines": [], "start_line": 25}, "SchemathesisValidator._resolve_schemathesis_binary": {"executed_lines": [48, 49, 51, 52, 53], "summary": {"covered_lines": 5, "num_statements": 14, "percent_covered": 35.714285714285715, "percent_covered_display": "36", "missing_lines": 9, "excluded_lines": 0, "percent_statements_covered": 35.714285714285715, "percent_statements_covered_display": "36"}, "missing_lines": [55, 58, 59, 60, 61, 63, 64, 65, 66], "excluded_lines": [], "start_line": 35}, "SchemathesisValidator.run_validation": {"executed_lines": [70, 72, 73, 75, 80, 89, 90, 92, 94, 96, 106, 107, 108, 109], "summary": {"covered_lines": 14, "num_statements": 15, "percent_covered": 93.33333333333333, "percent_covered_display": "93", "missing_lines": 1, "excluded_lines": 0, "percent_statements_covered": 93.33333333333333, "percent_statements_covered_display": "93"}, "missing_lines": [99], "excluded_lines": [], "start_line": 68}, "SchemathesisValidator.validate_schema_compliance": {"executed_lines": [113, 115, 116, 117, 118, 122, 125, 127, 129, 130, 133, 134, 135, 137, 142, 149, 150, 156], "summary": {"covered_lines": 18, "num_statements": 27, "percent_covered": 66.66666666666667, "percent_covered_display": "67", "missing_lines": 9, "excluded_lines": 0, "percent_statements_covered": 66.66666666666667, "percent_statements_covered_display": "67"}, "missing_lines": [120, 126, 128, 136, 138, 143, 151, 164, 165], "excluded_lines": [], "start_line": 111}, "DreddValidator.__init__": {"executed_lines": [172, 173], "summary": {"covered_lines": 2, "num_statements": 2, "percent_covered": 100.0, "percent_covered_display": "100", "missing_lines": 0, "excluded_lines": 0, "percent_statements_covered": 100.0, "percent_statements_covered_display": "100"}, "missing_lines": [], "excluded_lines": [], "start_line": 171}, "DreddValidator._make_dredd_compatible_spec": {"executed_lines": [182, 194, 195, 197, 198, 199, 201, 202, 203, 204, 206], "summary": {"covered_lines": 11, "num_statements": 11, "percent_covered": 100.0, "percent_covered_display": "100", "missing_lines": 0, "excluded_lines": 0, "percent_statements_covered": 100.0, "percent_statements_covered_display": "100"}, "missing_lines": [], "excluded_lines": [], "start_line": 175}, "DreddValidator._make_dredd_compatible_spec.fix_parameters": {"executed_lines": [183, 184, 185, 186, 187, 188, 189, 190, 191, 192], "summary": {"covered_lines": 10, "num_statements": 10, "percent_covered": 100.0, "percent_covered_display": "100", "missing_lines": 0, "excluded_lines": 0, "percent_statements_covered": 100.0, "percent_statements_covered_display": "100"}, "missing_lines": [], "excluded_lines": [], "start_line": 182}, "DreddValidator.generate_dredd_config": {"executed_lines": [210, 239, 240, 241, 242, 244], "summary": {"covered_lines": 6, "num_statements": 6, "percent_covered": 100.0, "percent_covered_display": "100", "missing_lines": 0, "excluded_lines": 0, "percent_statements_covered": 100.0, "percent_statements_covered_display": "100"}, "missing_lines": [], "excluded_lines": [], "start_line": 208}, "DreddValidator.run_validation": {"executed_lines": [256, 258, 259, 261, 262, 266, 273, 275, 277, 287, 288, 289, 290], "summary": {"covered_lines": 13, "num_statements": 16, "percent_covered": 81.25, "percent_covered_display": "81", "missing_lines": 3, "excluded_lines": 0, "percent_statements_covered": 81.25, "percent_statements_covered_display": "81"}, "missing_lines": [263, 264, 280], "excluded_lines": [], "start_line": 246}, "ContractValidator.__init__": {"executed_lines": [297, 298, 299, 300], "summary": {"covered_lines": 4, "num_statements": 4, "percent_covered": 100.0, "percent_covered_display": "100", "missing_lines": 0, "excluded_lines": 0, "percent_statements_covered": 100.0, "percent_statements_covered_display": "100"}, "missing_lines": [], "excluded_lines": [], "start_line": 296}, "ContractValidator.validate_spec_only": {"executed_lines": [304], "summary": {"covered_lines": 1, "num_statements": 1, "percent_covered": 100.0, "percent_covered_display": "100", "missing_lines": 0, "excluded_lines": 0, "percent_statements_covered": 100.0, "percent_statements_covered_display": "100"}, "missing_lines": [], "excluded_lines": [], "start_line": 302}, "ContractValidator.run_live_validation": {"executed_lines": [308, 318, 319, 322, 323, 326, 330, 332, 334, 335, 339], "summary": {"covered_lines": 11, "num_statements": 14, "percent_covered": 78.57142857142857, "percent_covered_display": "79", "missing_lines": 3, "excluded_lines": 0, "percent_statements_covered": 78.57142857142857, "percent_statements_covered_display": "79"}, "missing_lines": [331, 333, 337], "excluded_lines": [], "start_line": 306}, "ContractValidator.validate_response_against_schema": {"executed_lines": [345, 347, 348, 349, 350, 351, 352, 355, 356, 357, 358, 361, 362, 363, 364, 365, 366, 367, 373, 374, 379], "summary": {"covered_lines": 21, "num_statements": 21, "percent_covered": 100.0, "percent_covered_display": "100", "missing_lines": 0, "excluded_lines": 0, "percent_statements_covered": 100.0, "percent_statements_covered_display": "100"}, "missing_lines": [], "excluded_lines": [], "start_line": 341}, "ContractValidator._type_matches": {"executed_lines": [384, 392, 393, 394, 395], "summary": {"covered_lines": 5, "num_statements": 5, "percent_covered": 100.0, "percent_covered_display": "100", "missing_lines": 0, "excluded_lines": 0, "percent_statements_covered": 100.0, "percent_statements_covered_display": "100"}, "missing_lines": [], "excluded_lines": [], "start_line": 382}, "": {"executed_lines": [7, 8, 9, 10, 11, 12, 13, 14, 17, 20, 25, 35, 68, 111, 168, 171, 175, 208, 246, 293, 296, 302, 306, 341, 381, 382], "summary": {"covered_lines": 26, "num_statements": 26, "percent_covered": 100.0, "percent_covered_display": "100", "missing_lines": 0, "excluded_lines": 0, "percent_statements_covered": 100.0, "percent_statements_covered_display": "100"}, "missing_lines": [], "excluded_lines": [], "start_line": 1}}, "classes": {"SchemathesisValidator": {"executed_lines": [21, 22, 23, 28, 29, 30, 31, 48, 49, 51, 52, 53, 70, 72, 73, 75, 80, 89, 90, 92, 94, 96, 106, 107, 108, 109, 113, 115, 116, 117, 118, 122, 125, 127, 129, 130, 133, 134, 135, 137, 142, 149, 150, 156], "summary": {"covered_lines": 44, "num_statements": 65, "percent_covered": 67.6923076923077, "percent_covered_display": "68", "missing_lines": 21, "excluded_lines": 0, "percent_statements_covered": 67.6923076923077, "percent_statements_covered_display": "68"}, "missing_lines": [32, 33, 55, 58, 59, 60, 61, 63, 64, 65, 66, 99, 120, 126, 128, 136, 138, 143, 151, 164, 165], "excluded_lines": [], "start_line": 17}, "DreddValidator": {"executed_lines": [172, 173, 182, 183, 184, 185, 186, 187, 188, 189, 190, 191, 192, 194, 195, 197, 198, 199, 201, 202, 203, 204, 206, 210, 239, 240, 241, 242, 244, 256, 258, 259, 261, 262, 266, 273, 275, 277, 287, 288, 289, 290], "summary": {"covered_lines": 42, "num_statements": 45, "percent_covered": 93.33333333333333, "percent_covered_display": "93", "missing_lines": 3, "excluded_lines": 0, "percent_statements_covered": 93.33333333333333, "percent_statements_covered_display": "93"}, "missing_lines": [263, 264, 280], "excluded_lines": [], "start_line": 168}, "ContractValidator": {"executed_lines": [297, 298, 299, 300, 304, 308, 318, 319, 322, 323, 326, 330, 332, 334, 335, 339, 345, 347, 348, 349, 350, 351, 352, 355, 356, 357, 358, 361, 362, 363, 364, 365, 366, 367, 373, 374, 379, 384, 392, 393, 394, 395], "summary": {"covered_lines": 42, "num_statements": 45, "percent_covered": 93.33333333333333, "percent_covered_display": "93", "missing_lines": 3, "excluded_lines": 0, "percent_statements_covered": 93.33333333333333, "percent_statements_covered_display": "93"}, "missing_lines": [331, 333, 337], "excluded_lines": [], "start_line": 293}, "": {"executed_lines": [7, 8, 9, 10, 11, 12, 13, 14, 17, 20, 25, 35, 68, 111, 168, 171, 175, 208, 246, 293, 296, 302, 306, 341, 381, 382], "summary": {"covered_lines": 26, "num_statements": 26, "percent_covered": 100.0, "percent_covered_display": "100", "missing_lines": 0, "excluded_lines": 0, "percent_statements_covered": 100.0, "percent_statements_covered_display": "100"}, "missing_lines": [], "excluded_lines": [], "start_line": 1}}}}, "totals": {"covered_lines": 3366, "num_statements": 3479, "percent_covered": 96.7519402127048, "percent_covered_display": "97", "missing_lines": 113, "excluded_lines": 0, "percent_statements_covered": 96.7519402127048, "percent_statements_covered_display": "97"}}